TN:
SF:C:\Users\Admin\My projects\ProjectManager\my-projectmanager\src\polyfills.ts
FNF:0
FNH:0
LF:0
LH:0
BRF:0
BRH:0
end_of_record
TN:
SF:C:\Users\Admin\My projects\ProjectManager\my-projectmanager\src\test.ts
FNF:0
FNH:0
DA:13,1
DA:18,1
DA:20,1
LF:3
LH:3
BRF:0
BRH:0
end_of_record
TN:
SF:C:\Users\Admin\My projects\ProjectManager\my-projectmanager\src\app\app.component.ts
FN:17,AppComponent
FNF:1
FNH:1
FNDA:2,AppComponent
DA:15,1
DA:16,2
DA:17,2
DA:21,1
LF:4
LH:4
BRF:0
BRH:0
end_of_record
TN:
SF:C:\Users\Admin\My projects\ProjectManager\my-projectmanager\src\app\Pipes\search-project.pipe.ts
FN:6,SearchProjectPipe
FN:8,(anonymous_2)
FN:11,(anonymous_3)
FNF:3
FNH:3
FNDA:2,SearchProjectPipe
FNDA:1,(anonymous_2)
FNDA:2,(anonymous_3)
DA:6,1
DA:8,1
DA:10,1
DA:11,1
DA:18,1
DA:20,1
DA:25,1
LF:7
LH:7
BRDA:9,0,0,1
BRDA:9,0,1,1
BRDA:12,1,0,2
BRDA:12,1,1,2
BRDA:12,1,2,1
BRDA:12,1,3,1
BRDA:12,1,4,1
BRF:7
BRH:7
end_of_record
TN:
SF:C:\Users\Admin\My projects\ProjectManager\my-projectmanager\src\app\Pipes\search-task.pipe.ts
FN:12,SearchTaskPipe
FN:13,(anonymous_2)
FN:17,(anonymous_3)
FNF:3
FNH:3
FNDA:7,SearchTaskPipe
FNDA:6,(anonymous_2)
FNDA:12,(anonymous_3)
DA:7,1
DA:12,7
DA:13,6
DA:17,6
DA:18,12
DA:19,12
DA:20,12
DA:21,12
DA:23,0
DA:26,1
DA:29,1
DA:32,0
DA:35,1
DA:38,1
DA:43,8
DA:49,0
DA:52,1
LF:17
LH:14
BRDA:16,0,0,6
BRDA:16,0,1,6
BRDA:22,1,0,12
BRDA:22,1,1,12
BRDA:25,2,0,12
BRDA:25,2,1,2
BRDA:28,3,0,11
BRDA:28,3,1,2
BRDA:31,4,0,10
BRDA:31,4,1,2
BRDA:34,5,0,10
BRDA:34,5,1,2
BRDA:37,6,0,9
BRDA:37,6,1,2
BRF:14
BRH:14
end_of_record
TN:
SF:C:\Users\Admin\My projects\ProjectManager\my-projectmanager\src\app\Pipes\search-user.pipe.ts
FN:6,SearchUserPipe
FN:8,(anonymous_2)
FN:11,(anonymous_3)
FNF:3
FNH:3
FNDA:9,SearchUserPipe
FNDA:12,(anonymous_2)
FNDA:10,(anonymous_3)
DA:6,1
DA:8,1
DA:10,5
DA:11,5
DA:17,1
DA:19,9
DA:24,1
LF:7
LH:7
BRDA:9,0,0,12
BRDA:9,0,1,5
BRDA:12,1,0,10
BRDA:12,1,1,2
BRDA:12,1,2,1
BRDA:12,1,3,1
BRF:6
BRH:6
end_of_record
TN:
SF:C:\Users\Admin\My projects\ProjectManager\my-projectmanager\src\app\add-project\add-project.component.ts
FN:39,AddProjectComponent
FN:41,(anonymous_2)
FN:46,(anonymous_3)
FN:51,(anonymous_4)
FN:63,(anonymous_5)
FN:66,(anonymous_6)
FN:71,(anonymous_7)
FN:88,(anonymous_8)
FN:90,(anonymous_9)
FN:99,(anonymous_10)
FN:116,(anonymous_11)
FN:125,(anonymous_12)
FN:127,(anonymous_13)
FN:130,(anonymous_14)
FN:137,(anonymous_15)
FN:144,(anonymous_16)
FN:147,(anonymous_17)
FN:153,(anonymous_18)
FN:155,(anonymous_19)
FN:164,(anonymous_20)
FN:166,(anonymous_21)
FNF:21
FNH:12
FNDA:10,AddProjectComponent
FNDA:10,(anonymous_2)
FNDA:1,(anonymous_3)
FNDA:0,(anonymous_4)
FNDA:11,(anonymous_5)
FNDA:11,(anonymous_6)
FNDA:10,(anonymous_7)
FNDA:0,(anonymous_8)
FNDA:0,(anonymous_9)
FNDA:1,(anonymous_10)
FNDA:0,(anonymous_11)
FNDA:0,(anonymous_12)
FNDA:0,(anonymous_13)
FNDA:0,(anonymous_14)
FNDA:3,(anonymous_15)
FNDA:11,(anonymous_16)
FNDA:11,(anonymous_17)
FNDA:0,(anonymous_18)
FNDA:0,(anonymous_19)
FNDA:1,(anonymous_20)
FNDA:1,(anonymous_21)
DA:14,1
DA:16,10
DA:18,10
DA:19,10
DA:20,10
DA:21,10
DA:24,10
DA:26,10
DA:30,10
DA:31,10
DA:33,10
DA:39,10
DA:41,1
DA:42,10
DA:43,10
DA:46,1
DA:47,1
DA:51,1
DA:52,0
DA:54,0
DA:55,0
DA:56,0
DA:57,0
DA:63,11
DA:64,11
DA:67,11
DA:71,1
DA:72,10
DA:82,10
DA:88,1
DA:89,0
DA:92,0
DA:93,0
DA:99,1
DA:101,1
DA:102,1
DA:103,1
DA:104,1
DA:105,1
DA:108,1
DA:112,0
DA:115,1
DA:117,0
DA:118,0
DA:119,0
DA:122,1
DA:125,1
DA:126,0
DA:128,0
DA:131,0
DA:132,0
DA:137,1
DA:139,1
DA:141,2
DA:144,11
DA:145,11
DA:148,11
DA:153,1
DA:154,0
DA:157,0
DA:158,0
DA:164,1
DA:165,1
DA:167,1
DA:172,1
LF:65
LH:46
BRDA:107,0,0,1
BRDA:107,0,1,0
BRF:2
BRH:1
end_of_record
TN:
SF:C:\Users\Admin\My projects\ProjectManager\my-projectmanager\src\app\add-task\add-task.component.ts
FN:51,AddTaskComponent
FN:54,(anonymous_2)
FN:74,(anonymous_3)
FN:78,(anonymous_4)
FN:82,(anonymous_5)
FN:86,(anonymous_6)
FN:88,(anonymous_7)
FN:93,(anonymous_8)
FN:95,(anonymous_9)
FN:101,(anonymous_10)
FN:104,(anonymous_11)
FN:109,(anonymous_12)
FN:116,(anonymous_13)
FN:123,(anonymous_14)
FN:125,(anonymous_15)
FN:133,(anonymous_16)
FN:140,(anonymous_17)
FNF:17
FNH:12
FNDA:12,AddTaskComponent
FNDA:12,(anonymous_2)
FNDA:0,(anonymous_3)
FNDA:1,(anonymous_4)
FNDA:1,(anonymous_5)
FNDA:13,(anonymous_6)
FNDA:13,(anonymous_7)
FNDA:13,(anonymous_8)
FNDA:13,(anonymous_9)
FNDA:13,(anonymous_10)
FNDA:13,(anonymous_11)
FNDA:0,(anonymous_12)
FNDA:3,(anonymous_13)
FNDA:0,(anonymous_14)
FNDA:0,(anonymous_15)
FNDA:0,(anonymous_16)
FNDA:12,(anonymous_17)
DA:15,1
DA:21,12
DA:22,12
DA:23,12
DA:24,12
DA:35,12
DA:44,12
DA:51,12
DA:54,1
DA:55,12
DA:64,12
DA:68,12
DA:74,1
DA:75,0
DA:78,1
DA:79,1
DA:82,1
DA:83,1
DA:86,13
DA:87,13
DA:89,13
DA:93,13
DA:94,13
DA:96,13
DA:101,13
DA:102,13
DA:105,13
DA:109,1
DA:110,0
DA:111,0
DA:113,0
DA:116,1
DA:118,1
DA:120,2
DA:123,1
DA:124,0
DA:126,0
DA:127,0
DA:133,1
DA:134,0
DA:140,1
DA:141,12
DA:142,12
DA:143,12
DA:145,1
LF:45
LH:37
BRDA:110,0,0,0
BRDA:110,0,1,0
BRDA:110,1,0,0
BRDA:110,1,1,0
BRDA:126,2,0,0
BRDA:126,2,1,0
BRF:6
BRH:0
end_of_record
TN:
SF:C:\Users\Admin\My projects\ProjectManager\my-projectmanager\src\app\add-user\add-user.component.ts
FN:14,AddUserComponent
FN:24,(anonymous_2)
FN:28,(anonymous_3)
FN:31,(anonymous_4)
FN:35,(anonymous_5)
FN:47,(anonymous_6)
FN:49,(anonymous_7)
FN:56,(anonymous_8)
FN:58,(anonymous_9)
FN:69,(anonymous_10)
FN:71,(anonymous_11)
FN:74,(anonymous_12)
FN:83,(anonymous_13)
FN:91,(anonymous_14)
FN:93,(anonymous_15)
FN:96,(anonymous_16)
FNF:16
FNH:8
FNDA:7,AddUserComponent
FNDA:7,(anonymous_2)
FNDA:8,(anonymous_3)
FNDA:8,(anonymous_4)
FNDA:7,(anonymous_5)
FNDA:3,(anonymous_6)
FNDA:3,(anonymous_7)
FNDA:0,(anonymous_8)
FNDA:0,(anonymous_9)
FNDA:0,(anonymous_10)
FNDA:0,(anonymous_11)
FNDA:0,(anonymous_12)
FNDA:1,(anonymous_13)
FNDA:0,(anonymous_14)
FNDA:0,(anonymous_15)
FNDA:0,(anonymous_16)
DA:12,1
DA:14,7
DA:17,7
DA:18,7
DA:19,7
DA:20,7
DA:21,7
DA:22,7
DA:24,1
DA:25,7
DA:28,8
DA:29,8
DA:32,8
DA:35,1
DA:36,7
DA:47,3
DA:48,3
DA:50,3
DA:56,1
DA:57,0
DA:60,0
DA:61,0
DA:69,1
DA:71,0
DA:72,0
DA:75,0
DA:77,0
DA:83,1
DA:84,1
DA:85,1
DA:86,1
DA:87,1
DA:88,1
DA:91,1
DA:93,0
DA:94,0
DA:97,0
DA:98,0
DA:105,1
LF:39
LH:28
BRF:0
BRH:0
end_of_record
TN:
SF:C:\Users\Admin\My projects\ProjectManager\my-projectmanager\src\app\home\home.component.ts
FN:10,HomeComponent
FN:12,(anonymous_2)
FNF:2
FNH:2
FNDA:2,HomeComponent
FNDA:2,(anonymous_2)
DA:8,1
DA:9,2
DA:12,1
DA:15,1
LF:4
LH:4
BRF:0
BRH:0
end_of_record
TN:
SF:C:\Users\Admin\My projects\ProjectManager\my-projectmanager\src\app\mockdata\Projects.mock.ts
FNF:0
FNH:0
LF:0
LH:0
BRF:0
BRH:0
end_of_record
TN:
SF:C:\Users\Admin\My projects\ProjectManager\my-projectmanager\src\app\mockdata\Tasks.mock.ts
FNF:0
FNH:0
LF:0
LH:0
BRF:0
BRH:0
end_of_record
TN:
SF:C:\Users\Admin\My projects\ProjectManager\my-projectmanager\src\app\mockdata\Users.mock.ts
FNF:0
FNH:0
LF:0
LH:0
BRF:0
BRH:0
end_of_record
TN:
SF:C:\Users\Admin\My projects\ProjectManager\my-projectmanager\src\app\pipes\search-project.pipe.ts
FN:6,SearchProjectPipe
FN:8,(anonymous_2)
FN:11,(anonymous_3)
FNF:3
FNH:3
FNDA:22,SearchProjectPipe
FNDA:25,(anonymous_2)
FNDA:6,(anonymous_3)
DA:6,1
DA:8,1
DA:10,3
DA:11,3
DA:18,0
DA:20,6
DA:25,1
LF:7
LH:6
BRDA:9,0,0,25
BRDA:9,0,1,3
BRDA:12,1,0,6
BRDA:12,1,1,0
BRDA:12,1,2,0
BRDA:12,1,3,0
BRDA:12,1,4,0
BRF:7
BRH:3
end_of_record
TN:
SF:C:\Users\Admin\My projects\ProjectManager\my-projectmanager\src\app\pipes\search-task.pipe.ts
FN:12,SearchTaskPipe
FN:13,(anonymous_2)
FN:17,(anonymous_3)
FNF:3
FNH:3
FNDA:6,SearchTaskPipe
FNDA:8,(anonymous_2)
FNDA:4,(anonymous_3)
DA:7,1
DA:12,6
DA:13,8
DA:17,2
DA:18,4
DA:19,4
DA:20,4
DA:21,4
DA:23,0
DA:26,0
DA:29,0
DA:32,0
DA:35,0
DA:38,0
DA:43,4
DA:49,6
DA:52,1
LF:17
LH:11
BRDA:16,0,0,8
BRDA:16,0,1,2
BRDA:22,1,0,4
BRDA:22,1,1,0
BRDA:25,2,0,4
BRDA:25,2,1,0
BRDA:28,3,0,4
BRDA:28,3,1,0
BRDA:31,4,0,4
BRDA:31,4,1,0
BRDA:34,5,0,4
BRDA:34,5,1,0
BRDA:37,6,0,4
BRDA:37,6,1,0
BRF:14
BRH:8
end_of_record
TN:
SF:C:\Users\Admin\My projects\ProjectManager\my-projectmanager\src\app\pipes\search-user.pipe.ts
FN:6,SearchUserPipe
FN:8,(anonymous_2)
FN:11,(anonymous_3)
FNF:3
FNH:3
FNDA:22,SearchUserPipe
FNDA:24,(anonymous_2)
FNDA:4,(anonymous_3)
DA:6,1
DA:8,1
DA:10,2
DA:11,2
DA:17,0
DA:19,4
DA:24,1
LF:7
LH:6
BRDA:9,0,0,24
BRDA:9,0,1,2
BRDA:12,1,0,4
BRDA:12,1,1,0
BRDA:12,1,2,0
BRDA:12,1,3,0
BRF:6
BRH:3
end_of_record
TN:
SF:C:\Users\Admin\My projects\ProjectManager\my-projectmanager\src\app\services\project.service.ts
FN:13,ProjectService
FN:17,(anonymous_2)
FN:25,(anonymous_3)
FN:39,(anonymous_4)
FN:46,(anonymous_5)
FN:58,(anonymous_6)
FNF:6
FNH:2
FNDA:28,ProjectService
FNDA:28,(anonymous_2)
FNDA:0,(anonymous_3)
FNDA:0,(anonymous_4)
FNDA:0,(anonymous_5)
FNDA:0,(anonymous_6)
DA:11,1
DA:12,28
DA:13,28
DA:17,1
DA:18,28
DA:25,1
DA:36,0
DA:39,1
DA:40,0
DA:46,1
DA:51,0
DA:58,1
DA:67,0
DA:73,1
LF:14
LH:10
BRF:0
BRH:0
end_of_record
TN:
SF:C:\Users\Admin\My projects\ProjectManager\my-projectmanager\src\app\services\task.service.ts
FN:13,TaskService
FN:16,(anonymous_2)
FN:33,(anonymous_3)
FN:40,(anonymous_4)
FN:47,(anonymous_5)
FN:54,(anonymous_6)
FN:64,(anonymous_7)
FN:70,(anonymous_8)
FN:77,(anonymous_9)
FN:94,(anonymous_10)
FNF:10
FNH:4
FNDA:26,TaskService
FNDA:0,(anonymous_2)
FNDA:21,(anonymous_3)
FNDA:3,(anonymous_4)
FNDA:0,(anonymous_5)
FNDA:0,(anonymous_6)
FNDA:0,(anonymous_7)
FNDA:1,(anonymous_8)
FNDA:0,(anonymous_9)
FNDA:0,(anonymous_10)
DA:11,1
DA:12,26
DA:13,26
DA:16,1
DA:28,0
DA:33,1
DA:34,21
DA:40,1
DA:41,3
DA:47,1
DA:48,0
DA:54,1
DA:59,0
DA:64,1
DA:65,0
DA:70,1
DA:71,1
DA:77,1
DA:86,0
DA:94,1
DA:95,0
DA:99,1
LF:22
LH:16
BRF:0
BRH:0
end_of_record
TN:
SF:C:\Users\Admin\My projects\ProjectManager\my-projectmanager\src\app\services\user.service.ts
FN:13,UserService
FN:16,(anonymous_2)
FN:28,(anonymous_3)
FN:35,(anonymous_4)
FN:42,(anonymous_5)
FN:49,(anonymous_6)
FN:57,(anonymous_7)
FNF:7
FNH:6
FNDA:34,UserService
FNDA:0,(anonymous_2)
FNDA:30,(anonymous_3)
FNDA:1,(anonymous_4)
FNDA:2,(anonymous_5)
FNDA:1,(anonymous_6)
FNDA:1,(anonymous_7)
DA:11,1
DA:12,34
DA:13,34
DA:16,1
DA:23,0
DA:28,1
DA:29,30
DA:35,1
DA:36,1
DA:42,1
DA:43,2
DA:49,1
DA:50,1
DA:57,1
DA:64,1
DA:77,1
LF:16
LH:15
BRF:0
BRH:0
end_of_record
TN:
SF:C:\Users\Admin\My projects\ProjectManager\my-projectmanager\src\app\update-task\update-task.component.ts
FN:20,UpdateTaskComponent
FN:23,(anonymous_2)
FN:33,(anonymous_3)
FN:37,(anonymous_4)
FN:45,(anonymous_5)
FN:46,(anonymous_6)
FN:48,(anonymous_7)
FN:57,(anonymous_8)
FN:65,(anonymous_9)
FN:66,(anonymous_10)
FN:67,(anonymous_11)
FN:75,(anonymous_12)
FNF:12
FNH:6
FNDA:3,UpdateTaskComponent
FNDA:3,(anonymous_2)
FNDA:0,(anonymous_3)
FNDA:1,(anonymous_4)
FNDA:0,(anonymous_5)
FNDA:0,(anonymous_6)
FNDA:0,(anonymous_7)
FNDA:0,(anonymous_8)
FNDA:3,(anonymous_9)
FNDA:3,(anonymous_10)
FNDA:0,(anonymous_11)
FNDA:3,(anonymous_12)
DA:12,1
DA:14,3
DA:15,3
DA:17,3
DA:19,3
DA:20,3
DA:23,1
DA:24,3
DA:33,1
DA:34,0
DA:37,1
DA:38,1
DA:39,1
DA:41,0
DA:45,1
DA:46,0
DA:47,0
DA:49,0
DA:50,0
DA:57,1
DA:59,0
DA:61,0
DA:65,3
DA:66,3
DA:67,3
DA:68,0
DA:73,3
DA:76,3
DA:80,1
LF:29
LH:20
BRDA:38,0,0,1
BRDA:38,0,1,0
BRDA:38,1,0,1
BRDA:38,1,1,1
BRDA:49,2,0,0
BRDA:49,2,1,0
BRF:6
BRH:3
end_of_record
TN:
SF:C:\Users\Admin\My projects\ProjectManager\my-projectmanager\src\app\view-task\view-task.component.ts
FN:35,ViewTaskComponent
FN:38,(anonymous_2)
FN:47,(anonymous_3)
FN:49,(anonymous_4)
FN:52,(anonymous_5)
FN:61,(anonymous_6)
FN:62,(anonymous_7)
FN:66,(anonymous_8)
FN:74,(anonymous_9)
FN:80,(anonymous_10)
FN:81,(anonymous_11)
FN:87,(anonymous_12)
FN:90,(anonymous_13)
FN:95,(anonymous_14)
FN:98,(anonymous_15)
FN:103,(anonymous_16)
FN:105,(anonymous_17)
FN:110,(anonymous_18)
FN:112,(anonymous_19)
FNF:19
FNH:10
FNDA:6,ViewTaskComponent
FNDA:6,(anonymous_2)
FNDA:0,(anonymous_3)
FNDA:0,(anonymous_4)
FNDA:0,(anonymous_5)
FNDA:0,(anonymous_6)
FNDA:0,(anonymous_7)
FNDA:0,(anonymous_8)
FNDA:6,(anonymous_9)
FNDA:0,(anonymous_10)
FNDA:0,(anonymous_11)
FNDA:7,(anonymous_12)
FNDA:6,(anonymous_13)
FNDA:1,(anonymous_14)
FNDA:0,(anonymous_15)
FNDA:7,(anonymous_16)
FNDA:6,(anonymous_17)
FNDA:1,(anonymous_18)
FNDA:1,(anonymous_19)
DA:15,1
DA:18,6
DA:19,6
DA:20,6
DA:21,6
DA:22,6
DA:27,6
DA:35,6
DA:38,1
DA:39,6
DA:47,1
DA:49,0
DA:50,0
DA:53,0
DA:55,0
DA:61,1
DA:62,0
DA:64,0
DA:67,0
DA:68,0
DA:74,1
DA:75,6
DA:76,6
DA:80,1
DA:81,0
DA:82,0
DA:87,7
DA:88,7
DA:91,6
DA:95,1
DA:96,1
DA:97,1
DA:99,0
DA:103,7
DA:104,7
DA:106,6
DA:110,1
DA:111,1
DA:113,1
DA:118,1
LF:40
LH:29
BRF:0
BRH:0
end_of_record
