TN:
SF:C:\Users\Admin\My projects\ProjectManager\my-projectmanager\src\polyfills.ts
FNF:0
FNH:0
LF:0
LH:0
BRF:0
BRH:0
end_of_record
TN:
SF:C:\Users\Admin\My projects\ProjectManager\my-projectmanager\src\test.ts
FNF:0
FNH:0
DA:13,1
DA:18,1
DA:20,1
LF:3
LH:3
BRF:0
BRH:0
end_of_record
TN:
SF:C:\Users\Admin\My projects\ProjectManager\my-projectmanager\src\app\Tasks.mock.ts
FNF:0
FNH:0
LF:0
LH:0
BRF:0
BRH:0
end_of_record
TN:
SF:C:\Users\Admin\My projects\ProjectManager\my-projectmanager\src\app\app.component.ts
FN:17,AppComponent
FNF:1
FNH:1
FNDA:2,AppComponent
DA:15,1
DA:16,2
DA:17,2
DA:21,1
LF:4
LH:4
BRF:0
BRH:0
end_of_record
TN:
SF:C:\Users\Admin\My projects\ProjectManager\my-projectmanager\src\app\Pipes\search-project.pipe.ts
FN:6,SearchProjectPipe
FN:8,(anonymous_2)
FN:11,(anonymous_3)
FNF:3
FNH:1
FNDA:1,SearchProjectPipe
FNDA:0,(anonymous_2)
FNDA:0,(anonymous_3)
DA:6,1
DA:8,1
DA:10,0
DA:11,0
DA:18,0
DA:20,0
DA:25,1
LF:7
LH:3
BRDA:9,0,0,0
BRDA:9,0,1,0
BRDA:12,1,0,0
BRDA:12,1,1,0
BRDA:12,1,2,0
BRDA:12,1,3,0
BRDA:12,1,4,0
BRF:7
BRH:0
end_of_record
TN:
SF:C:\Users\Admin\My projects\ProjectManager\my-projectmanager\src\app\Pipes\search-task.pipe.ts
FN:12,SearchTaskPipe
FN:13,(anonymous_2)
FN:17,(anonymous_3)
FNF:3
FNH:3
FNDA:7,SearchTaskPipe
FNDA:6,(anonymous_2)
FNDA:12,(anonymous_3)
DA:7,1
DA:12,7
DA:13,6
DA:17,6
DA:18,12
DA:19,12
DA:20,12
DA:21,12
DA:23,0
DA:26,1
DA:29,1
DA:32,0
DA:35,1
DA:38,1
DA:43,8
DA:49,0
DA:52,1
LF:17
LH:14
BRDA:16,0,0,6
BRDA:16,0,1,6
BRDA:22,1,0,12
BRDA:22,1,1,12
BRDA:25,2,0,12
BRDA:25,2,1,2
BRDA:28,3,0,11
BRDA:28,3,1,2
BRDA:31,4,0,10
BRDA:31,4,1,2
BRDA:34,5,0,10
BRDA:34,5,1,2
BRDA:37,6,0,9
BRDA:37,6,1,2
BRF:14
BRH:14
end_of_record
TN:
SF:C:\Users\Admin\My projects\ProjectManager\my-projectmanager\src\app\Pipes\search-user.pipe.ts
FN:6,SearchUserPipe
FN:8,(anonymous_2)
FN:11,(anonymous_3)
FNF:3
FNH:2
FNDA:2,SearchUserPipe
FNDA:1,(anonymous_2)
FNDA:0,(anonymous_3)
DA:6,1
DA:8,1
DA:10,0
DA:11,0
DA:17,0
DA:19,0
DA:24,1
LF:7
LH:3
BRDA:9,0,0,1
BRDA:9,0,1,0
BRDA:12,1,0,0
BRDA:12,1,1,0
BRDA:12,1,2,0
BRDA:12,1,3,0
BRF:6
BRH:1
end_of_record
TN:
SF:C:\Users\Admin\My projects\ProjectManager\my-projectmanager\src\app\add-project\add-project.component.ts
FN:39,AddProjectComponent
FN:41,(anonymous_2)
FN:46,(anonymous_3)
FN:50,(anonymous_4)
FN:55,(anonymous_5)
FN:67,(anonymous_6)
FN:70,(anonymous_7)
FN:75,(anonymous_8)
FN:92,(anonymous_9)
FN:94,(anonymous_10)
FN:103,(anonymous_11)
FN:120,(anonymous_12)
FN:129,(anonymous_13)
FN:131,(anonymous_14)
FN:134,(anonymous_15)
FN:141,(anonymous_16)
FN:148,(anonymous_17)
FN:151,(anonymous_18)
FN:157,(anonymous_19)
FN:159,(anonymous_20)
FN:169,(anonymous_21)
FN:171,(anonymous_22)
FNF:22
FNH:7
FNDA:1,AddProjectComponent
FNDA:1,(anonymous_2)
FNDA:0,(anonymous_3)
FNDA:0,(anonymous_4)
FNDA:0,(anonymous_5)
FNDA:1,(anonymous_6)
FNDA:1,(anonymous_7)
FNDA:1,(anonymous_8)
FNDA:0,(anonymous_9)
FNDA:0,(anonymous_10)
FNDA:0,(anonymous_11)
FNDA:0,(anonymous_12)
FNDA:0,(anonymous_13)
FNDA:0,(anonymous_14)
FNDA:0,(anonymous_15)
FNDA:0,(anonymous_16)
FNDA:1,(anonymous_17)
FNDA:1,(anonymous_18)
FNDA:0,(anonymous_19)
FNDA:0,(anonymous_20)
FNDA:0,(anonymous_21)
FNDA:0,(anonymous_22)
DA:14,1
DA:16,1
DA:18,1
DA:19,1
DA:20,1
DA:21,1
DA:24,1
DA:26,1
DA:30,1
DA:31,1
DA:33,1
DA:39,1
DA:41,1
DA:42,1
DA:43,1
DA:46,1
DA:50,1
DA:51,0
DA:55,1
DA:56,0
DA:58,0
DA:59,0
DA:60,0
DA:61,0
DA:67,1
DA:68,1
DA:71,1
DA:75,1
DA:76,1
DA:86,1
DA:92,1
DA:93,0
DA:96,0
DA:97,0
DA:103,1
DA:105,0
DA:106,0
DA:107,0
DA:108,0
DA:109,0
DA:112,0
DA:116,0
DA:119,0
DA:121,0
DA:122,0
DA:123,0
DA:126,0
DA:129,1
DA:130,0
DA:132,0
DA:135,0
DA:136,0
DA:141,1
DA:143,0
DA:145,0
DA:148,1
DA:149,1
DA:152,1
DA:157,1
DA:158,0
DA:161,0
DA:162,0
DA:169,1
DA:170,0
DA:172,0
DA:177,1
LF:66
LH:34
BRDA:111,0,0,0
BRDA:111,0,1,0
BRF:2
BRH:0
end_of_record
TN:
SF:C:\Users\Admin\My projects\ProjectManager\my-projectmanager\src\app\add-task\add-task.component.ts
FN:51,AddTaskComponent
FN:54,(anonymous_2)
FN:74,(anonymous_3)
FN:78,(anonymous_4)
FN:82,(anonymous_5)
FN:86,(anonymous_6)
FN:88,(anonymous_7)
FN:93,(anonymous_8)
FN:95,(anonymous_9)
FN:101,(anonymous_10)
FN:104,(anonymous_11)
FN:109,(anonymous_12)
FN:116,(anonymous_13)
FN:123,(anonymous_14)
FN:125,(anonymous_15)
FN:133,(anonymous_16)
FN:138,(anonymous_17)
FNF:17
FNH:10
FNDA:7,AddTaskComponent
FNDA:7,(anonymous_2)
FNDA:0,(anonymous_3)
FNDA:0,(anonymous_4)
FNDA:0,(anonymous_5)
FNDA:7,(anonymous_6)
FNDA:7,(anonymous_7)
FNDA:7,(anonymous_8)
FNDA:7,(anonymous_9)
FNDA:7,(anonymous_10)
FNDA:7,(anonymous_11)
FNDA:0,(anonymous_12)
FNDA:3,(anonymous_13)
FNDA:0,(anonymous_14)
FNDA:0,(anonymous_15)
FNDA:0,(anonymous_16)
FNDA:7,(anonymous_17)
DA:15,1
DA:21,7
DA:22,7
DA:23,7
DA:24,7
DA:35,7
DA:44,7
DA:51,7
DA:54,1
DA:55,7
DA:64,7
DA:68,7
DA:74,1
DA:75,0
DA:78,1
DA:79,0
DA:82,1
DA:83,0
DA:86,7
DA:87,7
DA:89,7
DA:93,7
DA:94,7
DA:96,7
DA:101,7
DA:102,7
DA:105,7
DA:109,1
DA:110,0
DA:111,0
DA:113,0
DA:116,1
DA:118,1
DA:120,2
DA:123,1
DA:124,0
DA:126,0
DA:127,0
DA:133,1
DA:134,0
DA:138,1
DA:139,7
DA:140,7
DA:141,7
DA:143,1
LF:45
LH:35
BRDA:110,0,0,0
BRDA:110,0,1,0
BRDA:110,1,0,0
BRDA:110,1,1,0
BRDA:126,2,0,0
BRDA:126,2,1,0
BRF:6
BRH:0
end_of_record
TN:
SF:C:\Users\Admin\My projects\ProjectManager\my-projectmanager\src\app\add-user\add-user.component.ts
FN:14,AddUserComponent
FN:24,(anonymous_2)
FN:28,(anonymous_3)
FN:31,(anonymous_4)
FN:35,(anonymous_5)
FN:47,(anonymous_6)
FN:49,(anonymous_7)
FN:56,(anonymous_8)
FN:58,(anonymous_9)
FN:70,(anonymous_10)
FN:72,(anonymous_11)
FN:75,(anonymous_12)
FN:84,(anonymous_13)
FN:92,(anonymous_14)
FN:94,(anonymous_15)
FN:97,(anonymous_16)
FNF:16
FNH:5
FNDA:1,AddUserComponent
FNDA:1,(anonymous_2)
FNDA:1,(anonymous_3)
FNDA:1,(anonymous_4)
FNDA:1,(anonymous_5)
FNDA:0,(anonymous_6)
FNDA:0,(anonymous_7)
FNDA:0,(anonymous_8)
FNDA:0,(anonymous_9)
FNDA:0,(anonymous_10)
FNDA:0,(anonymous_11)
FNDA:0,(anonymous_12)
FNDA:0,(anonymous_13)
FNDA:0,(anonymous_14)
FNDA:0,(anonymous_15)
FNDA:0,(anonymous_16)
DA:12,1
DA:14,1
DA:17,1
DA:18,1
DA:19,1
DA:20,1
DA:21,1
DA:22,1
DA:24,1
DA:25,1
DA:28,1
DA:29,1
DA:32,1
DA:35,1
DA:36,1
DA:47,1
DA:48,0
DA:50,0
DA:56,1
DA:57,0
DA:60,0
DA:61,0
DA:70,1
DA:72,0
DA:73,0
DA:76,0
DA:78,0
DA:84,1
DA:85,0
DA:86,0
DA:87,0
DA:88,0
DA:89,0
DA:92,1
DA:94,0
DA:95,0
DA:98,0
DA:99,0
DA:106,1
LF:39
LH:21
BRF:0
BRH:0
end_of_record
TN:
SF:C:\Users\Admin\My projects\ProjectManager\my-projectmanager\src\app\home\home.component.ts
FN:10,HomeComponent
FN:12,(anonymous_2)
FNF:2
FNH:2
FNDA:2,HomeComponent
FNDA:2,(anonymous_2)
DA:8,1
DA:9,2
DA:12,1
DA:15,1
LF:4
LH:4
BRF:0
BRH:0
end_of_record
TN:
SF:C:\Users\Admin\My projects\ProjectManager\my-projectmanager\src\app\pipes\search-project.pipe.ts
FN:6,SearchProjectPipe
FN:8,(anonymous_2)
FN:11,(anonymous_3)
FNF:3
FNH:2
FNDA:8,SearchProjectPipe
FNDA:8,(anonymous_2)
FNDA:0,(anonymous_3)
DA:6,1
DA:8,1
DA:10,0
DA:11,0
DA:18,0
DA:20,0
DA:25,1
LF:7
LH:3
BRDA:9,0,0,8
BRDA:9,0,1,0
BRDA:12,1,0,0
BRDA:12,1,1,0
BRDA:12,1,2,0
BRDA:12,1,3,0
BRDA:12,1,4,0
BRF:7
BRH:1
end_of_record
TN:
SF:C:\Users\Admin\My projects\ProjectManager\my-projectmanager\src\app\pipes\search-task.pipe.ts
FN:12,SearchTaskPipe
FN:13,(anonymous_2)
FN:17,(anonymous_3)
FNF:3
FNH:2
FNDA:3,SearchTaskPipe
FNDA:3,(anonymous_2)
FNDA:0,(anonymous_3)
DA:7,1
DA:12,3
DA:13,3
DA:17,0
DA:18,0
DA:19,0
DA:20,0
DA:21,0
DA:23,0
DA:26,0
DA:29,0
DA:32,0
DA:35,0
DA:38,0
DA:43,0
DA:49,3
DA:52,1
LF:17
LH:5
BRDA:16,0,0,3
BRDA:16,0,1,0
BRDA:22,1,0,0
BRDA:22,1,1,0
BRDA:25,2,0,0
BRDA:25,2,1,0
BRDA:28,3,0,0
BRDA:28,3,1,0
BRDA:31,4,0,0
BRDA:31,4,1,0
BRDA:34,5,0,0
BRDA:34,5,1,0
BRDA:37,6,0,0
BRDA:37,6,1,0
BRF:14
BRH:1
end_of_record
TN:
SF:C:\Users\Admin\My projects\ProjectManager\my-projectmanager\src\app\pipes\search-user.pipe.ts
FN:6,SearchUserPipe
FN:8,(anonymous_2)
FN:11,(anonymous_3)
FNF:3
FNH:2
FNDA:8,SearchUserPipe
FNDA:8,(anonymous_2)
FNDA:0,(anonymous_3)
DA:6,1
DA:8,1
DA:10,0
DA:11,0
DA:17,0
DA:19,0
DA:24,1
LF:7
LH:3
BRDA:9,0,0,8
BRDA:9,0,1,0
BRDA:12,1,0,0
BRDA:12,1,1,0
BRDA:12,1,2,0
BRDA:12,1,3,0
BRF:6
BRH:1
end_of_record
TN:
SF:C:\Users\Admin\My projects\ProjectManager\my-projectmanager\src\app\services\project.service.ts
FN:13,ProjectService
FN:17,(anonymous_2)
FN:25,(anonymous_3)
FN:39,(anonymous_4)
FN:46,(anonymous_5)
FN:58,(anonymous_6)
FNF:6
FNH:2
FNDA:11,ProjectService
FNDA:11,(anonymous_2)
FNDA:0,(anonymous_3)
FNDA:0,(anonymous_4)
FNDA:0,(anonymous_5)
FNDA:0,(anonymous_6)
DA:11,1
DA:12,11
DA:13,11
DA:17,1
DA:18,11
DA:25,1
DA:36,0
DA:39,1
DA:40,0
DA:46,1
DA:51,0
DA:58,1
DA:67,0
DA:73,1
LF:14
LH:10
BRF:0
BRH:0
end_of_record
TN:
SF:C:\Users\Admin\My projects\ProjectManager\my-projectmanager\src\app\services\task.service.ts
FN:13,TaskService
FN:16,(anonymous_2)
FN:33,(anonymous_3)
FN:40,(anonymous_4)
FN:47,(anonymous_5)
FN:54,(anonymous_6)
FN:64,(anonymous_7)
FN:70,(anonymous_8)
FN:77,(anonymous_9)
FN:94,(anonymous_10)
FNF:10
FNH:3
FNDA:19,TaskService
FNDA:0,(anonymous_2)
FNDA:18,(anonymous_3)
FNDA:8,(anonymous_4)
FNDA:0,(anonymous_5)
FNDA:0,(anonymous_6)
FNDA:0,(anonymous_7)
FNDA:0,(anonymous_8)
FNDA:0,(anonymous_9)
FNDA:0,(anonymous_10)
DA:11,1
DA:12,19
DA:13,19
DA:16,1
DA:28,0
DA:33,1
DA:34,18
DA:40,1
DA:41,8
DA:47,1
DA:48,0
DA:54,1
DA:59,0
DA:64,1
DA:65,0
DA:70,1
DA:71,0
DA:77,1
DA:86,0
DA:94,1
DA:95,0
DA:99,1
LF:22
LH:15
BRF:0
BRH:0
end_of_record
TN:
SF:C:\Users\Admin\My projects\ProjectManager\my-projectmanager\src\app\services\user.service.ts
FN:13,UserService
FN:16,(anonymous_2)
FN:28,(anonymous_3)
FN:35,(anonymous_4)
FN:42,(anonymous_5)
FN:49,(anonymous_6)
FN:57,(anonymous_7)
FNF:7
FNH:2
FNDA:9,UserService
FNDA:0,(anonymous_2)
FNDA:9,(anonymous_3)
FNDA:0,(anonymous_4)
FNDA:0,(anonymous_5)
FNDA:0,(anonymous_6)
FNDA:0,(anonymous_7)
DA:11,1
DA:12,9
DA:13,9
DA:16,1
DA:23,0
DA:28,1
DA:29,9
DA:35,1
DA:36,0
DA:42,1
DA:43,0
DA:49,1
DA:50,0
DA:57,1
DA:64,0
DA:77,1
LF:16
LH:11
BRF:0
BRH:0
end_of_record
TN:
SF:C:\Users\Admin\My projects\ProjectManager\my-projectmanager\src\app\update-task\update-task.component.ts
FN:20,UpdateTaskComponent
FN:23,(anonymous_2)
FN:33,(anonymous_3)
FN:37,(anonymous_4)
FN:45,(anonymous_5)
FN:46,(anonymous_6)
FN:48,(anonymous_7)
FN:57,(anonymous_8)
FN:65,(anonymous_9)
FN:66,(anonymous_10)
FN:67,(anonymous_11)
FN:75,(anonymous_12)
FNF:12
FNH:8
FNDA:8,UpdateTaskComponent
FNDA:8,(anonymous_2)
FNDA:0,(anonymous_3)
FNDA:1,(anonymous_4)
FNDA:0,(anonymous_5)
FNDA:0,(anonymous_6)
FNDA:0,(anonymous_7)
FNDA:3,(anonymous_8)
FNDA:8,(anonymous_9)
FNDA:8,(anonymous_10)
FNDA:8,(anonymous_11)
FNDA:8,(anonymous_12)
DA:12,1
DA:14,8
DA:15,8
DA:17,8
DA:19,8
DA:20,8
DA:23,1
DA:24,8
DA:33,1
DA:34,0
DA:37,1
DA:38,1
DA:39,1
DA:41,0
DA:45,1
DA:46,0
DA:47,0
DA:49,0
DA:50,0
DA:57,1
DA:59,1
DA:61,2
DA:65,8
DA:66,8
DA:67,8
DA:68,8
DA:73,8
DA:76,8
DA:80,1
LF:29
LH:23
BRDA:38,0,0,1
BRDA:38,0,1,0
BRDA:38,1,0,1
BRDA:38,1,1,1
BRDA:49,2,0,0
BRDA:49,2,1,0
BRF:6
BRH:3
end_of_record
TN:
SF:C:\Users\Admin\My projects\ProjectManager\my-projectmanager\src\app\view-task\view-task.component.ts
FN:35,ViewTaskComponent
FN:38,(anonymous_2)
FN:47,(anonymous_3)
FN:49,(anonymous_4)
FN:52,(anonymous_5)
FN:61,(anonymous_6)
FN:62,(anonymous_7)
FN:66,(anonymous_8)
FN:74,(anonymous_9)
FN:80,(anonymous_10)
FN:81,(anonymous_11)
FN:87,(anonymous_12)
FN:90,(anonymous_13)
FN:95,(anonymous_14)
FN:98,(anonymous_15)
FN:103,(anonymous_16)
FN:105,(anonymous_17)
FN:109,(anonymous_18)
FN:111,(anonymous_19)
FNF:19
FNH:9
FNDA:3,ViewTaskComponent
FNDA:3,(anonymous_2)
FNDA:0,(anonymous_3)
FNDA:0,(anonymous_4)
FNDA:0,(anonymous_5)
FNDA:0,(anonymous_6)
FNDA:0,(anonymous_7)
FNDA:0,(anonymous_8)
FNDA:3,(anonymous_9)
FNDA:1,(anonymous_10)
FNDA:1,(anonymous_11)
FNDA:3,(anonymous_12)
FNDA:3,(anonymous_13)
FNDA:0,(anonymous_14)
FNDA:0,(anonymous_15)
FNDA:3,(anonymous_16)
FNDA:3,(anonymous_17)
FNDA:0,(anonymous_18)
FNDA:0,(anonymous_19)
DA:15,1
DA:18,3
DA:19,3
DA:20,3
DA:21,3
DA:22,3
DA:27,3
DA:35,3
DA:38,1
DA:39,3
DA:47,1
DA:49,0
DA:50,0
DA:53,0
DA:55,0
DA:61,1
DA:62,0
DA:64,0
DA:67,0
DA:68,0
DA:74,1
DA:75,3
DA:76,3
DA:80,1
DA:81,1
DA:82,1
DA:87,3
DA:88,3
DA:91,3
DA:95,1
DA:96,0
DA:97,0
DA:99,0
DA:103,3
DA:104,3
DA:106,3
DA:109,1
DA:110,0
DA:112,0
DA:117,1
LF:40
LH:27
BRF:0
BRH:0
end_of_record
