{"C:\\Users\\Admin\\My projects\\ProjectManager\\api\\spec\\specs.js":{"path":"C:\\Users\\Admin\\My projects\\ProjectManager\\api\\spec\\specs.js","s":{"1":1,"2":1,"3":1,"4":1,"5":1,"6":1,"7":1,"8":1},"b":{},"f":{},"fnMap":{},"statementMap":{"1":{"start":{"line":1,"column":0},"end":{"line":1,"column":35}},"2":{"start":{"line":2,"column":0},"end":{"line":2,"column":67}},"3":{"start":{"line":3,"column":0},"end":{"line":3,"column":30}},"4":{"start":{"line":5,"column":0},"end":{"line":11,"column":3}},"5":{"start":{"line":13,"column":0},"end":{"line":13,"column":30}},"6":{"start":{"line":14,"column":0},"end":{"line":14,"column":25}},"7":{"start":{"line":15,"column":0},"end":{"line":15,"column":52}},"8":{"start":{"line":16,"column":0},"end":{"line":16,"column":18}}},"branchMap":{}},"C:\\Users\\Admin\\My projects\\ProjectManager\\api\\spec\\project.spec.js":{"path":"C:\\Users\\Admin\\My projects\\ProjectManager\\api\\spec\\project.spec.js","s":{"1":1,"2":1,"3":1,"4":1,"5":1,"6":1,"7":1,"8":1,"9":1,"10":1,"11":1,"12":1,"13":1,"14":1,"15":1,"16":1,"17":1,"18":1,"19":1,"20":1,"21":1,"22":1,"23":1,"24":1,"25":1,"26":1,"27":1,"28":1,"29":1,"30":1,"31":1,"32":1,"33":1,"34":1,"35":1,"36":1,"37":1,"38":1,"39":1,"40":1,"41":1,"42":1,"43":1,"44":1,"45":1,"46":1,"47":1,"48":1,"49":1,"50":1,"51":1,"52":1,"53":1,"54":1,"55":1,"56":1,"57":1,"58":1,"59":1,"60":1,"61":1,"62":1,"63":1,"64":1,"65":1,"66":1,"67":1,"68":1,"69":1,"70":1,"71":1,"72":1,"73":1,"74":1,"75":1,"76":1,"77":1,"78":1,"79":1,"80":1,"81":1,"82":1,"83":1,"84":1,"85":1,"86":1,"87":1,"88":1,"89":1,"90":1,"91":1,"92":1,"93":1},"b":{},"f":{"1":1,"2":1,"3":1,"4":1,"5":1,"6":1,"7":1,"8":1,"9":1,"10":1,"11":1,"12":1,"13":1,"14":1,"15":1,"16":1,"17":1,"18":1,"19":1,"20":1,"21":1,"22":1,"23":1,"24":1,"25":1,"26":1,"27":1,"28":1,"29":1,"30":1,"31":1,"32":1,"33":1,"34":1,"35":1,"36":1,"37":1,"38":1,"39":1,"40":1,"41":1,"42":1,"43":1,"44":1,"45":1,"46":1,"47":1,"48":1,"49":1,"50":1},"fnMap":{"1":{"name":"(anonymous_1)","line":5,"loc":{"start":{"line":5,"column":34},"end":{"line":5,"column":46}}},"2":{"name":"(anonymous_2)","line":7,"loc":{"start":{"line":7,"column":46},"end":{"line":7,"column":58}}},"3":{"name":"(anonymous_3)","line":8,"loc":{"start":{"line":8,"column":49},"end":{"line":8,"column":65}}},"4":{"name":"(anonymous_4)","line":11,"loc":{"start":{"line":11,"column":16},"end":{"line":11,"column":36}}},"5":{"name":"(anonymous_5)","line":15,"loc":{"start":{"line":15,"column":13},"end":{"line":15,"column":28}}},"6":{"name":"(anonymous_6)","line":22,"loc":{"start":{"line":22,"column":51},"end":{"line":22,"column":63}}},"7":{"name":"(anonymous_7)","line":23,"loc":{"start":{"line":23,"column":67},"end":{"line":23,"column":83}}},"8":{"name":"(anonymous_8)","line":26,"loc":{"start":{"line":26,"column":16},"end":{"line":26,"column":31}}},"9":{"name":"(anonymous_9)","line":30,"loc":{"start":{"line":30,"column":13},"end":{"line":30,"column":28}}},"10":{"name":"(anonymous_10)","line":38,"loc":{"start":{"line":38,"column":51},"end":{"line":38,"column":63}}},"11":{"name":"(anonymous_11)","line":39,"loc":{"start":{"line":39,"column":46},"end":{"line":39,"column":62}}},"12":{"name":"(anonymous_12)","line":42,"loc":{"start":{"line":42,"column":16},"end":{"line":42,"column":31}}},"13":{"name":"(anonymous_13)","line":45,"loc":{"start":{"line":45,"column":13},"end":{"line":45,"column":28}}},"14":{"name":"(anonymous_14)","line":53,"loc":{"start":{"line":53,"column":42},"end":{"line":53,"column":54}}},"15":{"name":"(anonymous_15)","line":54,"loc":{"start":{"line":54,"column":60},"end":{"line":54,"column":76}}},"16":{"name":"(anonymous_16)","line":57,"loc":{"start":{"line":57,"column":16},"end":{"line":57,"column":36}}},"17":{"name":"(anonymous_17)","line":61,"loc":{"start":{"line":61,"column":13},"end":{"line":61,"column":28}}},"18":{"name":"(anonymous_18)","line":67,"loc":{"start":{"line":67,"column":58},"end":{"line":67,"column":74}}},"19":{"name":"(anonymous_19)","line":70,"loc":{"start":{"line":70,"column":16},"end":{"line":70,"column":36}}},"20":{"name":"(anonymous_20)","line":74,"loc":{"start":{"line":74,"column":13},"end":{"line":74,"column":28}}},"21":{"name":"(anonymous_21)","line":80,"loc":{"start":{"line":80,"column":62},"end":{"line":80,"column":78}}},"22":{"name":"(anonymous_22)","line":83,"loc":{"start":{"line":83,"column":16},"end":{"line":83,"column":36}}},"23":{"name":"(anonymous_23)","line":87,"loc":{"start":{"line":87,"column":13},"end":{"line":87,"column":28}}},"24":{"name":"(anonymous_24)","line":93,"loc":{"start":{"line":93,"column":58},"end":{"line":93,"column":74}}},"25":{"name":"(anonymous_25)","line":96,"loc":{"start":{"line":96,"column":16},"end":{"line":96,"column":36}}},"26":{"name":"(anonymous_26)","line":100,"loc":{"start":{"line":100,"column":13},"end":{"line":100,"column":28}}},"27":{"name":"(anonymous_27)","line":107,"loc":{"start":{"line":107,"column":60},"end":{"line":107,"column":76}}},"28":{"name":"(anonymous_28)","line":110,"loc":{"start":{"line":110,"column":16},"end":{"line":110,"column":36}}},"29":{"name":"(anonymous_29)","line":114,"loc":{"start":{"line":114,"column":13},"end":{"line":114,"column":28}}},"30":{"name":"(anonymous_30)","line":120,"loc":{"start":{"line":120,"column":62},"end":{"line":120,"column":78}}},"31":{"name":"(anonymous_31)","line":123,"loc":{"start":{"line":123,"column":16},"end":{"line":123,"column":36}}},"32":{"name":"(anonymous_32)","line":127,"loc":{"start":{"line":127,"column":13},"end":{"line":127,"column":28}}},"33":{"name":"(anonymous_33)","line":134,"loc":{"start":{"line":134,"column":44},"end":{"line":134,"column":56}}},"34":{"name":"(anonymous_34)","line":136,"loc":{"start":{"line":136,"column":36},"end":{"line":136,"column":52}}},"35":{"name":"(anonymous_35)","line":147,"loc":{"start":{"line":147,"column":18},"end":{"line":147,"column":33}}},"36":{"name":"(anonymous_36)","line":151,"loc":{"start":{"line":151,"column":15},"end":{"line":151,"column":30}}},"37":{"name":"(anonymous_37)","line":159,"loc":{"start":{"line":159,"column":45},"end":{"line":159,"column":57}}},"38":{"name":"(anonymous_38)","line":160,"loc":{"start":{"line":160,"column":71},"end":{"line":160,"column":87}}},"39":{"name":"(anonymous_39)","line":163,"loc":{"start":{"line":163,"column":18},"end":{"line":163,"column":33}}},"40":{"name":"(anonymous_40)","line":167,"loc":{"start":{"line":167,"column":15},"end":{"line":167,"column":30}}},"41":{"name":"(anonymous_41)","line":173,"loc":{"start":{"line":173,"column":69},"end":{"line":173,"column":85}}},"42":{"name":"(anonymous_42)","line":176,"loc":{"start":{"line":176,"column":18},"end":{"line":176,"column":33}}},"43":{"name":"(anonymous_43)","line":180,"loc":{"start":{"line":180,"column":15},"end":{"line":180,"column":30}}},"44":{"name":"(anonymous_44)","line":188,"loc":{"start":{"line":188,"column":42},"end":{"line":188,"column":54}}},"45":{"name":"(anonymous_45)","line":189,"loc":{"start":{"line":189,"column":67},"end":{"line":189,"column":83}}},"46":{"name":"(anonymous_46)","line":192,"loc":{"start":{"line":192,"column":16},"end":{"line":192,"column":31}}},"47":{"name":"(anonymous_47)","line":196,"loc":{"start":{"line":196,"column":13},"end":{"line":196,"column":28}}},"48":{"name":"(anonymous_48)","line":202,"loc":{"start":{"line":202,"column":62},"end":{"line":202,"column":78}}},"49":{"name":"(anonymous_49)","line":212,"loc":{"start":{"line":212,"column":16},"end":{"line":212,"column":31}}},"50":{"name":"(anonymous_50)","line":216,"loc":{"start":{"line":216,"column":13},"end":{"line":216,"column":28}}}},"statementMap":{"1":{"start":{"line":1,"column":0},"end":{"line":1,"column":35}},"2":{"start":{"line":3,"column":0},"end":{"line":3,"column":31}},"3":{"start":{"line":5,"column":0},"end":{"line":224,"column":3}},"4":{"start":{"line":7,"column":2},"end":{"line":20,"column":5}},"5":{"start":{"line":8,"column":4},"end":{"line":19,"column":7}},"6":{"start":{"line":9,"column":6},"end":{"line":18,"column":10}},"7":{"start":{"line":12,"column":10},"end":{"line":12,"column":48}},"8":{"start":{"line":13,"column":10},"end":{"line":13,"column":60}},"9":{"start":{"line":16,"column":10},"end":{"line":16,"column":36}},"10":{"start":{"line":17,"column":10},"end":{"line":17,"column":17}},"11":{"start":{"line":22,"column":2},"end":{"line":35,"column":5}},"12":{"start":{"line":23,"column":4},"end":{"line":34,"column":7}},"13":{"start":{"line":24,"column":6},"end":{"line":33,"column":10}},"14":{"start":{"line":27,"column":10},"end":{"line":27,"column":43}},"15":{"start":{"line":28,"column":10},"end":{"line":28,"column":57}},"16":{"start":{"line":31,"column":10},"end":{"line":31,"column":36}},"17":{"start":{"line":32,"column":10},"end":{"line":32,"column":17}},"18":{"start":{"line":38,"column":2},"end":{"line":50,"column":5}},"19":{"start":{"line":39,"column":4},"end":{"line":49,"column":7}},"20":{"start":{"line":40,"column":6},"end":{"line":48,"column":10}},"21":{"start":{"line":43,"column":10},"end":{"line":43,"column":43}},"22":{"start":{"line":46,"column":10},"end":{"line":46,"column":36}},"23":{"start":{"line":47,"column":10},"end":{"line":47,"column":17}},"24":{"start":{"line":53,"column":2},"end":{"line":133,"column":5}},"25":{"start":{"line":54,"column":4},"end":{"line":65,"column":7}},"26":{"start":{"line":55,"column":6},"end":{"line":64,"column":10}},"27":{"start":{"line":58,"column":10},"end":{"line":58,"column":48}},"28":{"start":{"line":59,"column":10},"end":{"line":59,"column":60}},"29":{"start":{"line":62,"column":10},"end":{"line":62,"column":36}},"30":{"start":{"line":63,"column":10},"end":{"line":63,"column":17}},"31":{"start":{"line":67,"column":4},"end":{"line":78,"column":7}},"32":{"start":{"line":68,"column":6},"end":{"line":77,"column":10}},"33":{"start":{"line":71,"column":10},"end":{"line":71,"column":48}},"34":{"start":{"line":72,"column":10},"end":{"line":72,"column":60}},"35":{"start":{"line":75,"column":10},"end":{"line":75,"column":36}},"36":{"start":{"line":76,"column":10},"end":{"line":76,"column":17}},"37":{"start":{"line":80,"column":4},"end":{"line":91,"column":7}},"38":{"start":{"line":81,"column":6},"end":{"line":90,"column":10}},"39":{"start":{"line":84,"column":10},"end":{"line":84,"column":48}},"40":{"start":{"line":85,"column":10},"end":{"line":85,"column":60}},"41":{"start":{"line":88,"column":10},"end":{"line":88,"column":36}},"42":{"start":{"line":89,"column":10},"end":{"line":89,"column":17}},"43":{"start":{"line":93,"column":4},"end":{"line":104,"column":7}},"44":{"start":{"line":94,"column":6},"end":{"line":103,"column":10}},"45":{"start":{"line":97,"column":10},"end":{"line":97,"column":48}},"46":{"start":{"line":98,"column":10},"end":{"line":98,"column":60}},"47":{"start":{"line":101,"column":10},"end":{"line":101,"column":36}},"48":{"start":{"line":102,"column":10},"end":{"line":102,"column":17}},"49":{"start":{"line":107,"column":4},"end":{"line":118,"column":7}},"50":{"start":{"line":108,"column":6},"end":{"line":117,"column":10}},"51":{"start":{"line":111,"column":10},"end":{"line":111,"column":48}},"52":{"start":{"line":112,"column":10},"end":{"line":112,"column":60}},"53":{"start":{"line":115,"column":10},"end":{"line":115,"column":36}},"54":{"start":{"line":116,"column":10},"end":{"line":116,"column":17}},"55":{"start":{"line":120,"column":4},"end":{"line":131,"column":7}},"56":{"start":{"line":121,"column":6},"end":{"line":130,"column":10}},"57":{"start":{"line":124,"column":10},"end":{"line":124,"column":48}},"58":{"start":{"line":125,"column":10},"end":{"line":125,"column":60}},"59":{"start":{"line":128,"column":10},"end":{"line":128,"column":36}},"60":{"start":{"line":129,"column":10},"end":{"line":129,"column":17}},"61":{"start":{"line":134,"column":4},"end":{"line":157,"column":7}},"62":{"start":{"line":136,"column":6},"end":{"line":155,"column":9}},"63":{"start":{"line":137,"column":8},"end":{"line":154,"column":12}},"64":{"start":{"line":148,"column":12},"end":{"line":148,"column":45}},"65":{"start":{"line":149,"column":12},"end":{"line":149,"column":82}},"66":{"start":{"line":152,"column":12},"end":{"line":152,"column":38}},"67":{"start":{"line":153,"column":12},"end":{"line":153,"column":19}},"68":{"start":{"line":159,"column":4},"end":{"line":186,"column":7}},"69":{"start":{"line":160,"column":6},"end":{"line":171,"column":9}},"70":{"start":{"line":161,"column":8},"end":{"line":170,"column":12}},"71":{"start":{"line":164,"column":12},"end":{"line":164,"column":45}},"72":{"start":{"line":165,"column":12},"end":{"line":165,"column":89}},"73":{"start":{"line":168,"column":12},"end":{"line":168,"column":38}},"74":{"start":{"line":169,"column":12},"end":{"line":169,"column":19}},"75":{"start":{"line":173,"column":6},"end":{"line":184,"column":9}},"76":{"start":{"line":174,"column":8},"end":{"line":183,"column":12}},"77":{"start":{"line":177,"column":12},"end":{"line":177,"column":45}},"78":{"start":{"line":178,"column":12},"end":{"line":178,"column":73}},"79":{"start":{"line":181,"column":12},"end":{"line":181,"column":38}},"80":{"start":{"line":182,"column":12},"end":{"line":182,"column":19}},"81":{"start":{"line":188,"column":2},"end":{"line":222,"column":5}},"82":{"start":{"line":189,"column":4},"end":{"line":200,"column":7}},"83":{"start":{"line":190,"column":6},"end":{"line":199,"column":10}},"84":{"start":{"line":193,"column":10},"end":{"line":193,"column":43}},"85":{"start":{"line":194,"column":10},"end":{"line":194,"column":86}},"86":{"start":{"line":197,"column":10},"end":{"line":197,"column":36}},"87":{"start":{"line":198,"column":10},"end":{"line":198,"column":17}},"88":{"start":{"line":202,"column":4},"end":{"line":220,"column":7}},"89":{"start":{"line":203,"column":6},"end":{"line":219,"column":10}},"90":{"start":{"line":213,"column":10},"end":{"line":213,"column":43}},"91":{"start":{"line":214,"column":10},"end":{"line":214,"column":83}},"92":{"start":{"line":217,"column":10},"end":{"line":217,"column":36}},"93":{"start":{"line":218,"column":10},"end":{"line":218,"column":17}}},"branchMap":{}},"C:\\Users\\Admin\\My projects\\ProjectManager\\api\\server.js":{"path":"C:\\Users\\Admin\\My projects\\ProjectManager\\api\\server.js","s":{"1":1,"2":1,"3":1,"4":1,"5":1,"6":1,"7":1,"8":1,"9":1,"10":0,"11":1,"12":1,"13":1,"14":1,"15":1,"16":1,"17":1,"18":1,"19":1,"20":1,"21":1},"b":{"1":[1,1]},"f":{"1":1},"fnMap":{"1":{"name":"(anonymous_1)","line":29,"loc":{"start":{"line":29,"column":32},"end":{"line":29,"column":42}}}},"statementMap":{"1":{"start":{"line":1,"column":0},"end":{"line":5,"column":31}},"2":{"start":{"line":6,"column":0},"end":{"line":6,"column":25}},"3":{"start":{"line":7,"column":0},"end":{"line":7,"column":29}},"4":{"start":{"line":9,"column":0},"end":{"line":9,"column":50}},"5":{"start":{"line":10,"column":0},"end":{"line":10,"column":50}},"6":{"start":{"line":11,"column":0},"end":{"line":11,"column":56}},"7":{"start":{"line":13,"column":0},"end":{"line":13,"column":34}},"8":{"start":{"line":14,"column":0},"end":{"line":17,"column":2}},"9":{"start":{"line":15,"column":9},"end":{"line":15,"column":46}},"10":{"start":{"line":16,"column":11},"end":{"line":16,"column":61}},"11":{"start":{"line":19,"column":0},"end":{"line":19,"column":22}},"12":{"start":{"line":20,"column":0},"end":{"line":20,"column":27}},"13":{"start":{"line":21,"column":0},"end":{"line":21,"column":16}},"14":{"start":{"line":22,"column":0},"end":{"line":22,"column":16}},"15":{"start":{"line":23,"column":0},"end":{"line":23,"column":28}},"16":{"start":{"line":24,"column":0},"end":{"line":24,"column":28}},"17":{"start":{"line":25,"column":0},"end":{"line":25,"column":34}},"18":{"start":{"line":27,"column":0},"end":{"line":27,"column":36}},"19":{"start":{"line":29,"column":0},"end":{"line":31,"column":3}},"20":{"start":{"line":30,"column":4},"end":{"line":30,"column":45}},"21":{"start":{"line":33,"column":0},"end":{"line":33,"column":21}}},"branchMap":{"1":{"line":27,"type":"binary-expr","locations":[{"start":{"line":27,"column":11},"end":{"line":27,"column":27}},{"start":{"line":27,"column":31},"end":{"line":27,"column":35}}]}}},"C:\\Users\\Admin\\My projects\\ProjectManager\\api\\DB.js":{"path":"C:\\Users\\Admin\\My projects\\ProjectManager\\api\\DB.js","s":{"1":1},"b":{},"f":{},"fnMap":{},"statementMap":{"1":{"start":{"line":1,"column":0},"end":{"line":3,"column":3}}},"branchMap":{}},"C:\\Users\\Admin\\My projects\\ProjectManager\\api\\logger.js":{"path":"C:\\Users\\Admin\\My projects\\ProjectManager\\api\\logger.js","s":{"1":1,"2":1,"3":1,"4":1},"b":{},"f":{},"fnMap":{},"statementMap":{"1":{"start":{"line":1,"column":0},"end":{"line":1,"column":32}},"2":{"start":{"line":2,"column":0},"end":{"line":2,"column":24}},"3":{"start":{"line":3,"column":0},"end":{"line":3,"column":72}},"4":{"start":{"line":4,"column":0},"end":{"line":5,"column":26}}},"branchMap":{}},"C:\\Users\\Admin\\My projects\\ProjectManager\\api\\routes\\task.routes.js":{"path":"C:\\Users\\Admin\\My projects\\ProjectManager\\api\\routes\\task.routes.js","s":{"1":1,"2":1,"3":1,"4":1,"5":1,"6":1,"7":1,"8":1,"9":0,"10":1,"11":1,"12":1,"13":0,"14":1,"15":1,"16":2,"17":2,"18":2,"19":0,"20":0,"21":1,"22":2,"23":2,"24":2,"25":1,"26":1,"27":1,"28":1,"29":1,"30":0,"31":1,"32":1,"33":1,"34":1,"35":1,"36":1,"37":1,"38":0,"39":1,"40":1,"41":1,"42":1,"43":0,"44":0,"45":0,"46":0,"47":1,"48":2,"49":2,"50":1,"51":1,"52":1,"53":5,"54":5,"55":2,"56":2,"57":0,"58":3,"59":1,"60":1,"61":0,"62":2,"63":1,"64":1,"65":0,"66":1,"67":1,"68":0,"69":1,"70":1,"71":1,"72":0,"73":1,"74":1},"b":{"1":[0,1],"2":[2,0],"3":[1,1],"4":[0,1],"5":[1,0],"6":[1,1],"7":[2,3],"8":[1,2],"9":[1,1],"10":[0,1]},"f":{"1":1,"2":1,"3":1,"4":2,"5":2,"6":2,"7":1,"8":1,"9":1,"10":1,"11":2,"12":2,"13":5,"14":1,"15":1},"fnMap":{"1":{"name":"(anonymous_1)","line":12,"loc":{"start":{"line":12,"column":30},"end":{"line":12,"column":50}}},"2":{"name":"(anonymous_2)","line":27,"loc":{"start":{"line":27,"column":35},"end":{"line":27,"column":55}}},"3":{"name":"(anonymous_3)","line":28,"loc":{"start":{"line":28,"column":12},"end":{"line":28,"column":33}}},"4":{"name":"(anonymous_4)","line":40,"loc":{"start":{"line":40,"column":54},"end":{"line":40,"column":74}}},"5":{"name":"(anonymous_5)","line":59,"loc":{"start":{"line":59,"column":37},"end":{"line":59,"column":57}}},"6":{"name":"(anonymous_6)","line":61,"loc":{"start":{"line":61,"column":20},"end":{"line":61,"column":41}}},"7":{"name":"(anonymous_7)","line":74,"loc":{"start":{"line":74,"column":37},"end":{"line":74,"column":57}}},"8":{"name":"(anonymous_8)","line":75,"loc":{"start":{"line":75,"column":31},"end":{"line":75,"column":52}}},"9":{"name":"(anonymous_9)","line":100,"loc":{"start":{"line":100,"column":38},"end":{"line":100,"column":58}}},"10":{"name":"(anonymous_10)","line":101,"loc":{"start":{"line":101,"column":31},"end":{"line":101,"column":52}}},"11":{"name":"(anonymous_11)","line":120,"loc":{"start":{"line":120,"column":36},"end":{"line":120,"column":56}}},"12":{"name":"(anonymous_12)","line":121,"loc":{"start":{"line":121,"column":49},"end":{"line":121,"column":70}}},"13":{"name":"(anonymous_13)","line":132,"loc":{"start":{"line":132,"column":42},"end":{"line":132,"column":62}}},"14":{"name":"(anonymous_14)","line":175,"loc":{"start":{"line":175,"column":39},"end":{"line":175,"column":59}}},"15":{"name":"(anonymous_15)","line":177,"loc":{"start":{"line":177,"column":12},"end":{"line":177,"column":33}}}},"statementMap":{"1":{"start":{"line":3,"column":0},"end":{"line":3,"column":35}},"2":{"start":{"line":4,"column":0},"end":{"line":4,"column":22}},"3":{"start":{"line":5,"column":0},"end":{"line":5,"column":36}},"4":{"start":{"line":8,"column":0},"end":{"line":8,"column":37}},"5":{"start":{"line":12,"column":0},"end":{"line":21,"column":3}},"6":{"start":{"line":13,"column":2},"end":{"line":13,"column":32}},"7":{"start":{"line":14,"column":2},"end":{"line":20,"column":7}},"8":{"start":{"line":16,"column":6},"end":{"line":16,"column":69}},"9":{"start":{"line":19,"column":6},"end":{"line":19,"column":78}},"10":{"start":{"line":27,"column":0},"end":{"line":36,"column":3}},"11":{"start":{"line":28,"column":2},"end":{"line":35,"column":5}},"12":{"start":{"line":29,"column":4},"end":{"line":34,"column":5}},"13":{"start":{"line":30,"column":6},"end":{"line":30,"column":47}},"14":{"start":{"line":33,"column":6},"end":{"line":33,"column":21}},"15":{"start":{"line":40,"column":0},"end":{"line":56,"column":3}},"16":{"start":{"line":41,"column":2},"end":{"line":55,"column":7}},"17":{"start":{"line":43,"column":6},"end":{"line":50,"column":7}},"18":{"start":{"line":45,"column":8},"end":{"line":45,"column":24}},"19":{"start":{"line":49,"column":8},"end":{"line":49,"column":80}},"20":{"start":{"line":54,"column":6},"end":{"line":54,"column":71}},"21":{"start":{"line":59,"column":0},"end":{"line":71,"column":3}},"22":{"start":{"line":60,"column":2},"end":{"line":60,"column":25}},"23":{"start":{"line":61,"column":2},"end":{"line":70,"column":5}},"24":{"start":{"line":62,"column":4},"end":{"line":67,"column":5}},"25":{"start":{"line":63,"column":6},"end":{"line":63,"column":47}},"26":{"start":{"line":66,"column":6},"end":{"line":66,"column":21}},"27":{"start":{"line":74,"column":0},"end":{"line":96,"column":3}},"28":{"start":{"line":75,"column":2},"end":{"line":95,"column":5}},"29":{"start":{"line":76,"column":4},"end":{"line":94,"column":5}},"30":{"start":{"line":77,"column":6},"end":{"line":77,"column":75}},"31":{"start":{"line":79,"column":6},"end":{"line":79,"column":42}},"32":{"start":{"line":80,"column":6},"end":{"line":80,"column":56}},"33":{"start":{"line":81,"column":6},"end":{"line":81,"column":44}},"34":{"start":{"line":82,"column":6},"end":{"line":82,"column":40}},"35":{"start":{"line":83,"column":6},"end":{"line":83,"column":40}},"36":{"start":{"line":87,"column":6},"end":{"line":93,"column":11}},"37":{"start":{"line":89,"column":10},"end":{"line":89,"column":67}},"38":{"start":{"line":92,"column":10},"end":{"line":92,"column":69}},"39":{"start":{"line":100,"column":0},"end":{"line":117,"column":3}},"40":{"start":{"line":101,"column":2},"end":{"line":116,"column":5}},"41":{"start":{"line":102,"column":4},"end":{"line":115,"column":5}},"42":{"start":{"line":103,"column":6},"end":{"line":103,"column":72}},"43":{"start":{"line":106,"column":6},"end":{"line":106,"column":42}},"44":{"start":{"line":108,"column":6},"end":{"line":114,"column":11}},"45":{"start":{"line":110,"column":10},"end":{"line":110,"column":67}},"46":{"start":{"line":113,"column":10},"end":{"line":113,"column":64}},"47":{"start":{"line":120,"column":0},"end":{"line":127,"column":3}},"48":{"start":{"line":121,"column":2},"end":{"line":126,"column":5}},"49":{"start":{"line":122,"column":4},"end":{"line":125,"column":57}},"50":{"start":{"line":123,"column":6},"end":{"line":123,"column":47}},"51":{"start":{"line":125,"column":9},"end":{"line":125,"column":57}},"52":{"start":{"line":132,"column":0},"end":{"line":169,"column":3}},"53":{"start":{"line":133,"column":2},"end":{"line":133,"column":29}},"54":{"start":{"line":134,"column":2},"end":{"line":168,"column":3}},"55":{"start":{"line":135,"column":4},"end":{"line":141,"column":9}},"56":{"start":{"line":137,"column":8},"end":{"line":137,"column":23}},"57":{"start":{"line":140,"column":8},"end":{"line":140,"column":65}},"58":{"start":{"line":142,"column":9},"end":{"line":168,"column":3}},"59":{"start":{"line":143,"column":4},"end":{"line":149,"column":9}},"60":{"start":{"line":145,"column":8},"end":{"line":145,"column":23}},"61":{"start":{"line":148,"column":8},"end":{"line":148,"column":65}},"62":{"start":{"line":151,"column":7},"end":{"line":168,"column":3}},"63":{"start":{"line":152,"column":4},"end":{"line":158,"column":9}},"64":{"start":{"line":154,"column":8},"end":{"line":154,"column":23}},"65":{"start":{"line":157,"column":8},"end":{"line":157,"column":65}},"66":{"start":{"line":161,"column":4},"end":{"line":167,"column":9}},"67":{"start":{"line":163,"column":8},"end":{"line":163,"column":23}},"68":{"start":{"line":166,"column":8},"end":{"line":166,"column":65}},"69":{"start":{"line":175,"column":0},"end":{"line":185,"column":2}},"70":{"start":{"line":177,"column":2},"end":{"line":184,"column":5}},"71":{"start":{"line":178,"column":4},"end":{"line":183,"column":5}},"72":{"start":{"line":179,"column":6},"end":{"line":179,"column":47}},"73":{"start":{"line":182,"column":6},"end":{"line":182,"column":21}},"74":{"start":{"line":187,"column":0},"end":{"line":187,"column":28}}},"branchMap":{"1":{"line":29,"type":"if","locations":[{"start":{"line":29,"column":4},"end":{"line":29,"column":4}},{"start":{"line":29,"column":4},"end":{"line":29,"column":4}}]},"2":{"line":43,"type":"if","locations":[{"start":{"line":43,"column":6},"end":{"line":43,"column":6}},{"start":{"line":43,"column":6},"end":{"line":43,"column":6}}]},"3":{"line":62,"type":"if","locations":[{"start":{"line":62,"column":4},"end":{"line":62,"column":4}},{"start":{"line":62,"column":4},"end":{"line":62,"column":4}}]},"4":{"line":76,"type":"if","locations":[{"start":{"line":76,"column":4},"end":{"line":76,"column":4}},{"start":{"line":76,"column":4},"end":{"line":76,"column":4}}]},"5":{"line":102,"type":"if","locations":[{"start":{"line":102,"column":4},"end":{"line":102,"column":4}},{"start":{"line":102,"column":4},"end":{"line":102,"column":4}}]},"6":{"line":122,"type":"if","locations":[{"start":{"line":122,"column":4},"end":{"line":122,"column":4}},{"start":{"line":122,"column":4},"end":{"line":122,"column":4}}]},"7":{"line":134,"type":"if","locations":[{"start":{"line":134,"column":2},"end":{"line":134,"column":2}},{"start":{"line":134,"column":2},"end":{"line":134,"column":2}}]},"8":{"line":142,"type":"if","locations":[{"start":{"line":142,"column":9},"end":{"line":142,"column":9}},{"start":{"line":142,"column":9},"end":{"line":142,"column":9}}]},"9":{"line":151,"type":"if","locations":[{"start":{"line":151,"column":7},"end":{"line":151,"column":7}},{"start":{"line":151,"column":7},"end":{"line":151,"column":7}}]},"10":{"line":178,"type":"if","locations":[{"start":{"line":178,"column":4},"end":{"line":178,"column":4}},{"start":{"line":178,"column":4},"end":{"line":178,"column":4}}]}}},"C:\\Users\\Admin\\My projects\\ProjectManager\\api\\models\\task.js":{"path":"C:\\Users\\Admin\\My projects\\ProjectManager\\api\\models\\task.js","s":{"1":1,"2":1,"3":1,"4":1},"b":{},"f":{},"fnMap":{},"statementMap":{"1":{"start":{"line":1,"column":0},"end":{"line":1,"column":37}},"2":{"start":{"line":2,"column":0},"end":{"line":2,"column":31}},"3":{"start":{"line":5,"column":0},"end":{"line":19,"column":3}},"4":{"start":{"line":24,"column":0},"end":{"line":24,"column":46}}},"branchMap":{}},"C:\\Users\\Admin\\My projects\\ProjectManager\\api\\routes\\user.routes.js":{"path":"C:\\Users\\Admin\\My projects\\ProjectManager\\api\\routes\\user.routes.js","s":{"1":1,"2":1,"3":1,"4":1,"5":1,"6":1,"7":1,"8":1,"9":0,"10":1,"11":1,"12":1,"13":0,"14":1,"15":1,"16":1,"17":1,"18":1,"19":0,"20":1,"21":1,"22":0,"23":0,"24":0,"25":0,"26":0,"27":0,"28":0,"29":0,"30":0,"31":1,"32":2,"33":2,"34":1,"35":1,"36":1,"37":4,"38":4,"39":2,"40":2,"41":0,"42":2,"43":1,"44":1,"45":0,"46":1,"47":1,"48":0,"49":1},"b":{"1":[0,1],"2":[0,1],"3":[0,0],"4":[1,1],"5":[2,2],"6":[1,1]},"f":{"1":1,"2":1,"3":1,"4":1,"5":1,"6":0,"7":0,"8":2,"9":2,"10":4},"fnMap":{"1":{"name":"(anonymous_1)","line":10,"loc":{"start":{"line":10,"column":34},"end":{"line":10,"column":54}}},"2":{"name":"(anonymous_2)","line":22,"loc":{"start":{"line":22,"column":37},"end":{"line":22,"column":57}}},"3":{"name":"(anonymous_3)","line":23,"loc":{"start":{"line":23,"column":12},"end":{"line":23,"column":33}}},"4":{"name":"(anonymous_4)","line":34,"loc":{"start":{"line":34,"column":37},"end":{"line":34,"column":57}}},"5":{"name":"(anonymous_5)","line":36,"loc":{"start":{"line":36,"column":20},"end":{"line":36,"column":41}}},"6":{"name":"(anonymous_6)","line":49,"loc":{"start":{"line":49,"column":41},"end":{"line":49,"column":61}}},"7":{"name":"(anonymous_7)","line":50,"loc":{"start":{"line":50,"column":31},"end":{"line":50,"column":52}}},"8":{"name":"(anonymous_8)","line":69,"loc":{"start":{"line":69,"column":36},"end":{"line":69,"column":56}}},"9":{"name":"(anonymous_9)","line":70,"loc":{"start":{"line":70,"column":49},"end":{"line":70,"column":70}}},"10":{"name":"(anonymous_10)","line":78,"loc":{"start":{"line":78,"column":42},"end":{"line":78,"column":62}}}},"statementMap":{"1":{"start":{"line":2,"column":0},"end":{"line":2,"column":35}},"2":{"start":{"line":3,"column":0},"end":{"line":3,"column":22}},"3":{"start":{"line":4,"column":0},"end":{"line":4,"column":36}},"4":{"start":{"line":7,"column":0},"end":{"line":7,"column":37}},"5":{"start":{"line":10,"column":0},"end":{"line":19,"column":3}},"6":{"start":{"line":11,"column":2},"end":{"line":11,"column":32}},"7":{"start":{"line":12,"column":2},"end":{"line":18,"column":7}},"8":{"start":{"line":14,"column":6},"end":{"line":14,"column":69}},"9":{"start":{"line":17,"column":6},"end":{"line":17,"column":71}},"10":{"start":{"line":22,"column":0},"end":{"line":31,"column":3}},"11":{"start":{"line":23,"column":2},"end":{"line":30,"column":5}},"12":{"start":{"line":24,"column":4},"end":{"line":29,"column":5}},"13":{"start":{"line":25,"column":6},"end":{"line":25,"column":35}},"14":{"start":{"line":28,"column":6},"end":{"line":28,"column":21}},"15":{"start":{"line":34,"column":0},"end":{"line":46,"column":3}},"16":{"start":{"line":35,"column":2},"end":{"line":35,"column":25}},"17":{"start":{"line":36,"column":2},"end":{"line":45,"column":5}},"18":{"start":{"line":37,"column":4},"end":{"line":42,"column":5}},"19":{"start":{"line":38,"column":6},"end":{"line":38,"column":65}},"20":{"start":{"line":41,"column":6},"end":{"line":41,"column":21}},"21":{"start":{"line":49,"column":0},"end":{"line":66,"column":3}},"22":{"start":{"line":50,"column":2},"end":{"line":65,"column":5}},"23":{"start":{"line":51,"column":4},"end":{"line":64,"column":5}},"24":{"start":{"line":52,"column":6},"end":{"line":52,"column":75}},"25":{"start":{"line":54,"column":6},"end":{"line":54,"column":44}},"26":{"start":{"line":55,"column":6},"end":{"line":55,"column":44}},"27":{"start":{"line":56,"column":6},"end":{"line":56,"column":39}},"28":{"start":{"line":57,"column":6},"end":{"line":63,"column":11}},"29":{"start":{"line":59,"column":10},"end":{"line":59,"column":67}},"30":{"start":{"line":62,"column":10},"end":{"line":62,"column":69}},"31":{"start":{"line":69,"column":0},"end":{"line":76,"column":3}},"32":{"start":{"line":70,"column":2},"end":{"line":75,"column":5}},"33":{"start":{"line":71,"column":4},"end":{"line":74,"column":57}},"34":{"start":{"line":72,"column":6},"end":{"line":72,"column":47}},"35":{"start":{"line":74,"column":9},"end":{"line":74,"column":57}},"36":{"start":{"line":78,"column":0},"end":{"line":106,"column":3}},"37":{"start":{"line":79,"column":2},"end":{"line":79,"column":29}},"38":{"start":{"line":80,"column":2},"end":{"line":105,"column":3}},"39":{"start":{"line":81,"column":4},"end":{"line":87,"column":9}},"40":{"start":{"line":83,"column":8},"end":{"line":83,"column":23}},"41":{"start":{"line":86,"column":8},"end":{"line":86,"column":65}},"42":{"start":{"line":88,"column":9},"end":{"line":105,"column":3}},"43":{"start":{"line":89,"column":4},"end":{"line":95,"column":9}},"44":{"start":{"line":91,"column":8},"end":{"line":91,"column":23}},"45":{"start":{"line":94,"column":8},"end":{"line":94,"column":65}},"46":{"start":{"line":98,"column":4},"end":{"line":104,"column":7}},"47":{"start":{"line":100,"column":6},"end":{"line":100,"column":21}},"48":{"start":{"line":103,"column":6},"end":{"line":103,"column":63}},"49":{"start":{"line":108,"column":0},"end":{"line":108,"column":28}}},"branchMap":{"1":{"line":24,"type":"if","locations":[{"start":{"line":24,"column":4},"end":{"line":24,"column":4}},{"start":{"line":24,"column":4},"end":{"line":24,"column":4}}]},"2":{"line":37,"type":"if","locations":[{"start":{"line":37,"column":4},"end":{"line":37,"column":4}},{"start":{"line":37,"column":4},"end":{"line":37,"column":4}}]},"3":{"line":51,"type":"if","locations":[{"start":{"line":51,"column":4},"end":{"line":51,"column":4}},{"start":{"line":51,"column":4},"end":{"line":51,"column":4}}]},"4":{"line":71,"type":"if","locations":[{"start":{"line":71,"column":4},"end":{"line":71,"column":4}},{"start":{"line":71,"column":4},"end":{"line":71,"column":4}}]},"5":{"line":80,"type":"if","locations":[{"start":{"line":80,"column":2},"end":{"line":80,"column":2}},{"start":{"line":80,"column":2},"end":{"line":80,"column":2}}]},"6":{"line":88,"type":"if","locations":[{"start":{"line":88,"column":9},"end":{"line":88,"column":9}},{"start":{"line":88,"column":9},"end":{"line":88,"column":9}}]}}},"C:\\Users\\Admin\\My projects\\ProjectManager\\api\\models\\user.js":{"path":"C:\\Users\\Admin\\My projects\\ProjectManager\\api\\models\\user.js","s":{"1":1,"2":1,"3":1,"4":1},"b":{},"f":{},"fnMap":{},"statementMap":{"1":{"start":{"line":1,"column":0},"end":{"line":1,"column":37}},"2":{"start":{"line":2,"column":0},"end":{"line":2,"column":31}},"3":{"start":{"line":5,"column":0},"end":{"line":12,"column":3}},"4":{"start":{"line":17,"column":0},"end":{"line":17,"column":46}}},"branchMap":{}},"C:\\Users\\Admin\\My projects\\ProjectManager\\api\\routes\\project.routes.js":{"path":"C:\\Users\\Admin\\My projects\\ProjectManager\\api\\routes\\project.routes.js","s":{"1":1,"2":1,"3":1,"4":1,"5":1,"6":1,"7":1,"8":1,"9":0,"10":1,"11":2,"12":2,"13":1,"14":1,"15":1,"16":1,"17":0,"18":1,"19":1,"20":1,"21":0,"22":1,"23":1,"24":2,"25":2,"26":2,"27":1,"28":1,"29":1,"30":1,"31":1,"32":0,"33":1,"34":1,"35":1,"36":1,"37":1,"38":1,"39":1,"40":0,"41":1,"42":0,"43":0,"44":0,"45":0,"46":0,"47":1,"48":6,"49":6,"50":1,"51":1,"52":0,"53":5,"54":1,"55":1,"56":0,"57":4,"58":1,"59":1,"60":0,"61":3,"62":3,"63":0,"64":1},"b":{"1":[1,1],"2":[0,1],"3":[1,1],"4":[0,1],"5":[0,0],"6":[1,5],"7":[1,4],"8":[1,3]},"f":{"1":1,"2":2,"3":2,"4":1,"5":1,"6":2,"7":2,"8":1,"9":1,"10":0,"11":0,"12":6},"fnMap":{"1":{"name":"(anonymous_1)","line":11,"loc":{"start":{"line":11,"column":40},"end":{"line":11,"column":60}}},"2":{"name":"(anonymous_2)","line":23,"loc":{"start":{"line":23,"column":48},"end":{"line":23,"column":68}}},"3":{"name":"(anonymous_3)","line":24,"loc":{"start":{"line":24,"column":34},"end":{"line":24,"column":58}}},"4":{"name":"(anonymous_4)","line":42,"loc":{"start":{"line":42,"column":43},"end":{"line":42,"column":63}}},"5":{"name":"(anonymous_5)","line":43,"loc":{"start":{"line":43,"column":15},"end":{"line":43,"column":40}}},"6":{"name":"(anonymous_6)","line":54,"loc":{"start":{"line":54,"column":43},"end":{"line":54,"column":63}}},"7":{"name":"(anonymous_7)","line":56,"loc":{"start":{"line":56,"column":23},"end":{"line":56,"column":47}}},"8":{"name":"(anonymous_8)","line":69,"loc":{"start":{"line":69,"column":47},"end":{"line":69,"column":67}}},"9":{"name":"(anonymous_9)","line":70,"loc":{"start":{"line":70,"column":34},"end":{"line":70,"column":58}}},"10":{"name":"(anonymous_10)","line":92,"loc":{"start":{"line":92,"column":46},"end":{"line":92,"column":66}}},"11":{"name":"(anonymous_11)","line":93,"loc":{"start":{"line":93,"column":52},"end":{"line":93,"column":76}}},"12":{"name":"(anonymous_12)","line":102,"loc":{"start":{"line":102,"column":48},"end":{"line":102,"column":68}}}},"statementMap":{"1":{"start":{"line":3,"column":0},"end":{"line":3,"column":35}},"2":{"start":{"line":4,"column":0},"end":{"line":4,"column":22}},"3":{"start":{"line":5,"column":0},"end":{"line":5,"column":39}},"4":{"start":{"line":8,"column":0},"end":{"line":8,"column":43}},"5":{"start":{"line":11,"column":0},"end":{"line":20,"column":3}},"6":{"start":{"line":12,"column":2},"end":{"line":12,"column":38}},"7":{"start":{"line":13,"column":2},"end":{"line":19,"column":7}},"8":{"start":{"line":15,"column":6},"end":{"line":15,"column":72}},"9":{"start":{"line":18,"column":6},"end":{"line":18,"column":78}},"10":{"start":{"line":23,"column":0},"end":{"line":38,"column":3}},"11":{"start":{"line":24,"column":2},"end":{"line":37,"column":5}},"12":{"start":{"line":25,"column":4},"end":{"line":36,"column":5}},"13":{"start":{"line":26,"column":6},"end":{"line":26,"column":79}},"14":{"start":{"line":28,"column":6},"end":{"line":28,"column":34}},"15":{"start":{"line":29,"column":6},"end":{"line":35,"column":11}},"16":{"start":{"line":31,"column":10},"end":{"line":31,"column":55}},"17":{"start":{"line":34,"column":10},"end":{"line":34,"column":64}},"18":{"start":{"line":42,"column":0},"end":{"line":51,"column":3}},"19":{"start":{"line":43,"column":2},"end":{"line":50,"column":5}},"20":{"start":{"line":44,"column":4},"end":{"line":49,"column":5}},"21":{"start":{"line":45,"column":6},"end":{"line":45,"column":57}},"22":{"start":{"line":48,"column":6},"end":{"line":48,"column":25}},"23":{"start":{"line":54,"column":0},"end":{"line":66,"column":3}},"24":{"start":{"line":55,"column":2},"end":{"line":55,"column":25}},"25":{"start":{"line":56,"column":2},"end":{"line":65,"column":5}},"26":{"start":{"line":57,"column":4},"end":{"line":62,"column":5}},"27":{"start":{"line":58,"column":6},"end":{"line":58,"column":47}},"28":{"start":{"line":61,"column":6},"end":{"line":61,"column":24}},"29":{"start":{"line":69,"column":0},"end":{"line":88,"column":3}},"30":{"start":{"line":70,"column":2},"end":{"line":87,"column":5}},"31":{"start":{"line":71,"column":4},"end":{"line":86,"column":5}},"32":{"start":{"line":72,"column":6},"end":{"line":72,"column":78}},"33":{"start":{"line":74,"column":6},"end":{"line":74,"column":51}},"34":{"start":{"line":75,"column":6},"end":{"line":75,"column":47}},"35":{"start":{"line":76,"column":6},"end":{"line":76,"column":47}},"36":{"start":{"line":77,"column":6},"end":{"line":77,"column":43}},"37":{"start":{"line":78,"column":6},"end":{"line":78,"column":43}},"38":{"start":{"line":79,"column":6},"end":{"line":85,"column":11}},"39":{"start":{"line":81,"column":10},"end":{"line":81,"column":67}},"40":{"start":{"line":84,"column":10},"end":{"line":84,"column":69}},"41":{"start":{"line":92,"column":0},"end":{"line":100,"column":3}},"42":{"start":{"line":93,"column":2},"end":{"line":99,"column":5}},"43":{"start":{"line":94,"column":4},"end":{"line":98,"column":57}},"44":{"start":{"line":95,"column":6},"end":{"line":95,"column":33}},"45":{"start":{"line":96,"column":6},"end":{"line":96,"column":35}},"46":{"start":{"line":98,"column":9},"end":{"line":98,"column":57}},"47":{"start":{"line":102,"column":0},"end":{"line":139,"column":3}},"48":{"start":{"line":103,"column":2},"end":{"line":103,"column":29}},"49":{"start":{"line":104,"column":2},"end":{"line":138,"column":3}},"50":{"start":{"line":105,"column":4},"end":{"line":111,"column":9}},"51":{"start":{"line":107,"column":8},"end":{"line":107,"column":26}},"52":{"start":{"line":110,"column":8},"end":{"line":110,"column":65}},"53":{"start":{"line":112,"column":9},"end":{"line":138,"column":3}},"54":{"start":{"line":113,"column":4},"end":{"line":119,"column":9}},"55":{"start":{"line":115,"column":8},"end":{"line":115,"column":26}},"56":{"start":{"line":118,"column":8},"end":{"line":118,"column":65}},"57":{"start":{"line":121,"column":7},"end":{"line":138,"column":3}},"58":{"start":{"line":122,"column":4},"end":{"line":128,"column":9}},"59":{"start":{"line":124,"column":8},"end":{"line":124,"column":26}},"60":{"start":{"line":127,"column":8},"end":{"line":127,"column":65}},"61":{"start":{"line":131,"column":4},"end":{"line":137,"column":9}},"62":{"start":{"line":133,"column":8},"end":{"line":133,"column":26}},"63":{"start":{"line":136,"column":8},"end":{"line":136,"column":65}},"64":{"start":{"line":141,"column":0},"end":{"line":141,"column":31}}},"branchMap":{"1":{"line":25,"type":"if","locations":[{"start":{"line":25,"column":4},"end":{"line":25,"column":4}},{"start":{"line":25,"column":4},"end":{"line":25,"column":4}}]},"2":{"line":44,"type":"if","locations":[{"start":{"line":44,"column":4},"end":{"line":44,"column":4}},{"start":{"line":44,"column":4},"end":{"line":44,"column":4}}]},"3":{"line":57,"type":"if","locations":[{"start":{"line":57,"column":4},"end":{"line":57,"column":4}},{"start":{"line":57,"column":4},"end":{"line":57,"column":4}}]},"4":{"line":71,"type":"if","locations":[{"start":{"line":71,"column":4},"end":{"line":71,"column":4}},{"start":{"line":71,"column":4},"end":{"line":71,"column":4}}]},"5":{"line":94,"type":"if","locations":[{"start":{"line":94,"column":4},"end":{"line":94,"column":4}},{"start":{"line":94,"column":4},"end":{"line":94,"column":4}}]},"6":{"line":104,"type":"if","locations":[{"start":{"line":104,"column":2},"end":{"line":104,"column":2}},{"start":{"line":104,"column":2},"end":{"line":104,"column":2}}]},"7":{"line":112,"type":"if","locations":[{"start":{"line":112,"column":9},"end":{"line":112,"column":9}},{"start":{"line":112,"column":9},"end":{"line":112,"column":9}}]},"8":{"line":121,"type":"if","locations":[{"start":{"line":121,"column":7},"end":{"line":121,"column":7}},{"start":{"line":121,"column":7},"end":{"line":121,"column":7}}]}}},"C:\\Users\\Admin\\My projects\\ProjectManager\\api\\models\\project.js":{"path":"C:\\Users\\Admin\\My projects\\ProjectManager\\api\\models\\project.js","s":{"1":1,"2":1,"3":1,"4":1},"b":{},"f":{},"fnMap":{},"statementMap":{"1":{"start":{"line":1,"column":0},"end":{"line":1,"column":37}},"2":{"start":{"line":2,"column":0},"end":{"line":2,"column":31}},"3":{"start":{"line":5,"column":0},"end":{"line":16,"column":3}},"4":{"start":{"line":19,"column":0},"end":{"line":19,"column":52}}},"branchMap":{}},"C:\\Users\\Admin\\My projects\\ProjectManager\\api\\spec\\task.spec.js":{"path":"C:\\Users\\Admin\\My projects\\ProjectManager\\api\\spec\\task.spec.js","s":{"1":1,"2":1,"3":1,"4":1,"5":1,"6":1,"7":1,"8":1,"9":1,"10":1,"11":1,"12":1,"13":1,"14":1,"15":1,"16":1,"17":1,"18":1,"19":1,"20":1,"21":1,"22":1,"23":1,"24":1,"25":1,"26":1,"27":1,"28":1,"29":1,"30":1,"31":1,"32":1,"33":1,"34":1,"35":1,"36":1,"37":1,"38":1,"39":1,"40":1,"41":1,"42":1,"43":1,"44":1,"45":1,"46":1,"47":1,"48":1,"49":1,"50":1,"51":1,"52":1,"53":1,"54":1,"55":1,"56":1,"57":1,"58":1,"59":1,"60":1,"61":1,"62":1,"63":1,"64":1,"65":1,"66":1,"67":1,"68":1,"69":1,"70":1,"71":1,"72":1,"73":1,"74":1,"75":1,"76":1,"77":1,"78":1,"79":1,"80":1,"81":1,"82":1,"83":1,"84":1,"85":1,"86":1,"87":1,"88":1,"89":1,"90":1,"91":1,"92":1,"93":1,"94":1,"95":1,"96":1,"97":1,"98":1,"99":1,"100":1,"101":1,"102":1,"103":1,"104":1,"105":1,"106":1,"107":1,"108":1,"109":1,"110":1,"111":1,"112":1,"113":1,"114":1,"115":1,"116":1,"117":1},"b":{},"f":{"1":1,"2":1,"3":1,"4":1,"5":1,"6":1,"7":1,"8":1,"9":1,"10":1,"11":1,"12":1,"13":1,"14":1,"15":1,"16":1,"17":1,"18":1,"19":1,"20":1,"21":1,"22":1,"23":1,"24":1,"25":1,"26":1,"27":1,"28":1,"29":1,"30":1,"31":1,"32":1,"33":1,"34":1,"35":1,"36":1,"37":1,"38":1,"39":1,"40":1,"41":1,"42":1,"43":1,"44":1,"45":1,"46":1,"47":1,"48":1,"49":1,"50":1,"51":1,"52":1,"53":1,"54":1,"55":1,"56":1,"57":1,"58":1,"59":1,"60":1,"61":1,"62":1,"63":1,"64":1,"65":1},"fnMap":{"1":{"name":"(anonymous_1)","line":5,"loc":{"start":{"line":5,"column":31},"end":{"line":5,"column":43}}},"2":{"name":"(anonymous_2)","line":7,"loc":{"start":{"line":7,"column":39},"end":{"line":7,"column":51}}},"3":{"name":"(anonymous_3)","line":8,"loc":{"start":{"line":8,"column":49},"end":{"line":8,"column":65}}},"4":{"name":"(anonymous_4)","line":11,"loc":{"start":{"line":11,"column":16},"end":{"line":11,"column":36}}},"5":{"name":"(anonymous_5)","line":15,"loc":{"start":{"line":15,"column":13},"end":{"line":15,"column":28}}},"6":{"name":"(anonymous_6)","line":22,"loc":{"start":{"line":22,"column":45},"end":{"line":22,"column":57}}},"7":{"name":"(anonymous_7)","line":23,"loc":{"start":{"line":23,"column":64},"end":{"line":23,"column":80}}},"8":{"name":"(anonymous_8)","line":26,"loc":{"start":{"line":26,"column":16},"end":{"line":26,"column":31}}},"9":{"name":"(anonymous_9)","line":30,"loc":{"start":{"line":30,"column":13},"end":{"line":30,"column":28}}},"10":{"name":"(anonymous_10)","line":36,"loc":{"start":{"line":36,"column":62},"end":{"line":36,"column":78}}},"11":{"name":"(anonymous_11)","line":39,"loc":{"start":{"line":39,"column":16},"end":{"line":39,"column":31}}},"12":{"name":"(anonymous_12)","line":42,"loc":{"start":{"line":42,"column":13},"end":{"line":42,"column":28}}},"13":{"name":"(anonymous_13)","line":49,"loc":{"start":{"line":49,"column":49},"end":{"line":49,"column":61}}},"14":{"name":"(anonymous_14)","line":50,"loc":{"start":{"line":50,"column":58},"end":{"line":50,"column":74}}},"15":{"name":"(anonymous_15)","line":53,"loc":{"start":{"line":53,"column":16},"end":{"line":53,"column":31}}},"16":{"name":"(anonymous_16)","line":57,"loc":{"start":{"line":57,"column":13},"end":{"line":57,"column":28}}},"17":{"name":"(anonymous_17)","line":63,"loc":{"start":{"line":63,"column":59},"end":{"line":63,"column":75}}},"18":{"name":"(anonymous_18)","line":66,"loc":{"start":{"line":66,"column":16},"end":{"line":66,"column":31}}},"19":{"name":"(anonymous_19)","line":69,"loc":{"start":{"line":69,"column":13},"end":{"line":69,"column":28}}},"20":{"name":"(anonymous_20)","line":76,"loc":{"start":{"line":76,"column":39},"end":{"line":76,"column":51}}},"21":{"name":"(anonymous_21)","line":77,"loc":{"start":{"line":77,"column":48},"end":{"line":77,"column":64}}},"22":{"name":"(anonymous_22)","line":80,"loc":{"start":{"line":80,"column":16},"end":{"line":80,"column":36}}},"23":{"name":"(anonymous_23)","line":84,"loc":{"start":{"line":84,"column":13},"end":{"line":84,"column":28}}},"24":{"name":"(anonymous_24)","line":90,"loc":{"start":{"line":90,"column":48},"end":{"line":90,"column":64}}},"25":{"name":"(anonymous_25)","line":93,"loc":{"start":{"line":93,"column":16},"end":{"line":93,"column":36}}},"26":{"name":"(anonymous_26)","line":97,"loc":{"start":{"line":97,"column":13},"end":{"line":97,"column":28}}},"27":{"name":"(anonymous_27)","line":103,"loc":{"start":{"line":103,"column":46},"end":{"line":103,"column":62}}},"28":{"name":"(anonymous_28)","line":106,"loc":{"start":{"line":106,"column":16},"end":{"line":106,"column":36}}},"29":{"name":"(anonymous_29)","line":110,"loc":{"start":{"line":110,"column":13},"end":{"line":110,"column":28}}},"30":{"name":"(anonymous_30)","line":116,"loc":{"start":{"line":116,"column":46},"end":{"line":116,"column":62}}},"31":{"name":"(anonymous_31)","line":119,"loc":{"start":{"line":119,"column":16},"end":{"line":119,"column":36}}},"32":{"name":"(anonymous_32)","line":123,"loc":{"start":{"line":123,"column":13},"end":{"line":123,"column":28}}},"33":{"name":"(anonymous_33)","line":129,"loc":{"start":{"line":129,"column":47},"end":{"line":129,"column":63}}},"34":{"name":"(anonymous_34)","line":132,"loc":{"start":{"line":132,"column":16},"end":{"line":132,"column":36}}},"35":{"name":"(anonymous_35)","line":136,"loc":{"start":{"line":136,"column":13},"end":{"line":136,"column":28}}},"36":{"name":"(anonymous_36)","line":143,"loc":{"start":{"line":143,"column":49},"end":{"line":143,"column":61}}},"37":{"name":"(anonymous_37)","line":144,"loc":{"start":{"line":144,"column":34},"end":{"line":144,"column":50}}},"38":{"name":"(anonymous_38)","line":147,"loc":{"start":{"line":147,"column":16},"end":{"line":147,"column":36}}},"39":{"name":"(anonymous_39)","line":151,"loc":{"start":{"line":151,"column":13},"end":{"line":151,"column":28}}},"40":{"name":"(anonymous_40)","line":159,"loc":{"start":{"line":159,"column":39},"end":{"line":159,"column":51}}},"41":{"name":"(anonymous_41)","line":161,"loc":{"start":{"line":161,"column":31},"end":{"line":161,"column":47}}},"42":{"name":"(anonymous_42)","line":173,"loc":{"start":{"line":173,"column":16},"end":{"line":173,"column":31}}},"43":{"name":"(anonymous_43)","line":177,"loc":{"start":{"line":177,"column":13},"end":{"line":177,"column":28}}},"44":{"name":"(anonymous_44)","line":184,"loc":{"start":{"line":184,"column":39},"end":{"line":184,"column":51}}},"45":{"name":"(anonymous_45)","line":186,"loc":{"start":{"line":186,"column":64},"end":{"line":186,"column":80}}},"46":{"name":"(anonymous_46)","line":189,"loc":{"start":{"line":189,"column":16},"end":{"line":189,"column":31}}},"47":{"name":"(anonymous_47)","line":193,"loc":{"start":{"line":193,"column":13},"end":{"line":193,"column":28}}},"48":{"name":"(anonymous_48)","line":200,"loc":{"start":{"line":200,"column":56},"end":{"line":200,"column":72}}},"49":{"name":"(anonymous_49)","line":203,"loc":{"start":{"line":203,"column":16},"end":{"line":203,"column":31}}},"50":{"name":"(anonymous_50)","line":207,"loc":{"start":{"line":207,"column":13},"end":{"line":207,"column":28}}},"51":{"name":"(anonymous_51)","line":216,"loc":{"start":{"line":216,"column":39},"end":{"line":216,"column":51}}},"52":{"name":"(anonymous_52)","line":217,"loc":{"start":{"line":217,"column":64},"end":{"line":217,"column":80}}},"53":{"name":"(anonymous_53)","line":220,"loc":{"start":{"line":220,"column":16},"end":{"line":220,"column":31}}},"54":{"name":"(anonymous_54)","line":224,"loc":{"start":{"line":224,"column":13},"end":{"line":224,"column":28}}},"55":{"name":"(anonymous_55)","line":229,"loc":{"start":{"line":229,"column":31},"end":{"line":229,"column":47}}},"56":{"name":"(anonymous_56)","line":240,"loc":{"start":{"line":240,"column":16},"end":{"line":240,"column":31}}},"57":{"name":"(anonymous_57)","line":244,"loc":{"start":{"line":244,"column":13},"end":{"line":244,"column":28}}},"58":{"name":"(anonymous_58)","line":251,"loc":{"start":{"line":251,"column":36},"end":{"line":251,"column":48}}},"59":{"name":"(anonymous_59)","line":252,"loc":{"start":{"line":252,"column":66},"end":{"line":252,"column":82}}},"60":{"name":"(anonymous_60)","line":255,"loc":{"start":{"line":255,"column":16},"end":{"line":255,"column":31}}},"61":{"name":"(anonymous_61)","line":259,"loc":{"start":{"line":259,"column":13},"end":{"line":259,"column":28}}},"62":{"name":"(anonymous_62)","line":267,"loc":{"start":{"line":267,"column":36},"end":{"line":267,"column":48}}},"63":{"name":"(anonymous_63)","line":268,"loc":{"start":{"line":268,"column":28},"end":{"line":268,"column":44}}},"64":{"name":"(anonymous_64)","line":274,"loc":{"start":{"line":274,"column":16},"end":{"line":274,"column":31}}},"65":{"name":"(anonymous_65)","line":278,"loc":{"start":{"line":278,"column":13},"end":{"line":278,"column":28}}}},"statementMap":{"1":{"start":{"line":1,"column":0},"end":{"line":1,"column":35}},"2":{"start":{"line":3,"column":0},"end":{"line":3,"column":31}},"3":{"start":{"line":5,"column":0},"end":{"line":286,"column":3}},"4":{"start":{"line":7,"column":2},"end":{"line":20,"column":5}},"5":{"start":{"line":8,"column":4},"end":{"line":19,"column":7}},"6":{"start":{"line":9,"column":6},"end":{"line":18,"column":10}},"7":{"start":{"line":12,"column":10},"end":{"line":12,"column":48}},"8":{"start":{"line":13,"column":10},"end":{"line":13,"column":60}},"9":{"start":{"line":16,"column":10},"end":{"line":16,"column":36}},"10":{"start":{"line":17,"column":10},"end":{"line":17,"column":17}},"11":{"start":{"line":22,"column":2},"end":{"line":47,"column":5}},"12":{"start":{"line":23,"column":4},"end":{"line":34,"column":7}},"13":{"start":{"line":24,"column":6},"end":{"line":33,"column":10}},"14":{"start":{"line":27,"column":10},"end":{"line":27,"column":43}},"15":{"start":{"line":28,"column":10},"end":{"line":28,"column":57}},"16":{"start":{"line":31,"column":10},"end":{"line":31,"column":36}},"17":{"start":{"line":32,"column":10},"end":{"line":32,"column":17}},"18":{"start":{"line":36,"column":4},"end":{"line":46,"column":7}},"19":{"start":{"line":37,"column":6},"end":{"line":45,"column":10}},"20":{"start":{"line":40,"column":10},"end":{"line":40,"column":43}},"21":{"start":{"line":43,"column":10},"end":{"line":43,"column":36}},"22":{"start":{"line":44,"column":10},"end":{"line":44,"column":17}},"23":{"start":{"line":49,"column":2},"end":{"line":74,"column":5}},"24":{"start":{"line":50,"column":4},"end":{"line":61,"column":7}},"25":{"start":{"line":51,"column":6},"end":{"line":60,"column":10}},"26":{"start":{"line":55,"column":10},"end":{"line":55,"column":87}},"27":{"start":{"line":58,"column":10},"end":{"line":58,"column":36}},"28":{"start":{"line":59,"column":10},"end":{"line":59,"column":17}},"29":{"start":{"line":63,"column":4},"end":{"line":73,"column":7}},"30":{"start":{"line":64,"column":6},"end":{"line":72,"column":10}},"31":{"start":{"line":67,"column":10},"end":{"line":67,"column":43}},"32":{"start":{"line":70,"column":10},"end":{"line":70,"column":36}},"33":{"start":{"line":71,"column":10},"end":{"line":71,"column":17}},"34":{"start":{"line":76,"column":2},"end":{"line":141,"column":5}},"35":{"start":{"line":77,"column":4},"end":{"line":88,"column":7}},"36":{"start":{"line":78,"column":6},"end":{"line":87,"column":10}},"37":{"start":{"line":81,"column":10},"end":{"line":81,"column":48}},"38":{"start":{"line":82,"column":10},"end":{"line":82,"column":60}},"39":{"start":{"line":85,"column":10},"end":{"line":85,"column":36}},"40":{"start":{"line":86,"column":10},"end":{"line":86,"column":17}},"41":{"start":{"line":90,"column":4},"end":{"line":101,"column":7}},"42":{"start":{"line":91,"column":6},"end":{"line":100,"column":10}},"43":{"start":{"line":94,"column":10},"end":{"line":94,"column":48}},"44":{"start":{"line":95,"column":10},"end":{"line":95,"column":60}},"45":{"start":{"line":98,"column":10},"end":{"line":98,"column":36}},"46":{"start":{"line":99,"column":10},"end":{"line":99,"column":17}},"47":{"start":{"line":103,"column":4},"end":{"line":114,"column":7}},"48":{"start":{"line":104,"column":6},"end":{"line":113,"column":10}},"49":{"start":{"line":107,"column":10},"end":{"line":107,"column":48}},"50":{"start":{"line":108,"column":10},"end":{"line":108,"column":60}},"51":{"start":{"line":111,"column":10},"end":{"line":111,"column":36}},"52":{"start":{"line":112,"column":10},"end":{"line":112,"column":17}},"53":{"start":{"line":116,"column":4},"end":{"line":127,"column":7}},"54":{"start":{"line":117,"column":6},"end":{"line":126,"column":10}},"55":{"start":{"line":120,"column":10},"end":{"line":120,"column":48}},"56":{"start":{"line":121,"column":10},"end":{"line":121,"column":60}},"57":{"start":{"line":124,"column":10},"end":{"line":124,"column":36}},"58":{"start":{"line":125,"column":10},"end":{"line":125,"column":17}},"59":{"start":{"line":129,"column":4},"end":{"line":140,"column":7}},"60":{"start":{"line":130,"column":6},"end":{"line":139,"column":10}},"61":{"start":{"line":133,"column":10},"end":{"line":133,"column":48}},"62":{"start":{"line":134,"column":10},"end":{"line":134,"column":60}},"63":{"start":{"line":137,"column":10},"end":{"line":137,"column":36}},"64":{"start":{"line":138,"column":10},"end":{"line":138,"column":17}},"65":{"start":{"line":143,"column":2},"end":{"line":156,"column":5}},"66":{"start":{"line":144,"column":4},"end":{"line":155,"column":7}},"67":{"start":{"line":145,"column":6},"end":{"line":154,"column":10}},"68":{"start":{"line":148,"column":10},"end":{"line":148,"column":48}},"69":{"start":{"line":149,"column":10},"end":{"line":149,"column":60}},"70":{"start":{"line":152,"column":10},"end":{"line":152,"column":36}},"71":{"start":{"line":153,"column":10},"end":{"line":153,"column":17}},"72":{"start":{"line":159,"column":2},"end":{"line":183,"column":5}},"73":{"start":{"line":161,"column":4},"end":{"line":181,"column":7}},"74":{"start":{"line":162,"column":6},"end":{"line":180,"column":10}},"75":{"start":{"line":174,"column":10},"end":{"line":174,"column":43}},"76":{"start":{"line":175,"column":10},"end":{"line":175,"column":77}},"77":{"start":{"line":178,"column":10},"end":{"line":178,"column":36}},"78":{"start":{"line":179,"column":10},"end":{"line":179,"column":17}},"79":{"start":{"line":184,"column":2},"end":{"line":213,"column":5}},"80":{"start":{"line":186,"column":4},"end":{"line":197,"column":7}},"81":{"start":{"line":187,"column":6},"end":{"line":196,"column":10}},"82":{"start":{"line":190,"column":10},"end":{"line":190,"column":43}},"83":{"start":{"line":191,"column":10},"end":{"line":191,"column":57}},"84":{"start":{"line":194,"column":10},"end":{"line":194,"column":36}},"85":{"start":{"line":195,"column":10},"end":{"line":195,"column":17}},"86":{"start":{"line":200,"column":4},"end":{"line":211,"column":7}},"87":{"start":{"line":201,"column":6},"end":{"line":210,"column":10}},"88":{"start":{"line":204,"column":10},"end":{"line":204,"column":43}},"89":{"start":{"line":205,"column":10},"end":{"line":205,"column":74}},"90":{"start":{"line":208,"column":10},"end":{"line":208,"column":36}},"91":{"start":{"line":209,"column":10},"end":{"line":209,"column":17}},"92":{"start":{"line":216,"column":2},"end":{"line":249,"column":5}},"93":{"start":{"line":217,"column":4},"end":{"line":228,"column":7}},"94":{"start":{"line":218,"column":6},"end":{"line":227,"column":10}},"95":{"start":{"line":221,"column":10},"end":{"line":221,"column":43}},"96":{"start":{"line":222,"column":10},"end":{"line":222,"column":83}},"97":{"start":{"line":225,"column":10},"end":{"line":225,"column":36}},"98":{"start":{"line":226,"column":10},"end":{"line":226,"column":17}},"99":{"start":{"line":229,"column":4},"end":{"line":248,"column":7}},"100":{"start":{"line":230,"column":6},"end":{"line":247,"column":10}},"101":{"start":{"line":241,"column":10},"end":{"line":241,"column":43}},"102":{"start":{"line":242,"column":10},"end":{"line":242,"column":83}},"103":{"start":{"line":245,"column":10},"end":{"line":245,"column":36}},"104":{"start":{"line":246,"column":10},"end":{"line":246,"column":17}},"105":{"start":{"line":251,"column":2},"end":{"line":264,"column":5}},"106":{"start":{"line":252,"column":4},"end":{"line":263,"column":7}},"107":{"start":{"line":253,"column":6},"end":{"line":262,"column":10}},"108":{"start":{"line":256,"column":10},"end":{"line":256,"column":43}},"109":{"start":{"line":257,"column":10},"end":{"line":257,"column":80}},"110":{"start":{"line":260,"column":10},"end":{"line":260,"column":36}},"111":{"start":{"line":261,"column":10},"end":{"line":261,"column":17}},"112":{"start":{"line":267,"column":2},"end":{"line":283,"column":5}},"113":{"start":{"line":268,"column":4},"end":{"line":282,"column":7}},"114":{"start":{"line":269,"column":6},"end":{"line":281,"column":10}},"115":{"start":{"line":276,"column":10},"end":{"line":276,"column":71}},"116":{"start":{"line":279,"column":10},"end":{"line":279,"column":36}},"117":{"start":{"line":280,"column":10},"end":{"line":280,"column":17}}},"branchMap":{}},"C:\\Users\\Admin\\My projects\\ProjectManager\\api\\spec\\user.spec.js":{"path":"C:\\Users\\Admin\\My projects\\ProjectManager\\api\\spec\\user.spec.js","s":{"1":1,"2":1,"3":1,"4":1,"5":1,"6":1,"7":1,"8":1,"9":1,"10":1,"11":1,"12":1,"13":1,"14":1,"15":1,"16":1,"17":1,"18":1,"19":1,"20":1,"21":1,"22":1,"23":1,"24":1,"25":1,"26":1,"27":1,"28":1,"29":1,"30":1,"31":1,"32":1,"33":1,"34":1,"35":1,"36":1,"37":1,"38":1,"39":1,"40":1,"41":1,"42":1,"43":1,"44":1,"45":1,"46":1,"47":1,"48":1,"49":1,"50":1,"51":1,"52":1,"53":1,"54":1,"55":1,"56":1,"57":1,"58":1,"59":1,"60":1,"61":1,"62":1,"63":1,"64":1,"65":1,"66":1,"67":1,"68":1,"69":1,"70":1,"71":1,"72":1,"73":1,"74":1,"75":1,"76":1,"77":1,"78":1,"79":1,"80":1},"b":{},"f":{"1":1,"2":1,"3":1,"4":1,"5":1,"6":1,"7":1,"8":1,"9":1,"10":1,"11":1,"12":1,"13":1,"14":1,"15":1,"16":1,"17":1,"18":1,"19":1,"20":1,"21":1,"22":1,"23":1,"24":1,"25":1,"26":1,"27":1,"28":1,"29":1,"30":1,"31":1,"32":1,"33":1,"34":1,"35":1,"36":1,"37":1,"38":1,"39":1,"40":1,"41":1,"42":1,"43":1},"fnMap":{"1":{"name":"(anonymous_1)","line":9,"loc":{"start":{"line":9,"column":32},"end":{"line":9,"column":44}}},"2":{"name":"(anonymous_2)","line":11,"loc":{"start":{"line":11,"column":45},"end":{"line":11,"column":57}}},"3":{"name":"(anonymous_3)","line":12,"loc":{"start":{"line":12,"column":53},"end":{"line":12,"column":69}}},"4":{"name":"(anonymous_4)","line":15,"loc":{"start":{"line":15,"column":24},"end":{"line":15,"column":44}}},"5":{"name":"(anonymous_5)","line":19,"loc":{"start":{"line":19,"column":21},"end":{"line":19,"column":36}}},"6":{"name":"(anonymous_6)","line":39,"loc":{"start":{"line":39,"column":47},"end":{"line":39,"column":59}}},"7":{"name":"(anonymous_7)","line":40,"loc":{"start":{"line":40,"column":68},"end":{"line":40,"column":84}}},"8":{"name":"(anonymous_8)","line":43,"loc":{"start":{"line":43,"column":24},"end":{"line":43,"column":39}}},"9":{"name":"(anonymous_9)","line":47,"loc":{"start":{"line":47,"column":21},"end":{"line":47,"column":36}}},"10":{"name":"(anonymous_10)","line":53,"loc":{"start":{"line":53,"column":60},"end":{"line":53,"column":76}}},"11":{"name":"(anonymous_11)","line":56,"loc":{"start":{"line":56,"column":24},"end":{"line":56,"column":39}}},"12":{"name":"(anonymous_12)","line":59,"loc":{"start":{"line":59,"column":21},"end":{"line":59,"column":36}}},"13":{"name":"(anonymous_13)","line":66,"loc":{"start":{"line":66,"column":41},"end":{"line":66,"column":53}}},"14":{"name":"(anonymous_14)","line":67,"loc":{"start":{"line":67,"column":38},"end":{"line":67,"column":54}}},"15":{"name":"(anonymous_15)","line":70,"loc":{"start":{"line":70,"column":24},"end":{"line":70,"column":44}}},"16":{"name":"(anonymous_16)","line":74,"loc":{"start":{"line":74,"column":21},"end":{"line":74,"column":36}}},"17":{"name":"(anonymous_17)","line":81,"loc":{"start":{"line":81,"column":41},"end":{"line":81,"column":53}}},"18":{"name":"(anonymous_18)","line":83,"loc":{"start":{"line":83,"column":35},"end":{"line":83,"column":51}}},"19":{"name":"(anonymous_19)","line":91,"loc":{"start":{"line":91,"column":24},"end":{"line":91,"column":39}}},"20":{"name":"(anonymous_20)","line":95,"loc":{"start":{"line":95,"column":21},"end":{"line":95,"column":36}}},"21":{"name":"(anonymous_21)","line":102,"loc":{"start":{"line":102,"column":41},"end":{"line":102,"column":53}}},"22":{"name":"(anonymous_22)","line":103,"loc":{"start":{"line":103,"column":68},"end":{"line":103,"column":84}}},"23":{"name":"(anonymous_23)","line":106,"loc":{"start":{"line":106,"column":24},"end":{"line":106,"column":39}}},"24":{"name":"(anonymous_24)","line":110,"loc":{"start":{"line":110,"column":21},"end":{"line":110,"column":36}}},"25":{"name":"(anonymous_25)","line":117,"loc":{"start":{"line":117,"column":41},"end":{"line":117,"column":53}}},"26":{"name":"(anonymous_26)","line":119,"loc":{"start":{"line":119,"column":68},"end":{"line":119,"column":84}}},"27":{"name":"(anonymous_27)","line":122,"loc":{"start":{"line":122,"column":24},"end":{"line":122,"column":39}}},"28":{"name":"(anonymous_28)","line":126,"loc":{"start":{"line":126,"column":21},"end":{"line":126,"column":36}}},"29":{"name":"(anonymous_29)","line":132,"loc":{"start":{"line":132,"column":60},"end":{"line":132,"column":76}}},"30":{"name":"(anonymous_30)","line":135,"loc":{"start":{"line":135,"column":24},"end":{"line":135,"column":39}}},"31":{"name":"(anonymous_31)","line":139,"loc":{"start":{"line":139,"column":21},"end":{"line":139,"column":36}}},"32":{"name":"(anonymous_32)","line":146,"loc":{"start":{"line":146,"column":52},"end":{"line":146,"column":64}}},"33":{"name":"(anonymous_33)","line":147,"loc":{"start":{"line":147,"column":38},"end":{"line":147,"column":54}}},"34":{"name":"(anonymous_34)","line":150,"loc":{"start":{"line":150,"column":24},"end":{"line":150,"column":44}}},"35":{"name":"(anonymous_35)","line":154,"loc":{"start":{"line":154,"column":21},"end":{"line":154,"column":36}}},"36":{"name":"(anonymous_36)","line":161,"loc":{"start":{"line":161,"column":52},"end":{"line":161,"column":64}}},"37":{"name":"(anonymous_37)","line":162,"loc":{"start":{"line":162,"column":38},"end":{"line":162,"column":54}}},"38":{"name":"(anonymous_38)","line":165,"loc":{"start":{"line":165,"column":24},"end":{"line":165,"column":44}}},"39":{"name":"(anonymous_39)","line":169,"loc":{"start":{"line":169,"column":21},"end":{"line":169,"column":36}}},"40":{"name":"(anonymous_40)","line":176,"loc":{"start":{"line":176,"column":52},"end":{"line":176,"column":64}}},"41":{"name":"(anonymous_41)","line":177,"loc":{"start":{"line":177,"column":38},"end":{"line":177,"column":54}}},"42":{"name":"(anonymous_42)","line":180,"loc":{"start":{"line":180,"column":24},"end":{"line":180,"column":44}}},"43":{"name":"(anonymous_43)","line":184,"loc":{"start":{"line":184,"column":21},"end":{"line":184,"column":36}}}},"statementMap":{"1":{"start":{"line":1,"column":0},"end":{"line":1,"column":35}},"2":{"start":{"line":3,"column":0},"end":{"line":3,"column":31}},"3":{"start":{"line":4,"column":0},"end":{"line":4,"column":29}},"4":{"start":{"line":5,"column":0},"end":{"line":5,"column":37}},"5":{"start":{"line":6,"column":0},"end":{"line":6,"column":54}},"6":{"start":{"line":9,"column":0},"end":{"line":190,"column":3}},"7":{"start":{"line":11,"column":4},"end":{"line":37,"column":7}},"8":{"start":{"line":12,"column":8},"end":{"line":23,"column":11}},"9":{"start":{"line":13,"column":12},"end":{"line":22,"column":18}},"10":{"start":{"line":16,"column":20},"end":{"line":16,"column":58}},"11":{"start":{"line":17,"column":20},"end":{"line":17,"column":70}},"12":{"start":{"line":20,"column":20},"end":{"line":20,"column":46}},"13":{"start":{"line":21,"column":20},"end":{"line":21,"column":27}},"14":{"start":{"line":39,"column":4},"end":{"line":64,"column":7}},"15":{"start":{"line":40,"column":8},"end":{"line":51,"column":11}},"16":{"start":{"line":41,"column":12},"end":{"line":50,"column":18}},"17":{"start":{"line":44,"column":20},"end":{"line":44,"column":53}},"18":{"start":{"line":45,"column":20},"end":{"line":45,"column":67}},"19":{"start":{"line":48,"column":20},"end":{"line":48,"column":46}},"20":{"start":{"line":49,"column":20},"end":{"line":49,"column":27}},"21":{"start":{"line":53,"column":8},"end":{"line":63,"column":11}},"22":{"start":{"line":54,"column":12},"end":{"line":62,"column":18}},"23":{"start":{"line":57,"column":20},"end":{"line":57,"column":53}},"24":{"start":{"line":60,"column":20},"end":{"line":60,"column":46}},"25":{"start":{"line":61,"column":20},"end":{"line":61,"column":27}},"26":{"start":{"line":66,"column":4},"end":{"line":79,"column":7}},"27":{"start":{"line":67,"column":8},"end":{"line":78,"column":11}},"28":{"start":{"line":68,"column":12},"end":{"line":77,"column":18}},"29":{"start":{"line":71,"column":20},"end":{"line":71,"column":58}},"30":{"start":{"line":72,"column":20},"end":{"line":72,"column":70}},"31":{"start":{"line":75,"column":20},"end":{"line":75,"column":46}},"32":{"start":{"line":76,"column":20},"end":{"line":76,"column":27}},"33":{"start":{"line":81,"column":4},"end":{"line":101,"column":7}},"34":{"start":{"line":83,"column":8},"end":{"line":99,"column":11}},"35":{"start":{"line":84,"column":12},"end":{"line":98,"column":18}},"36":{"start":{"line":92,"column":20},"end":{"line":92,"column":53}},"37":{"start":{"line":93,"column":20},"end":{"line":93,"column":87}},"38":{"start":{"line":96,"column":20},"end":{"line":96,"column":46}},"39":{"start":{"line":97,"column":20},"end":{"line":97,"column":27}},"40":{"start":{"line":102,"column":4},"end":{"line":115,"column":7}},"41":{"start":{"line":103,"column":8},"end":{"line":114,"column":11}},"42":{"start":{"line":104,"column":12},"end":{"line":113,"column":18}},"43":{"start":{"line":107,"column":20},"end":{"line":107,"column":53}},"44":{"start":{"line":108,"column":20},"end":{"line":108,"column":93}},"45":{"start":{"line":111,"column":20},"end":{"line":111,"column":46}},"46":{"start":{"line":112,"column":20},"end":{"line":112,"column":27}},"47":{"start":{"line":117,"column":4},"end":{"line":144,"column":7}},"48":{"start":{"line":119,"column":8},"end":{"line":130,"column":11}},"49":{"start":{"line":120,"column":12},"end":{"line":129,"column":18}},"50":{"start":{"line":123,"column":20},"end":{"line":123,"column":53}},"51":{"start":{"line":124,"column":20},"end":{"line":124,"column":67}},"52":{"start":{"line":127,"column":20},"end":{"line":127,"column":46}},"53":{"start":{"line":128,"column":20},"end":{"line":128,"column":27}},"54":{"start":{"line":132,"column":8},"end":{"line":143,"column":11}},"55":{"start":{"line":133,"column":12},"end":{"line":142,"column":18}},"56":{"start":{"line":136,"column":20},"end":{"line":136,"column":53}},"57":{"start":{"line":137,"column":20},"end":{"line":137,"column":84}},"58":{"start":{"line":140,"column":20},"end":{"line":140,"column":46}},"59":{"start":{"line":141,"column":20},"end":{"line":141,"column":27}},"60":{"start":{"line":146,"column":4},"end":{"line":159,"column":7}},"61":{"start":{"line":147,"column":8},"end":{"line":158,"column":11}},"62":{"start":{"line":148,"column":12},"end":{"line":157,"column":18}},"63":{"start":{"line":151,"column":20},"end":{"line":151,"column":58}},"64":{"start":{"line":152,"column":20},"end":{"line":152,"column":70}},"65":{"start":{"line":155,"column":20},"end":{"line":155,"column":46}},"66":{"start":{"line":156,"column":20},"end":{"line":156,"column":27}},"67":{"start":{"line":161,"column":4},"end":{"line":174,"column":7}},"68":{"start":{"line":162,"column":8},"end":{"line":173,"column":11}},"69":{"start":{"line":163,"column":12},"end":{"line":172,"column":18}},"70":{"start":{"line":166,"column":20},"end":{"line":166,"column":58}},"71":{"start":{"line":167,"column":20},"end":{"line":167,"column":70}},"72":{"start":{"line":170,"column":20},"end":{"line":170,"column":46}},"73":{"start":{"line":171,"column":20},"end":{"line":171,"column":27}},"74":{"start":{"line":176,"column":4},"end":{"line":189,"column":7}},"75":{"start":{"line":177,"column":8},"end":{"line":188,"column":11}},"76":{"start":{"line":178,"column":12},"end":{"line":187,"column":18}},"77":{"start":{"line":181,"column":20},"end":{"line":181,"column":58}},"78":{"start":{"line":182,"column":20},"end":{"line":182,"column":70}},"79":{"start":{"line":185,"column":20},"end":{"line":185,"column":46}},"80":{"start":{"line":186,"column":20},"end":{"line":186,"column":27}}},"branchMap":{}}}