{"C:\\Users\\Admin\\My projects\\ProjectManager\\api\\spec\\specs.js":{"path":"C:\\Users\\Admin\\My projects\\ProjectManager\\api\\spec\\specs.js","s":{"1":1,"2":1,"3":1,"4":1,"5":1,"6":1,"7":1,"8":1},"b":{},"f":{},"fnMap":{},"statementMap":{"1":{"start":{"line":1,"column":0},"end":{"line":1,"column":35}},"2":{"start":{"line":2,"column":0},"end":{"line":2,"column":67}},"3":{"start":{"line":3,"column":0},"end":{"line":3,"column":30}},"4":{"start":{"line":5,"column":0},"end":{"line":11,"column":3}},"5":{"start":{"line":13,"column":0},"end":{"line":13,"column":30}},"6":{"start":{"line":14,"column":0},"end":{"line":14,"column":25}},"7":{"start":{"line":15,"column":0},"end":{"line":15,"column":52}},"8":{"start":{"line":16,"column":0},"end":{"line":16,"column":18}}},"branchMap":{}},"C:\\Users\\Admin\\My projects\\ProjectManager\\api\\spec\\server.spec.js":{"path":"C:\\Users\\Admin\\My projects\\ProjectManager\\api\\spec\\server.spec.js","s":{"1":1,"2":1,"3":1,"4":1,"5":1,"6":1,"7":0,"8":0,"9":1,"10":1,"11":1,"12":1,"13":0,"14":1,"15":1,"16":1,"17":1,"18":1,"19":0,"20":0,"21":1,"22":1,"23":1,"24":1,"25":1,"26":0,"27":0,"28":1,"29":1,"30":1,"31":1,"32":1,"33":0,"34":0,"35":1,"36":1,"37":1,"38":1,"39":0,"40":0,"41":1,"42":1,"43":1,"44":1,"45":1,"46":0,"47":0,"48":1,"49":1,"50":1,"51":1,"52":0,"53":0,"54":1,"55":1,"56":1,"57":1,"58":1,"59":0,"60":0,"61":1,"62":1,"63":1,"64":1,"65":1,"66":0,"67":0,"68":1,"69":1},"b":{},"f":{"1":1,"2":1,"3":1,"4":0,"5":1,"6":1,"7":0,"8":1,"9":1,"10":1,"11":0,"12":1,"13":1,"14":1,"15":0,"16":1,"17":1,"18":1,"19":0,"20":1,"21":1,"22":0,"23":1,"24":1,"25":1,"26":0,"27":1,"28":1,"29":0,"30":1,"31":1,"32":1,"33":0,"34":1,"35":1,"36":1,"37":0,"38":1},"fnMap":{"1":{"name":"(anonymous_1)","line":5,"loc":{"start":{"line":5,"column":31},"end":{"line":5,"column":43}}},"2":{"name":"(anonymous_2)","line":7,"loc":{"start":{"line":7,"column":39},"end":{"line":7,"column":51}}},"3":{"name":"(anonymous_3)","line":9,"loc":{"start":{"line":9,"column":34},"end":{"line":9,"column":50}}},"4":{"name":"(anonymous_4)","line":12,"loc":{"start":{"line":12,"column":16},"end":{"line":12,"column":36}}},"5":{"name":"(anonymous_5)","line":16,"loc":{"start":{"line":16,"column":13},"end":{"line":16,"column":28}}},"6":{"name":"(anonymous_6)","line":23,"loc":{"start":{"line":23,"column":29},"end":{"line":23,"column":45}}},"7":{"name":"(anonymous_7)","line":26,"loc":{"start":{"line":26,"column":16},"end":{"line":26,"column":36}}},"8":{"name":"(anonymous_8)","line":29,"loc":{"start":{"line":29,"column":13},"end":{"line":29,"column":28}}},"9":{"name":"(anonymous_9)","line":38,"loc":{"start":{"line":38,"column":45},"end":{"line":38,"column":57}}},"10":{"name":"(anonymous_10)","line":41,"loc":{"start":{"line":41,"column":64},"end":{"line":41,"column":80}}},"11":{"name":"(anonymous_11)","line":44,"loc":{"start":{"line":44,"column":16},"end":{"line":44,"column":31}}},"12":{"name":"(anonymous_12)","line":48,"loc":{"start":{"line":48,"column":13},"end":{"line":48,"column":28}}},"13":{"name":"(anonymous_13)","line":54,"loc":{"start":{"line":54,"column":39},"end":{"line":54,"column":51}}},"14":{"name":"(anonymous_14)","line":56,"loc":{"start":{"line":56,"column":31},"end":{"line":56,"column":47}}},"15":{"name":"(anonymous_15)","line":68,"loc":{"start":{"line":68,"column":16},"end":{"line":68,"column":31}}},"16":{"name":"(anonymous_16)","line":72,"loc":{"start":{"line":72,"column":13},"end":{"line":72,"column":28}}},"17":{"name":"(anonymous_17)","line":80,"loc":{"start":{"line":80,"column":39},"end":{"line":80,"column":51}}},"18":{"name":"(anonymous_18)","line":82,"loc":{"start":{"line":82,"column":68},"end":{"line":82,"column":84}}},"19":{"name":"(anonymous_19)","line":85,"loc":{"start":{"line":85,"column":20},"end":{"line":85,"column":35}}},"20":{"name":"(anonymous_20)","line":89,"loc":{"start":{"line":89,"column":17},"end":{"line":89,"column":32}}},"21":{"name":"(anonymous_21)","line":96,"loc":{"start":{"line":96,"column":60},"end":{"line":96,"column":76}}},"22":{"name":"(anonymous_22)","line":99,"loc":{"start":{"line":99,"column":20},"end":{"line":99,"column":35}}},"23":{"name":"(anonymous_23)","line":103,"loc":{"start":{"line":103,"column":17},"end":{"line":103,"column":32}}},"24":{"name":"(anonymous_24)","line":112,"loc":{"start":{"line":112,"column":43},"end":{"line":112,"column":55}}},"25":{"name":"(anonymous_25)","line":113,"loc":{"start":{"line":113,"column":68},"end":{"line":113,"column":84}}},"26":{"name":"(anonymous_26)","line":116,"loc":{"start":{"line":116,"column":20},"end":{"line":116,"column":35}}},"27":{"name":"(anonymous_27)","line":120,"loc":{"start":{"line":120,"column":17},"end":{"line":120,"column":32}}},"28":{"name":"(anonymous_28)","line":127,"loc":{"start":{"line":127,"column":33},"end":{"line":127,"column":49}}},"29":{"name":"(anonymous_29)","line":139,"loc":{"start":{"line":139,"column":18},"end":{"line":139,"column":33}}},"30":{"name":"(anonymous_30)","line":143,"loc":{"start":{"line":143,"column":15},"end":{"line":143,"column":30}}},"31":{"name":"(anonymous_31)","line":149,"loc":{"start":{"line":149,"column":40},"end":{"line":149,"column":52}}},"32":{"name":"(anonymous_32)","line":150,"loc":{"start":{"line":150,"column":70},"end":{"line":150,"column":86}}},"33":{"name":"(anonymous_33)","line":153,"loc":{"start":{"line":153,"column":20},"end":{"line":153,"column":35}}},"34":{"name":"(anonymous_34)","line":157,"loc":{"start":{"line":157,"column":17},"end":{"line":157,"column":32}}},"35":{"name":"(anonymous_35)","line":165,"loc":{"start":{"line":165,"column":40},"end":{"line":165,"column":52}}},"36":{"name":"(anonymous_36)","line":166,"loc":{"start":{"line":166,"column":32},"end":{"line":166,"column":48}}},"37":{"name":"(anonymous_37)","line":172,"loc":{"start":{"line":172,"column":20},"end":{"line":172,"column":35}}},"38":{"name":"(anonymous_38)","line":176,"loc":{"start":{"line":176,"column":17},"end":{"line":176,"column":32}}}},"statementMap":{"1":{"start":{"line":1,"column":0},"end":{"line":1,"column":35}},"2":{"start":{"line":3,"column":0},"end":{"line":3,"column":31}},"3":{"start":{"line":5,"column":0},"end":{"line":184,"column":3}},"4":{"start":{"line":7,"column":2},"end":{"line":36,"column":5}},"5":{"start":{"line":9,"column":4},"end":{"line":20,"column":7}},"6":{"start":{"line":10,"column":6},"end":{"line":19,"column":10}},"7":{"start":{"line":13,"column":10},"end":{"line":13,"column":48}},"8":{"start":{"line":14,"column":10},"end":{"line":14,"column":60}},"9":{"start":{"line":17,"column":10},"end":{"line":17,"column":36}},"10":{"start":{"line":18,"column":10},"end":{"line":18,"column":17}},"11":{"start":{"line":23,"column":4},"end":{"line":34,"column":7}},"12":{"start":{"line":24,"column":6},"end":{"line":32,"column":10}},"13":{"start":{"line":27,"column":10},"end":{"line":27,"column":60}},"14":{"start":{"line":30,"column":10},"end":{"line":30,"column":36}},"15":{"start":{"line":31,"column":10},"end":{"line":31,"column":17}},"16":{"start":{"line":38,"column":2},"end":{"line":53,"column":5}},"17":{"start":{"line":41,"column":4},"end":{"line":52,"column":7}},"18":{"start":{"line":42,"column":6},"end":{"line":51,"column":10}},"19":{"start":{"line":45,"column":10},"end":{"line":45,"column":43}},"20":{"start":{"line":46,"column":10},"end":{"line":46,"column":57}},"21":{"start":{"line":49,"column":10},"end":{"line":49,"column":36}},"22":{"start":{"line":50,"column":10},"end":{"line":50,"column":17}},"23":{"start":{"line":54,"column":2},"end":{"line":78,"column":5}},"24":{"start":{"line":56,"column":4},"end":{"line":76,"column":7}},"25":{"start":{"line":57,"column":6},"end":{"line":75,"column":10}},"26":{"start":{"line":69,"column":10},"end":{"line":69,"column":43}},"27":{"start":{"line":70,"column":10},"end":{"line":70,"column":77}},"28":{"start":{"line":73,"column":10},"end":{"line":73,"column":36}},"29":{"start":{"line":74,"column":10},"end":{"line":74,"column":17}},"30":{"start":{"line":80,"column":2},"end":{"line":109,"column":9}},"31":{"start":{"line":82,"column":8},"end":{"line":93,"column":11}},"32":{"start":{"line":83,"column":10},"end":{"line":92,"column":14}},"33":{"start":{"line":86,"column":14},"end":{"line":86,"column":47}},"34":{"start":{"line":87,"column":14},"end":{"line":87,"column":61}},"35":{"start":{"line":90,"column":14},"end":{"line":90,"column":40}},"36":{"start":{"line":91,"column":14},"end":{"line":91,"column":21}},"37":{"start":{"line":96,"column":8},"end":{"line":107,"column":11}},"38":{"start":{"line":97,"column":10},"end":{"line":106,"column":14}},"39":{"start":{"line":100,"column":14},"end":{"line":100,"column":47}},"40":{"start":{"line":101,"column":14},"end":{"line":101,"column":77}},"41":{"start":{"line":104,"column":14},"end":{"line":104,"column":40}},"42":{"start":{"line":105,"column":14},"end":{"line":105,"column":21}},"43":{"start":{"line":112,"column":6},"end":{"line":125,"column":9}},"44":{"start":{"line":113,"column":8},"end":{"line":124,"column":11}},"45":{"start":{"line":114,"column":10},"end":{"line":123,"column":14}},"46":{"start":{"line":117,"column":14},"end":{"line":117,"column":47}},"47":{"start":{"line":118,"column":14},"end":{"line":118,"column":84}},"48":{"start":{"line":121,"column":14},"end":{"line":121,"column":40}},"49":{"start":{"line":122,"column":14},"end":{"line":122,"column":21}},"50":{"start":{"line":127,"column":6},"end":{"line":147,"column":9}},"51":{"start":{"line":128,"column":8},"end":{"line":146,"column":12}},"52":{"start":{"line":140,"column":12},"end":{"line":140,"column":45}},"53":{"start":{"line":141,"column":12},"end":{"line":141,"column":84}},"54":{"start":{"line":144,"column":12},"end":{"line":144,"column":38}},"55":{"start":{"line":145,"column":12},"end":{"line":145,"column":19}},"56":{"start":{"line":149,"column":6},"end":{"line":162,"column":9}},"57":{"start":{"line":150,"column":8},"end":{"line":161,"column":11}},"58":{"start":{"line":151,"column":10},"end":{"line":160,"column":14}},"59":{"start":{"line":154,"column":14},"end":{"line":154,"column":47}},"60":{"start":{"line":155,"column":14},"end":{"line":155,"column":85}},"61":{"start":{"line":158,"column":14},"end":{"line":158,"column":40}},"62":{"start":{"line":159,"column":14},"end":{"line":159,"column":21}},"63":{"start":{"line":165,"column":6},"end":{"line":181,"column":9}},"64":{"start":{"line":166,"column":8},"end":{"line":180,"column":11}},"65":{"start":{"line":167,"column":10},"end":{"line":179,"column":14}},"66":{"start":{"line":173,"column":14},"end":{"line":173,"column":47}},"67":{"start":{"line":174,"column":14},"end":{"line":174,"column":76}},"68":{"start":{"line":177,"column":14},"end":{"line":177,"column":40}},"69":{"start":{"line":178,"column":14},"end":{"line":178,"column":21}}},"branchMap":{}},"C:\\Users\\Admin\\My projects\\ProjectManager\\api\\server.js":{"path":"C:\\Users\\Admin\\My projects\\ProjectManager\\api\\server.js","s":{"1":1,"2":1,"3":1,"4":1,"5":1,"6":1,"7":1,"8":1,"9":1,"10":0,"11":1,"12":1,"13":1,"14":1,"15":1,"16":1,"17":1,"18":1,"19":1,"20":1,"21":1},"b":{"1":[1,1]},"f":{"1":1},"fnMap":{"1":{"name":"(anonymous_1)","line":29,"loc":{"start":{"line":29,"column":32},"end":{"line":29,"column":42}}}},"statementMap":{"1":{"start":{"line":1,"column":0},"end":{"line":5,"column":31}},"2":{"start":{"line":6,"column":0},"end":{"line":6,"column":25}},"3":{"start":{"line":7,"column":0},"end":{"line":7,"column":29}},"4":{"start":{"line":9,"column":0},"end":{"line":9,"column":50}},"5":{"start":{"line":10,"column":0},"end":{"line":10,"column":50}},"6":{"start":{"line":11,"column":0},"end":{"line":11,"column":56}},"7":{"start":{"line":13,"column":0},"end":{"line":13,"column":34}},"8":{"start":{"line":14,"column":0},"end":{"line":17,"column":2}},"9":{"start":{"line":15,"column":9},"end":{"line":15,"column":46}},"10":{"start":{"line":16,"column":11},"end":{"line":16,"column":61}},"11":{"start":{"line":19,"column":0},"end":{"line":19,"column":22}},"12":{"start":{"line":20,"column":0},"end":{"line":20,"column":27}},"13":{"start":{"line":21,"column":0},"end":{"line":21,"column":16}},"14":{"start":{"line":22,"column":0},"end":{"line":22,"column":16}},"15":{"start":{"line":23,"column":0},"end":{"line":23,"column":28}},"16":{"start":{"line":24,"column":0},"end":{"line":24,"column":28}},"17":{"start":{"line":25,"column":0},"end":{"line":25,"column":34}},"18":{"start":{"line":27,"column":0},"end":{"line":27,"column":36}},"19":{"start":{"line":29,"column":0},"end":{"line":31,"column":3}},"20":{"start":{"line":30,"column":4},"end":{"line":30,"column":45}},"21":{"start":{"line":33,"column":0},"end":{"line":33,"column":21}}},"branchMap":{"1":{"line":27,"type":"binary-expr","locations":[{"start":{"line":27,"column":11},"end":{"line":27,"column":27}},{"start":{"line":27,"column":31},"end":{"line":27,"column":35}}]}}},"C:\\Users\\Admin\\My projects\\ProjectManager\\api\\DB.js":{"path":"C:\\Users\\Admin\\My projects\\ProjectManager\\api\\DB.js","s":{"1":1},"b":{},"f":{},"fnMap":{},"statementMap":{"1":{"start":{"line":1,"column":0},"end":{"line":3,"column":3}}},"branchMap":{}},"C:\\Users\\Admin\\My projects\\ProjectManager\\api\\logger.js":{"path":"C:\\Users\\Admin\\My projects\\ProjectManager\\api\\logger.js","s":{"1":1,"2":1,"3":1,"4":1},"b":{},"f":{},"fnMap":{},"statementMap":{"1":{"start":{"line":1,"column":0},"end":{"line":1,"column":32}},"2":{"start":{"line":2,"column":0},"end":{"line":2,"column":24}},"3":{"start":{"line":3,"column":0},"end":{"line":3,"column":72}},"4":{"start":{"line":4,"column":0},"end":{"line":5,"column":26}}},"branchMap":{}},"C:\\Users\\Admin\\My projects\\ProjectManager\\api\\routes\\task.routes.js":{"path":"C:\\Users\\Admin\\My projects\\ProjectManager\\api\\routes\\task.routes.js","s":{"1":1,"2":1,"3":1,"4":1,"5":1,"6":0,"7":0,"8":0,"9":0,"10":1,"11":0,"12":0,"13":0,"14":0,"15":1,"16":0,"17":0,"18":0,"19":1,"20":0,"21":0,"22":0,"23":0,"24":0,"25":1,"26":0,"27":0,"28":0,"29":0,"30":0,"31":0,"32":0,"33":0,"34":0,"35":0,"36":0,"37":1,"38":0,"39":0,"40":0,"41":0,"42":0,"43":0,"44":0,"45":1,"46":0,"47":0,"48":0,"49":0,"50":0,"51":1,"52":0,"53":0,"54":0,"55":0,"56":0,"57":0,"58":0,"59":0,"60":0,"61":0,"62":0,"63":0,"64":0,"65":0,"66":0,"67":0,"68":1,"69":0,"70":0,"71":0,"72":0,"73":1},"b":{"1":[0,0],"2":[0,0],"3":[0,0],"4":[0,0],"5":[0,0],"6":[0,0],"7":[0,0],"8":[0,0],"9":[0,0]},"f":{"1":0,"2":0,"3":0,"4":0,"5":0,"6":0,"7":0,"8":0,"9":0,"10":0,"11":0,"12":0,"13":0,"14":0,"15":0},"fnMap":{"1":{"name":"(anonymous_1)","line":12,"loc":{"start":{"line":12,"column":30},"end":{"line":12,"column":50}}},"2":{"name":"(anonymous_2)","line":27,"loc":{"start":{"line":27,"column":35},"end":{"line":27,"column":55}}},"3":{"name":"(anonymous_3)","line":28,"loc":{"start":{"line":28,"column":12},"end":{"line":28,"column":33}}},"4":{"name":"(anonymous_4)","line":40,"loc":{"start":{"line":40,"column":54},"end":{"line":40,"column":74}}},"5":{"name":"(anonymous_5)","line":51,"loc":{"start":{"line":51,"column":37},"end":{"line":51,"column":57}}},"6":{"name":"(anonymous_6)","line":53,"loc":{"start":{"line":53,"column":20},"end":{"line":53,"column":41}}},"7":{"name":"(anonymous_7)","line":67,"loc":{"start":{"line":67,"column":37},"end":{"line":67,"column":57}}},"8":{"name":"(anonymous_8)","line":68,"loc":{"start":{"line":68,"column":31},"end":{"line":68,"column":52}}},"9":{"name":"(anonymous_9)","line":93,"loc":{"start":{"line":93,"column":38},"end":{"line":93,"column":58}}},"10":{"name":"(anonymous_10)","line":94,"loc":{"start":{"line":94,"column":31},"end":{"line":94,"column":52}}},"11":{"name":"(anonymous_11)","line":113,"loc":{"start":{"line":113,"column":36},"end":{"line":113,"column":56}}},"12":{"name":"(anonymous_12)","line":114,"loc":{"start":{"line":114,"column":49},"end":{"line":114,"column":70}}},"13":{"name":"(anonymous_13)","line":126,"loc":{"start":{"line":126,"column":42},"end":{"line":126,"column":62}}},"14":{"name":"(anonymous_14)","line":169,"loc":{"start":{"line":169,"column":39},"end":{"line":169,"column":59}}},"15":{"name":"(anonymous_15)","line":171,"loc":{"start":{"line":171,"column":12},"end":{"line":171,"column":33}}}},"statementMap":{"1":{"start":{"line":3,"column":0},"end":{"line":3,"column":35}},"2":{"start":{"line":4,"column":0},"end":{"line":4,"column":22}},"3":{"start":{"line":5,"column":0},"end":{"line":5,"column":36}},"4":{"start":{"line":8,"column":0},"end":{"line":8,"column":37}},"5":{"start":{"line":12,"column":0},"end":{"line":21,"column":3}},"6":{"start":{"line":13,"column":2},"end":{"line":13,"column":32}},"7":{"start":{"line":14,"column":2},"end":{"line":20,"column":7}},"8":{"start":{"line":16,"column":6},"end":{"line":16,"column":69}},"9":{"start":{"line":19,"column":6},"end":{"line":19,"column":78}},"10":{"start":{"line":27,"column":0},"end":{"line":36,"column":3}},"11":{"start":{"line":28,"column":2},"end":{"line":35,"column":5}},"12":{"start":{"line":29,"column":4},"end":{"line":34,"column":5}},"13":{"start":{"line":30,"column":6},"end":{"line":30,"column":23}},"14":{"start":{"line":33,"column":6},"end":{"line":33,"column":21}},"15":{"start":{"line":40,"column":0},"end":{"line":48,"column":3}},"16":{"start":{"line":41,"column":2},"end":{"line":47,"column":7}},"17":{"start":{"line":43,"column":6},"end":{"line":43,"column":22}},"18":{"start":{"line":46,"column":6},"end":{"line":46,"column":71}},"19":{"start":{"line":51,"column":0},"end":{"line":64,"column":3}},"20":{"start":{"line":52,"column":2},"end":{"line":52,"column":25}},"21":{"start":{"line":53,"column":2},"end":{"line":63,"column":5}},"22":{"start":{"line":54,"column":4},"end":{"line":60,"column":5}},"23":{"start":{"line":56,"column":6},"end":{"line":56,"column":35}},"24":{"start":{"line":59,"column":6},"end":{"line":59,"column":21}},"25":{"start":{"line":67,"column":0},"end":{"line":89,"column":3}},"26":{"start":{"line":68,"column":2},"end":{"line":88,"column":5}},"27":{"start":{"line":69,"column":4},"end":{"line":87,"column":5}},"28":{"start":{"line":70,"column":6},"end":{"line":70,"column":75}},"29":{"start":{"line":72,"column":6},"end":{"line":72,"column":42}},"30":{"start":{"line":73,"column":6},"end":{"line":73,"column":56}},"31":{"start":{"line":74,"column":6},"end":{"line":74,"column":44}},"32":{"start":{"line":75,"column":6},"end":{"line":75,"column":40}},"33":{"start":{"line":76,"column":6},"end":{"line":76,"column":40}},"34":{"start":{"line":80,"column":6},"end":{"line":86,"column":11}},"35":{"start":{"line":82,"column":10},"end":{"line":82,"column":67}},"36":{"start":{"line":85,"column":10},"end":{"line":85,"column":69}},"37":{"start":{"line":93,"column":0},"end":{"line":110,"column":3}},"38":{"start":{"line":94,"column":2},"end":{"line":109,"column":5}},"39":{"start":{"line":95,"column":4},"end":{"line":108,"column":5}},"40":{"start":{"line":96,"column":6},"end":{"line":96,"column":72}},"41":{"start":{"line":99,"column":6},"end":{"line":99,"column":42}},"42":{"start":{"line":101,"column":6},"end":{"line":107,"column":11}},"43":{"start":{"line":103,"column":10},"end":{"line":103,"column":55}},"44":{"start":{"line":106,"column":10},"end":{"line":106,"column":64}},"45":{"start":{"line":113,"column":0},"end":{"line":121,"column":3}},"46":{"start":{"line":114,"column":2},"end":{"line":120,"column":5}},"47":{"start":{"line":115,"column":4},"end":{"line":119,"column":57}},"48":{"start":{"line":116,"column":6},"end":{"line":116,"column":33}},"49":{"start":{"line":117,"column":6},"end":{"line":117,"column":35}},"50":{"start":{"line":119,"column":9},"end":{"line":119,"column":57}},"51":{"start":{"line":126,"column":0},"end":{"line":163,"column":3}},"52":{"start":{"line":127,"column":2},"end":{"line":127,"column":29}},"53":{"start":{"line":128,"column":2},"end":{"line":162,"column":3}},"54":{"start":{"line":129,"column":4},"end":{"line":135,"column":9}},"55":{"start":{"line":131,"column":8},"end":{"line":131,"column":23}},"56":{"start":{"line":134,"column":8},"end":{"line":134,"column":65}},"57":{"start":{"line":136,"column":9},"end":{"line":162,"column":3}},"58":{"start":{"line":137,"column":4},"end":{"line":143,"column":9}},"59":{"start":{"line":139,"column":8},"end":{"line":139,"column":23}},"60":{"start":{"line":142,"column":8},"end":{"line":142,"column":65}},"61":{"start":{"line":145,"column":7},"end":{"line":162,"column":3}},"62":{"start":{"line":146,"column":4},"end":{"line":152,"column":9}},"63":{"start":{"line":148,"column":8},"end":{"line":148,"column":23}},"64":{"start":{"line":151,"column":8},"end":{"line":151,"column":65}},"65":{"start":{"line":155,"column":4},"end":{"line":161,"column":9}},"66":{"start":{"line":157,"column":8},"end":{"line":157,"column":23}},"67":{"start":{"line":160,"column":8},"end":{"line":160,"column":65}},"68":{"start":{"line":169,"column":0},"end":{"line":179,"column":2}},"69":{"start":{"line":171,"column":2},"end":{"line":178,"column":5}},"70":{"start":{"line":172,"column":4},"end":{"line":177,"column":5}},"71":{"start":{"line":173,"column":6},"end":{"line":173,"column":23}},"72":{"start":{"line":176,"column":6},"end":{"line":176,"column":21}},"73":{"start":{"line":181,"column":0},"end":{"line":181,"column":28}}},"branchMap":{"1":{"line":29,"type":"if","locations":[{"start":{"line":29,"column":4},"end":{"line":29,"column":4}},{"start":{"line":29,"column":4},"end":{"line":29,"column":4}}]},"2":{"line":54,"type":"if","locations":[{"start":{"line":54,"column":4},"end":{"line":54,"column":4}},{"start":{"line":54,"column":4},"end":{"line":54,"column":4}}]},"3":{"line":69,"type":"if","locations":[{"start":{"line":69,"column":4},"end":{"line":69,"column":4}},{"start":{"line":69,"column":4},"end":{"line":69,"column":4}}]},"4":{"line":95,"type":"if","locations":[{"start":{"line":95,"column":4},"end":{"line":95,"column":4}},{"start":{"line":95,"column":4},"end":{"line":95,"column":4}}]},"5":{"line":115,"type":"if","locations":[{"start":{"line":115,"column":4},"end":{"line":115,"column":4}},{"start":{"line":115,"column":4},"end":{"line":115,"column":4}}]},"6":{"line":128,"type":"if","locations":[{"start":{"line":128,"column":2},"end":{"line":128,"column":2}},{"start":{"line":128,"column":2},"end":{"line":128,"column":2}}]},"7":{"line":136,"type":"if","locations":[{"start":{"line":136,"column":9},"end":{"line":136,"column":9}},{"start":{"line":136,"column":9},"end":{"line":136,"column":9}}]},"8":{"line":145,"type":"if","locations":[{"start":{"line":145,"column":7},"end":{"line":145,"column":7}},{"start":{"line":145,"column":7},"end":{"line":145,"column":7}}]},"9":{"line":172,"type":"if","locations":[{"start":{"line":172,"column":4},"end":{"line":172,"column":4}},{"start":{"line":172,"column":4},"end":{"line":172,"column":4}}]}}},"C:\\Users\\Admin\\My projects\\ProjectManager\\api\\models\\task.js":{"path":"C:\\Users\\Admin\\My projects\\ProjectManager\\api\\models\\task.js","s":{"1":1,"2":1,"3":1,"4":1},"b":{},"f":{},"fnMap":{},"statementMap":{"1":{"start":{"line":1,"column":0},"end":{"line":1,"column":37}},"2":{"start":{"line":2,"column":0},"end":{"line":2,"column":31}},"3":{"start":{"line":5,"column":0},"end":{"line":19,"column":3}},"4":{"start":{"line":24,"column":0},"end":{"line":24,"column":46}}},"branchMap":{}},"C:\\Users\\Admin\\My projects\\ProjectManager\\api\\routes\\user.routes.js":{"path":"C:\\Users\\Admin\\My projects\\ProjectManager\\api\\routes\\user.routes.js","s":{"1":1,"2":1,"3":1,"4":1,"5":1,"6":0,"7":0,"8":0,"9":0,"10":1,"11":0,"12":0,"13":0,"14":0,"15":1,"16":0,"17":0,"18":0,"19":0,"20":0,"21":1,"22":0,"23":0,"24":0,"25":0,"26":0,"27":0,"28":0,"29":0,"30":0,"31":1,"32":0,"33":0,"34":0,"35":0,"36":0,"37":1,"38":0,"39":0,"40":0,"41":0,"42":0,"43":0,"44":0,"45":0,"46":0,"47":0,"48":0,"49":0,"50":1},"b":{"1":[0,0],"2":[0,0],"3":[0,0],"4":[0,0],"5":[0,0],"6":[0,0]},"f":{"1":0,"2":0,"3":0,"4":0,"5":0,"6":0,"7":0,"8":0,"9":0,"10":0},"fnMap":{"1":{"name":"(anonymous_1)","line":12,"loc":{"start":{"line":12,"column":34},"end":{"line":12,"column":54}}},"2":{"name":"(anonymous_2)","line":27,"loc":{"start":{"line":27,"column":37},"end":{"line":27,"column":57}}},"3":{"name":"(anonymous_3)","line":28,"loc":{"start":{"line":28,"column":12},"end":{"line":28,"column":33}}},"4":{"name":"(anonymous_4)","line":39,"loc":{"start":{"line":39,"column":37},"end":{"line":39,"column":57}}},"5":{"name":"(anonymous_5)","line":41,"loc":{"start":{"line":41,"column":20},"end":{"line":41,"column":41}}},"6":{"name":"(anonymous_6)","line":54,"loc":{"start":{"line":54,"column":41},"end":{"line":54,"column":61}}},"7":{"name":"(anonymous_7)","line":55,"loc":{"start":{"line":55,"column":31},"end":{"line":55,"column":52}}},"8":{"name":"(anonymous_8)","line":77,"loc":{"start":{"line":77,"column":36},"end":{"line":77,"column":56}}},"9":{"name":"(anonymous_9)","line":78,"loc":{"start":{"line":78,"column":49},"end":{"line":78,"column":70}}},"10":{"name":"(anonymous_10)","line":88,"loc":{"start":{"line":88,"column":42},"end":{"line":88,"column":62}}}},"statementMap":{"1":{"start":{"line":3,"column":0},"end":{"line":3,"column":35}},"2":{"start":{"line":4,"column":0},"end":{"line":4,"column":22}},"3":{"start":{"line":5,"column":0},"end":{"line":5,"column":36}},"4":{"start":{"line":8,"column":0},"end":{"line":8,"column":37}},"5":{"start":{"line":12,"column":0},"end":{"line":21,"column":3}},"6":{"start":{"line":13,"column":2},"end":{"line":13,"column":32}},"7":{"start":{"line":14,"column":2},"end":{"line":20,"column":7}},"8":{"start":{"line":16,"column":6},"end":{"line":16,"column":69}},"9":{"start":{"line":19,"column":6},"end":{"line":19,"column":78}},"10":{"start":{"line":27,"column":0},"end":{"line":36,"column":3}},"11":{"start":{"line":28,"column":2},"end":{"line":35,"column":5}},"12":{"start":{"line":29,"column":4},"end":{"line":34,"column":5}},"13":{"start":{"line":30,"column":6},"end":{"line":30,"column":23}},"14":{"start":{"line":33,"column":6},"end":{"line":33,"column":21}},"15":{"start":{"line":39,"column":0},"end":{"line":51,"column":3}},"16":{"start":{"line":40,"column":2},"end":{"line":40,"column":25}},"17":{"start":{"line":41,"column":2},"end":{"line":50,"column":5}},"18":{"start":{"line":42,"column":4},"end":{"line":47,"column":5}},"19":{"start":{"line":43,"column":6},"end":{"line":43,"column":35}},"20":{"start":{"line":46,"column":6},"end":{"line":46,"column":21}},"21":{"start":{"line":54,"column":0},"end":{"line":74,"column":3}},"22":{"start":{"line":55,"column":2},"end":{"line":73,"column":5}},"23":{"start":{"line":56,"column":4},"end":{"line":72,"column":5}},"24":{"start":{"line":57,"column":6},"end":{"line":57,"column":75}},"25":{"start":{"line":59,"column":6},"end":{"line":59,"column":44}},"26":{"start":{"line":60,"column":6},"end":{"line":60,"column":44}},"27":{"start":{"line":61,"column":6},"end":{"line":61,"column":39}},"28":{"start":{"line":65,"column":6},"end":{"line":71,"column":11}},"29":{"start":{"line":67,"column":10},"end":{"line":67,"column":67}},"30":{"start":{"line":70,"column":10},"end":{"line":70,"column":69}},"31":{"start":{"line":77,"column":0},"end":{"line":85,"column":3}},"32":{"start":{"line":78,"column":2},"end":{"line":84,"column":5}},"33":{"start":{"line":79,"column":4},"end":{"line":83,"column":57}},"34":{"start":{"line":80,"column":6},"end":{"line":80,"column":33}},"35":{"start":{"line":81,"column":6},"end":{"line":81,"column":35}},"36":{"start":{"line":83,"column":9},"end":{"line":83,"column":57}},"37":{"start":{"line":88,"column":0},"end":{"line":116,"column":3}},"38":{"start":{"line":89,"column":2},"end":{"line":89,"column":29}},"39":{"start":{"line":90,"column":2},"end":{"line":115,"column":3}},"40":{"start":{"line":91,"column":4},"end":{"line":97,"column":9}},"41":{"start":{"line":93,"column":8},"end":{"line":93,"column":23}},"42":{"start":{"line":96,"column":8},"end":{"line":96,"column":65}},"43":{"start":{"line":98,"column":9},"end":{"line":115,"column":3}},"44":{"start":{"line":99,"column":4},"end":{"line":105,"column":9}},"45":{"start":{"line":101,"column":8},"end":{"line":101,"column":23}},"46":{"start":{"line":104,"column":8},"end":{"line":104,"column":65}},"47":{"start":{"line":108,"column":4},"end":{"line":114,"column":7}},"48":{"start":{"line":110,"column":6},"end":{"line":110,"column":21}},"49":{"start":{"line":113,"column":6},"end":{"line":113,"column":63}},"50":{"start":{"line":118,"column":0},"end":{"line":118,"column":28}}},"branchMap":{"1":{"line":29,"type":"if","locations":[{"start":{"line":29,"column":4},"end":{"line":29,"column":4}},{"start":{"line":29,"column":4},"end":{"line":29,"column":4}}]},"2":{"line":42,"type":"if","locations":[{"start":{"line":42,"column":4},"end":{"line":42,"column":4}},{"start":{"line":42,"column":4},"end":{"line":42,"column":4}}]},"3":{"line":56,"type":"if","locations":[{"start":{"line":56,"column":4},"end":{"line":56,"column":4}},{"start":{"line":56,"column":4},"end":{"line":56,"column":4}}]},"4":{"line":79,"type":"if","locations":[{"start":{"line":79,"column":4},"end":{"line":79,"column":4}},{"start":{"line":79,"column":4},"end":{"line":79,"column":4}}]},"5":{"line":90,"type":"if","locations":[{"start":{"line":90,"column":2},"end":{"line":90,"column":2}},{"start":{"line":90,"column":2},"end":{"line":90,"column":2}}]},"6":{"line":98,"type":"if","locations":[{"start":{"line":98,"column":9},"end":{"line":98,"column":9}},{"start":{"line":98,"column":9},"end":{"line":98,"column":9}}]}}},"C:\\Users\\Admin\\My projects\\ProjectManager\\api\\models\\user.js":{"path":"C:\\Users\\Admin\\My projects\\ProjectManager\\api\\models\\user.js","s":{"1":1,"2":1,"3":1,"4":1},"b":{},"f":{},"fnMap":{},"statementMap":{"1":{"start":{"line":1,"column":0},"end":{"line":1,"column":37}},"2":{"start":{"line":2,"column":0},"end":{"line":2,"column":31}},"3":{"start":{"line":5,"column":0},"end":{"line":12,"column":3}},"4":{"start":{"line":17,"column":0},"end":{"line":17,"column":46}}},"branchMap":{}},"C:\\Users\\Admin\\My projects\\ProjectManager\\api\\routes\\project.routes.js":{"path":"C:\\Users\\Admin\\My projects\\ProjectManager\\api\\routes\\project.routes.js","s":{"1":1,"2":1,"3":1,"4":1,"5":1,"6":0,"7":0,"8":0,"9":0,"10":1,"11":0,"12":0,"13":0,"14":0,"15":0,"16":0,"17":0,"18":1,"19":0,"20":0,"21":0,"22":0,"23":1,"24":0,"25":0,"26":0,"27":0,"28":0,"29":1,"30":0,"31":0,"32":0,"33":0,"34":0,"35":0,"36":0,"37":0,"38":0,"39":0,"40":0,"41":1,"42":0,"43":0,"44":0,"45":0,"46":0,"47":1,"48":0,"49":0,"50":0,"51":0,"52":0,"53":0,"54":0,"55":0,"56":0,"57":0,"58":0,"59":0,"60":0,"61":0,"62":0,"63":0,"64":1},"b":{"1":[0,0],"2":[0,0],"3":[0,0],"4":[0,0],"5":[0,0],"6":[0,0],"7":[0,0],"8":[0,0]},"f":{"1":0,"2":0,"3":0,"4":0,"5":0,"6":0,"7":0,"8":0,"9":0,"10":0,"11":0,"12":0},"fnMap":{"1":{"name":"(anonymous_1)","line":11,"loc":{"start":{"line":11,"column":40},"end":{"line":11,"column":60}}},"2":{"name":"(anonymous_2)","line":23,"loc":{"start":{"line":23,"column":48},"end":{"line":23,"column":68}}},"3":{"name":"(anonymous_3)","line":24,"loc":{"start":{"line":24,"column":34},"end":{"line":24,"column":58}}},"4":{"name":"(anonymous_4)","line":42,"loc":{"start":{"line":42,"column":43},"end":{"line":42,"column":63}}},"5":{"name":"(anonymous_5)","line":43,"loc":{"start":{"line":43,"column":15},"end":{"line":43,"column":40}}},"6":{"name":"(anonymous_6)","line":54,"loc":{"start":{"line":54,"column":43},"end":{"line":54,"column":63}}},"7":{"name":"(anonymous_7)","line":56,"loc":{"start":{"line":56,"column":23},"end":{"line":56,"column":47}}},"8":{"name":"(anonymous_8)","line":70,"loc":{"start":{"line":70,"column":47},"end":{"line":70,"column":67}}},"9":{"name":"(anonymous_9)","line":71,"loc":{"start":{"line":71,"column":34},"end":{"line":71,"column":58}}},"10":{"name":"(anonymous_10)","line":93,"loc":{"start":{"line":93,"column":46},"end":{"line":93,"column":66}}},"11":{"name":"(anonymous_11)","line":94,"loc":{"start":{"line":94,"column":52},"end":{"line":94,"column":76}}},"12":{"name":"(anonymous_12)","line":103,"loc":{"start":{"line":103,"column":48},"end":{"line":103,"column":68}}}},"statementMap":{"1":{"start":{"line":3,"column":0},"end":{"line":3,"column":35}},"2":{"start":{"line":4,"column":0},"end":{"line":4,"column":22}},"3":{"start":{"line":5,"column":0},"end":{"line":5,"column":39}},"4":{"start":{"line":8,"column":0},"end":{"line":8,"column":43}},"5":{"start":{"line":11,"column":0},"end":{"line":20,"column":3}},"6":{"start":{"line":12,"column":2},"end":{"line":12,"column":38}},"7":{"start":{"line":13,"column":2},"end":{"line":19,"column":7}},"8":{"start":{"line":15,"column":6},"end":{"line":15,"column":72}},"9":{"start":{"line":18,"column":6},"end":{"line":18,"column":78}},"10":{"start":{"line":23,"column":0},"end":{"line":38,"column":3}},"11":{"start":{"line":24,"column":2},"end":{"line":37,"column":5}},"12":{"start":{"line":25,"column":4},"end":{"line":36,"column":5}},"13":{"start":{"line":26,"column":6},"end":{"line":26,"column":79}},"14":{"start":{"line":28,"column":6},"end":{"line":28,"column":34}},"15":{"start":{"line":29,"column":6},"end":{"line":35,"column":11}},"16":{"start":{"line":31,"column":10},"end":{"line":31,"column":55}},"17":{"start":{"line":34,"column":10},"end":{"line":34,"column":64}},"18":{"start":{"line":42,"column":0},"end":{"line":51,"column":3}},"19":{"start":{"line":43,"column":2},"end":{"line":50,"column":5}},"20":{"start":{"line":44,"column":4},"end":{"line":49,"column":5}},"21":{"start":{"line":45,"column":6},"end":{"line":45,"column":23}},"22":{"start":{"line":48,"column":6},"end":{"line":48,"column":25}},"23":{"start":{"line":54,"column":0},"end":{"line":67,"column":3}},"24":{"start":{"line":55,"column":2},"end":{"line":55,"column":25}},"25":{"start":{"line":56,"column":2},"end":{"line":66,"column":5}},"26":{"start":{"line":57,"column":4},"end":{"line":63,"column":5}},"27":{"start":{"line":59,"column":6},"end":{"line":59,"column":35}},"28":{"start":{"line":62,"column":6},"end":{"line":62,"column":24}},"29":{"start":{"line":70,"column":0},"end":{"line":89,"column":3}},"30":{"start":{"line":71,"column":2},"end":{"line":88,"column":5}},"31":{"start":{"line":72,"column":4},"end":{"line":87,"column":5}},"32":{"start":{"line":73,"column":6},"end":{"line":73,"column":78}},"33":{"start":{"line":75,"column":6},"end":{"line":75,"column":51}},"34":{"start":{"line":76,"column":6},"end":{"line":76,"column":47}},"35":{"start":{"line":77,"column":6},"end":{"line":77,"column":47}},"36":{"start":{"line":78,"column":6},"end":{"line":78,"column":43}},"37":{"start":{"line":79,"column":6},"end":{"line":79,"column":43}},"38":{"start":{"line":80,"column":6},"end":{"line":86,"column":11}},"39":{"start":{"line":82,"column":10},"end":{"line":82,"column":67}},"40":{"start":{"line":85,"column":10},"end":{"line":85,"column":69}},"41":{"start":{"line":93,"column":0},"end":{"line":101,"column":3}},"42":{"start":{"line":94,"column":2},"end":{"line":100,"column":5}},"43":{"start":{"line":95,"column":4},"end":{"line":99,"column":57}},"44":{"start":{"line":96,"column":6},"end":{"line":96,"column":33}},"45":{"start":{"line":97,"column":6},"end":{"line":97,"column":35}},"46":{"start":{"line":99,"column":9},"end":{"line":99,"column":57}},"47":{"start":{"line":103,"column":0},"end":{"line":140,"column":3}},"48":{"start":{"line":104,"column":2},"end":{"line":104,"column":29}},"49":{"start":{"line":105,"column":2},"end":{"line":139,"column":3}},"50":{"start":{"line":106,"column":4},"end":{"line":112,"column":9}},"51":{"start":{"line":108,"column":8},"end":{"line":108,"column":26}},"52":{"start":{"line":111,"column":8},"end":{"line":111,"column":65}},"53":{"start":{"line":113,"column":9},"end":{"line":139,"column":3}},"54":{"start":{"line":114,"column":4},"end":{"line":120,"column":9}},"55":{"start":{"line":116,"column":8},"end":{"line":116,"column":26}},"56":{"start":{"line":119,"column":8},"end":{"line":119,"column":65}},"57":{"start":{"line":122,"column":7},"end":{"line":139,"column":3}},"58":{"start":{"line":123,"column":4},"end":{"line":129,"column":9}},"59":{"start":{"line":125,"column":8},"end":{"line":125,"column":26}},"60":{"start":{"line":128,"column":8},"end":{"line":128,"column":65}},"61":{"start":{"line":132,"column":4},"end":{"line":138,"column":9}},"62":{"start":{"line":134,"column":8},"end":{"line":134,"column":26}},"63":{"start":{"line":137,"column":8},"end":{"line":137,"column":65}},"64":{"start":{"line":142,"column":0},"end":{"line":142,"column":31}}},"branchMap":{"1":{"line":25,"type":"if","locations":[{"start":{"line":25,"column":4},"end":{"line":25,"column":4}},{"start":{"line":25,"column":4},"end":{"line":25,"column":4}}]},"2":{"line":44,"type":"if","locations":[{"start":{"line":44,"column":4},"end":{"line":44,"column":4}},{"start":{"line":44,"column":4},"end":{"line":44,"column":4}}]},"3":{"line":57,"type":"if","locations":[{"start":{"line":57,"column":4},"end":{"line":57,"column":4}},{"start":{"line":57,"column":4},"end":{"line":57,"column":4}}]},"4":{"line":72,"type":"if","locations":[{"start":{"line":72,"column":4},"end":{"line":72,"column":4}},{"start":{"line":72,"column":4},"end":{"line":72,"column":4}}]},"5":{"line":95,"type":"if","locations":[{"start":{"line":95,"column":4},"end":{"line":95,"column":4}},{"start":{"line":95,"column":4},"end":{"line":95,"column":4}}]},"6":{"line":105,"type":"if","locations":[{"start":{"line":105,"column":2},"end":{"line":105,"column":2}},{"start":{"line":105,"column":2},"end":{"line":105,"column":2}}]},"7":{"line":113,"type":"if","locations":[{"start":{"line":113,"column":9},"end":{"line":113,"column":9}},{"start":{"line":113,"column":9},"end":{"line":113,"column":9}}]},"8":{"line":122,"type":"if","locations":[{"start":{"line":122,"column":7},"end":{"line":122,"column":7}},{"start":{"line":122,"column":7},"end":{"line":122,"column":7}}]}}},"C:\\Users\\Admin\\My projects\\ProjectManager\\api\\models\\project.js":{"path":"C:\\Users\\Admin\\My projects\\ProjectManager\\api\\models\\project.js","s":{"1":1,"2":1,"3":1,"4":1},"b":{},"f":{},"fnMap":{},"statementMap":{"1":{"start":{"line":1,"column":0},"end":{"line":1,"column":37}},"2":{"start":{"line":2,"column":0},"end":{"line":2,"column":31}},"3":{"start":{"line":5,"column":0},"end":{"line":16,"column":3}},"4":{"start":{"line":19,"column":0},"end":{"line":19,"column":52}}},"branchMap":{}}}