TN:
SF:C:\Users\Admin\My projects\ProjectManager\api\spec\specs.js
FNF:0
FNH:0
DA:1,1
DA:2,1
DA:3,1
DA:5,1
DA:13,1
DA:14,1
DA:15,1
DA:16,1
LF:8
LH:8
BRF:0
BRH:0
end_of_record
TN:
SF:C:\Users\Admin\My projects\ProjectManager\api\spec\server.spec.js
FN:5,(anonymous_1)
FN:7,(anonymous_2)
FN:9,(anonymous_3)
FN:12,(anonymous_4)
FN:16,(anonymous_5)
FN:23,(anonymous_6)
FN:26,(anonymous_7)
FN:29,(anonymous_8)
FN:38,(anonymous_9)
FN:41,(anonymous_10)
FN:44,(anonymous_11)
FN:48,(anonymous_12)
FN:54,(anonymous_13)
FN:56,(anonymous_14)
FN:68,(anonymous_15)
FN:72,(anonymous_16)
FN:80,(anonymous_17)
FN:82,(anonymous_18)
FN:85,(anonymous_19)
FN:89,(anonymous_20)
FN:96,(anonymous_21)
FN:99,(anonymous_22)
FN:103,(anonymous_23)
FN:112,(anonymous_24)
FN:113,(anonymous_25)
FN:116,(anonymous_26)
FN:120,(anonymous_27)
FN:127,(anonymous_28)
FN:139,(anonymous_29)
FN:143,(anonymous_30)
FN:149,(anonymous_31)
FN:150,(anonymous_32)
FN:153,(anonymous_33)
FN:157,(anonymous_34)
FN:165,(anonymous_35)
FN:166,(anonymous_36)
FN:172,(anonymous_37)
FN:176,(anonymous_38)
FNF:38
FNH:28
FNDA:1,(anonymous_1)
FNDA:1,(anonymous_2)
FNDA:1,(anonymous_3)
FNDA:0,(anonymous_4)
FNDA:1,(anonymous_5)
FNDA:1,(anonymous_6)
FNDA:0,(anonymous_7)
FNDA:1,(anonymous_8)
FNDA:1,(anonymous_9)
FNDA:1,(anonymous_10)
FNDA:0,(anonymous_11)
FNDA:1,(anonymous_12)
FNDA:1,(anonymous_13)
FNDA:1,(anonymous_14)
FNDA:0,(anonymous_15)
FNDA:1,(anonymous_16)
FNDA:1,(anonymous_17)
FNDA:1,(anonymous_18)
FNDA:0,(anonymous_19)
FNDA:1,(anonymous_20)
FNDA:1,(anonymous_21)
FNDA:0,(anonymous_22)
FNDA:1,(anonymous_23)
FNDA:1,(anonymous_24)
FNDA:1,(anonymous_25)
FNDA:0,(anonymous_26)
FNDA:1,(anonymous_27)
FNDA:1,(anonymous_28)
FNDA:0,(anonymous_29)
FNDA:1,(anonymous_30)
FNDA:1,(anonymous_31)
FNDA:1,(anonymous_32)
FNDA:0,(anonymous_33)
FNDA:1,(anonymous_34)
FNDA:1,(anonymous_35)
FNDA:1,(anonymous_36)
FNDA:0,(anonymous_37)
FNDA:1,(anonymous_38)
DA:1,1
DA:3,1
DA:5,1
DA:7,1
DA:9,1
DA:10,1
DA:13,0
DA:14,0
DA:17,1
DA:18,1
DA:23,1
DA:24,1
DA:27,0
DA:30,1
DA:31,1
DA:38,1
DA:41,1
DA:42,1
DA:45,0
DA:46,0
DA:49,1
DA:50,1
DA:54,1
DA:56,1
DA:57,1
DA:69,0
DA:70,0
DA:73,1
DA:74,1
DA:80,1
DA:82,1
DA:83,1
DA:86,0
DA:87,0
DA:90,1
DA:91,1
DA:96,1
DA:97,1
DA:100,0
DA:101,0
DA:104,1
DA:105,1
DA:112,1
DA:113,1
DA:114,1
DA:117,0
DA:118,0
DA:121,1
DA:122,1
DA:127,1
DA:128,1
DA:140,0
DA:141,0
DA:144,1
DA:145,1
DA:149,1
DA:150,1
DA:151,1
DA:154,0
DA:155,0
DA:158,1
DA:159,1
DA:165,1
DA:166,1
DA:167,1
DA:173,0
DA:174,0
DA:177,1
DA:178,1
LF:69
LH:50
BRF:0
BRH:0
end_of_record
TN:
SF:C:\Users\Admin\My projects\ProjectManager\api\server.js
FN:29,(anonymous_1)
FNF:1
FNH:1
FNDA:1,(anonymous_1)
DA:1,1
DA:6,1
DA:7,1
DA:9,1
DA:10,1
DA:11,1
DA:13,1
DA:14,1
DA:15,1
DA:16,0
DA:19,1
DA:20,1
DA:21,1
DA:22,1
DA:23,1
DA:24,1
DA:25,1
DA:27,1
DA:29,1
DA:30,1
DA:33,1
LF:21
LH:20
BRDA:27,1,0,1
BRDA:27,1,1,1
BRF:2
BRH:2
end_of_record
TN:
SF:C:\Users\Admin\My projects\ProjectManager\api\DB.js
FNF:0
FNH:0
DA:1,1
LF:1
LH:1
BRF:0
BRH:0
end_of_record
TN:
SF:C:\Users\Admin\My projects\ProjectManager\api\logger.js
FNF:0
FNH:0
DA:1,1
DA:2,1
DA:3,1
DA:4,1
LF:4
LH:4
BRF:0
BRH:0
end_of_record
TN:
SF:C:\Users\Admin\My projects\ProjectManager\api\routes\task.routes.js
FN:12,(anonymous_1)
FN:27,(anonymous_2)
FN:28,(anonymous_3)
FN:40,(anonymous_4)
FN:51,(anonymous_5)
FN:53,(anonymous_6)
FN:67,(anonymous_7)
FN:68,(anonymous_8)
FN:93,(anonymous_9)
FN:94,(anonymous_10)
FN:113,(anonymous_11)
FN:114,(anonymous_12)
FN:126,(anonymous_13)
FN:169,(anonymous_14)
FN:171,(anonymous_15)
FNF:15
FNH:0
FNDA:0,(anonymous_1)
FNDA:0,(anonymous_2)
FNDA:0,(anonymous_3)
FNDA:0,(anonymous_4)
FNDA:0,(anonymous_5)
FNDA:0,(anonymous_6)
FNDA:0,(anonymous_7)
FNDA:0,(anonymous_8)
FNDA:0,(anonymous_9)
FNDA:0,(anonymous_10)
FNDA:0,(anonymous_11)
FNDA:0,(anonymous_12)
FNDA:0,(anonymous_13)
FNDA:0,(anonymous_14)
FNDA:0,(anonymous_15)
DA:3,1
DA:4,1
DA:5,1
DA:8,1
DA:12,1
DA:13,0
DA:14,0
DA:16,0
DA:19,0
DA:27,1
DA:28,0
DA:29,0
DA:30,0
DA:33,0
DA:40,1
DA:41,0
DA:43,0
DA:46,0
DA:51,1
DA:52,0
DA:53,0
DA:54,0
DA:56,0
DA:59,0
DA:67,1
DA:68,0
DA:69,0
DA:70,0
DA:72,0
DA:73,0
DA:74,0
DA:75,0
DA:76,0
DA:80,0
DA:82,0
DA:85,0
DA:93,1
DA:94,0
DA:95,0
DA:96,0
DA:99,0
DA:101,0
DA:103,0
DA:106,0
DA:113,1
DA:114,0
DA:115,0
DA:116,0
DA:117,0
DA:119,0
DA:126,1
DA:127,0
DA:128,0
DA:129,0
DA:131,0
DA:134,0
DA:136,0
DA:137,0
DA:139,0
DA:142,0
DA:145,0
DA:146,0
DA:148,0
DA:151,0
DA:155,0
DA:157,0
DA:160,0
DA:169,1
DA:171,0
DA:172,0
DA:173,0
DA:176,0
DA:181,1
LF:73
LH:14
BRDA:29,1,0,0
BRDA:29,1,1,0
BRDA:54,2,0,0
BRDA:54,2,1,0
BRDA:69,3,0,0
BRDA:69,3,1,0
BRDA:95,4,0,0
BRDA:95,4,1,0
BRDA:115,5,0,0
BRDA:115,5,1,0
BRDA:128,6,0,0
BRDA:128,6,1,0
BRDA:136,7,0,0
BRDA:136,7,1,0
BRDA:145,8,0,0
BRDA:145,8,1,0
BRDA:172,9,0,0
BRDA:172,9,1,0
BRF:18
BRH:0
end_of_record
TN:
SF:C:\Users\Admin\My projects\ProjectManager\api\models\task.js
FNF:0
FNH:0
DA:1,1
DA:2,1
DA:5,1
DA:24,1
LF:4
LH:4
BRF:0
BRH:0
end_of_record
TN:
SF:C:\Users\Admin\My projects\ProjectManager\api\routes\user.routes.js
FN:12,(anonymous_1)
FN:27,(anonymous_2)
FN:28,(anonymous_3)
FN:39,(anonymous_4)
FN:41,(anonymous_5)
FN:54,(anonymous_6)
FN:55,(anonymous_7)
FN:77,(anonymous_8)
FN:78,(anonymous_9)
FN:88,(anonymous_10)
FNF:10
FNH:0
FNDA:0,(anonymous_1)
FNDA:0,(anonymous_2)
FNDA:0,(anonymous_3)
FNDA:0,(anonymous_4)
FNDA:0,(anonymous_5)
FNDA:0,(anonymous_6)
FNDA:0,(anonymous_7)
FNDA:0,(anonymous_8)
FNDA:0,(anonymous_9)
FNDA:0,(anonymous_10)
DA:3,1
DA:4,1
DA:5,1
DA:8,1
DA:12,1
DA:13,0
DA:14,0
DA:16,0
DA:19,0
DA:27,1
DA:28,0
DA:29,0
DA:30,0
DA:33,0
DA:39,1
DA:40,0
DA:41,0
DA:42,0
DA:43,0
DA:46,0
DA:54,1
DA:55,0
DA:56,0
DA:57,0
DA:59,0
DA:60,0
DA:61,0
DA:65,0
DA:67,0
DA:70,0
DA:77,1
DA:78,0
DA:79,0
DA:80,0
DA:81,0
DA:83,0
DA:88,1
DA:89,0
DA:90,0
DA:91,0
DA:93,0
DA:96,0
DA:98,0
DA:99,0
DA:101,0
DA:104,0
DA:108,0
DA:110,0
DA:113,0
DA:118,1
LF:50
LH:11
BRDA:29,1,0,0
BRDA:29,1,1,0
BRDA:42,2,0,0
BRDA:42,2,1,0
BRDA:56,3,0,0
BRDA:56,3,1,0
BRDA:79,4,0,0
BRDA:79,4,1,0
BRDA:90,5,0,0
BRDA:90,5,1,0
BRDA:98,6,0,0
BRDA:98,6,1,0
BRF:12
BRH:0
end_of_record
TN:
SF:C:\Users\Admin\My projects\ProjectManager\api\models\user.js
FNF:0
FNH:0
DA:1,1
DA:2,1
DA:5,1
DA:17,1
LF:4
LH:4
BRF:0
BRH:0
end_of_record
TN:
SF:C:\Users\Admin\My projects\ProjectManager\api\routes\project.routes.js
FN:11,(anonymous_1)
FN:23,(anonymous_2)
FN:24,(anonymous_3)
FN:42,(anonymous_4)
FN:43,(anonymous_5)
FN:54,(anonymous_6)
FN:56,(anonymous_7)
FN:70,(anonymous_8)
FN:71,(anonymous_9)
FN:93,(anonymous_10)
FN:94,(anonymous_11)
FN:103,(anonymous_12)
FNF:12
FNH:0
FNDA:0,(anonymous_1)
FNDA:0,(anonymous_2)
FNDA:0,(anonymous_3)
FNDA:0,(anonymous_4)
FNDA:0,(anonymous_5)
FNDA:0,(anonymous_6)
FNDA:0,(anonymous_7)
FNDA:0,(anonymous_8)
FNDA:0,(anonymous_9)
FNDA:0,(anonymous_10)
FNDA:0,(anonymous_11)
FNDA:0,(anonymous_12)
DA:3,1
DA:4,1
DA:5,1
DA:8,1
DA:11,1
DA:12,0
DA:13,0
DA:15,0
DA:18,0
DA:23,1
DA:24,0
DA:25,0
DA:26,0
DA:28,0
DA:29,0
DA:31,0
DA:34,0
DA:42,1
DA:43,0
DA:44,0
DA:45,0
DA:48,0
DA:54,1
DA:55,0
DA:56,0
DA:57,0
DA:59,0
DA:62,0
DA:70,1
DA:71,0
DA:72,0
DA:73,0
DA:75,0
DA:76,0
DA:77,0
DA:78,0
DA:79,0
DA:80,0
DA:82,0
DA:85,0
DA:93,1
DA:94,0
DA:95,0
DA:96,0
DA:97,0
DA:99,0
DA:103,1
DA:104,0
DA:105,0
DA:106,0
DA:108,0
DA:111,0
DA:113,0
DA:114,0
DA:116,0
DA:119,0
DA:122,0
DA:123,0
DA:125,0
DA:128,0
DA:132,0
DA:134,0
DA:137,0
DA:142,1
LF:64
LH:12
BRDA:25,1,0,0
BRDA:25,1,1,0
BRDA:44,2,0,0
BRDA:44,2,1,0
BRDA:57,3,0,0
BRDA:57,3,1,0
BRDA:72,4,0,0
BRDA:72,4,1,0
BRDA:95,5,0,0
BRDA:95,5,1,0
BRDA:105,6,0,0
BRDA:105,6,1,0
BRDA:113,7,0,0
BRDA:113,7,1,0
BRDA:122,8,0,0
BRDA:122,8,1,0
BRF:16
BRH:0
end_of_record
TN:
SF:C:\Users\Admin\My projects\ProjectManager\api\models\project.js
FNF:0
FNH:0
DA:1,1
DA:2,1
DA:5,1
DA:19,1
LF:4
LH:4
BRF:0
BRH:0
end_of_record
