TN:
SF:C:\Users\Admin\My projects\ProjectManager\api\spec\specs.js
FNF:0
FNH:0
DA:1,1
DA:2,1
DA:3,1
DA:5,1
DA:13,1
DA:14,1
DA:15,1
DA:16,1
LF:8
LH:8
BRF:0
BRH:0
end_of_record
TN:
SF:C:\Users\Admin\My projects\ProjectManager\api\spec\project.spec.js
FN:5,(anonymous_1)
FN:7,(anonymous_2)
FN:8,(anonymous_3)
FN:11,(anonymous_4)
FN:15,(anonymous_5)
FN:22,(anonymous_6)
FN:23,(anonymous_7)
FN:26,(anonymous_8)
FN:30,(anonymous_9)
FN:37,(anonymous_10)
FN:38,(anonymous_11)
FN:41,(anonymous_12)
FN:45,(anonymous_13)
FN:53,(anonymous_14)
FN:54,(anonymous_15)
FN:57,(anonymous_16)
FN:61,(anonymous_17)
FN:67,(anonymous_18)
FN:69,(anonymous_19)
FN:80,(anonymous_20)
FN:84,(anonymous_21)
FN:92,(anonymous_22)
FN:93,(anonymous_23)
FN:96,(anonymous_24)
FN:100,(anonymous_25)
FN:108,(anonymous_26)
FN:109,(anonymous_27)
FN:112,(anonymous_28)
FN:116,(anonymous_29)
FNF:29
FNH:22
FNDA:1,(anonymous_1)
FNDA:1,(anonymous_2)
FNDA:1,(anonymous_3)
FNDA:0,(anonymous_4)
FNDA:1,(anonymous_5)
FNDA:1,(anonymous_6)
FNDA:1,(anonymous_7)
FNDA:0,(anonymous_8)
FNDA:1,(anonymous_9)
FNDA:1,(anonymous_10)
FNDA:1,(anonymous_11)
FNDA:0,(anonymous_12)
FNDA:1,(anonymous_13)
FNDA:1,(anonymous_14)
FNDA:1,(anonymous_15)
FNDA:0,(anonymous_16)
FNDA:1,(anonymous_17)
FNDA:1,(anonymous_18)
FNDA:1,(anonymous_19)
FNDA:0,(anonymous_20)
FNDA:1,(anonymous_21)
FNDA:1,(anonymous_22)
FNDA:1,(anonymous_23)
FNDA:0,(anonymous_24)
FNDA:1,(anonymous_25)
FNDA:1,(anonymous_26)
FNDA:1,(anonymous_27)
FNDA:0,(anonymous_28)
FNDA:1,(anonymous_29)
DA:1,1
DA:3,1
DA:5,1
DA:7,1
DA:8,1
DA:9,1
DA:12,0
DA:13,0
DA:16,1
DA:17,1
DA:22,1
DA:23,1
DA:24,1
DA:27,0
DA:28,0
DA:31,1
DA:32,1
DA:37,1
DA:38,1
DA:39,1
DA:42,0
DA:43,0
DA:46,1
DA:47,1
DA:53,1
DA:54,1
DA:55,1
DA:58,0
DA:59,0
DA:62,1
DA:63,1
DA:67,1
DA:69,1
DA:70,1
DA:81,0
DA:82,0
DA:85,1
DA:86,1
DA:92,1
DA:93,1
DA:94,1
DA:97,0
DA:98,0
DA:101,1
DA:102,1
DA:108,1
DA:109,1
DA:110,1
DA:113,0
DA:114,0
DA:117,1
DA:118,1
LF:52
LH:38
BRF:0
BRH:0
end_of_record
TN:
SF:C:\Users\Admin\My projects\ProjectManager\api\server.js
FN:29,(anonymous_1)
FNF:1
FNH:1
FNDA:1,(anonymous_1)
DA:1,1
DA:6,1
DA:7,1
DA:9,1
DA:10,1
DA:11,1
DA:13,1
DA:14,1
DA:15,1
DA:16,0
DA:19,1
DA:20,1
DA:21,1
DA:22,1
DA:23,1
DA:24,1
DA:25,1
DA:27,1
DA:29,1
DA:30,1
DA:33,1
LF:21
LH:20
BRDA:27,1,0,1
BRDA:27,1,1,1
BRF:2
BRH:2
end_of_record
TN:
SF:C:\Users\Admin\My projects\ProjectManager\api\DB.js
FNF:0
FNH:0
DA:1,1
LF:1
LH:1
BRF:0
BRH:0
end_of_record
TN:
SF:C:\Users\Admin\My projects\ProjectManager\api\logger.js
FNF:0
FNH:0
DA:1,1
DA:2,1
DA:3,1
DA:4,1
LF:4
LH:4
BRF:0
BRH:0
end_of_record
TN:
SF:C:\Users\Admin\My projects\ProjectManager\api\routes\task.routes.js
FN:12,(anonymous_1)
FN:27,(anonymous_2)
FN:28,(anonymous_3)
FN:40,(anonymous_4)
FN:51,(anonymous_5)
FN:53,(anonymous_6)
FN:67,(anonymous_7)
FN:68,(anonymous_8)
FN:93,(anonymous_9)
FN:94,(anonymous_10)
FN:113,(anonymous_11)
FN:114,(anonymous_12)
FN:126,(anonymous_13)
FN:169,(anonymous_14)
FN:171,(anonymous_15)
FNF:15
FNH:0
FNDA:0,(anonymous_1)
FNDA:0,(anonymous_2)
FNDA:0,(anonymous_3)
FNDA:0,(anonymous_4)
FNDA:0,(anonymous_5)
FNDA:0,(anonymous_6)
FNDA:0,(anonymous_7)
FNDA:0,(anonymous_8)
FNDA:0,(anonymous_9)
FNDA:0,(anonymous_10)
FNDA:0,(anonymous_11)
FNDA:0,(anonymous_12)
FNDA:0,(anonymous_13)
FNDA:0,(anonymous_14)
FNDA:0,(anonymous_15)
DA:3,1
DA:4,1
DA:5,1
DA:8,1
DA:12,1
DA:13,0
DA:14,0
DA:16,0
DA:19,0
DA:27,1
DA:28,0
DA:29,0
DA:30,0
DA:33,0
DA:40,1
DA:41,0
DA:43,0
DA:46,0
DA:51,1
DA:52,0
DA:53,0
DA:54,0
DA:56,0
DA:59,0
DA:67,1
DA:68,0
DA:69,0
DA:70,0
DA:72,0
DA:73,0
DA:74,0
DA:75,0
DA:76,0
DA:80,0
DA:82,0
DA:85,0
DA:93,1
DA:94,0
DA:95,0
DA:96,0
DA:99,0
DA:101,0
DA:103,0
DA:106,0
DA:113,1
DA:114,0
DA:115,0
DA:116,0
DA:117,0
DA:119,0
DA:126,1
DA:127,0
DA:128,0
DA:129,0
DA:131,0
DA:134,0
DA:136,0
DA:137,0
DA:139,0
DA:142,0
DA:145,0
DA:146,0
DA:148,0
DA:151,0
DA:155,0
DA:157,0
DA:160,0
DA:169,1
DA:171,0
DA:172,0
DA:173,0
DA:176,0
DA:181,1
LF:73
LH:14
BRDA:29,1,0,0
BRDA:29,1,1,0
BRDA:54,2,0,0
BRDA:54,2,1,0
BRDA:69,3,0,0
BRDA:69,3,1,0
BRDA:95,4,0,0
BRDA:95,4,1,0
BRDA:115,5,0,0
BRDA:115,5,1,0
BRDA:128,6,0,0
BRDA:128,6,1,0
BRDA:136,7,0,0
BRDA:136,7,1,0
BRDA:145,8,0,0
BRDA:145,8,1,0
BRDA:172,9,0,0
BRDA:172,9,1,0
BRF:18
BRH:0
end_of_record
TN:
SF:C:\Users\Admin\My projects\ProjectManager\api\models\task.js
FNF:0
FNH:0
DA:1,1
DA:2,1
DA:5,1
DA:24,1
LF:4
LH:4
BRF:0
BRH:0
end_of_record
TN:
SF:C:\Users\Admin\My projects\ProjectManager\api\routes\user.routes.js
FN:10,(anonymous_1)
FN:22,(anonymous_2)
FN:23,(anonymous_3)
FN:34,(anonymous_4)
FN:36,(anonymous_5)
FN:49,(anonymous_6)
FN:50,(anonymous_7)
FN:69,(anonymous_8)
FN:70,(anonymous_9)
FN:79,(anonymous_10)
FNF:10
FNH:0
FNDA:0,(anonymous_1)
FNDA:0,(anonymous_2)
FNDA:0,(anonymous_3)
FNDA:0,(anonymous_4)
FNDA:0,(anonymous_5)
FNDA:0,(anonymous_6)
FNDA:0,(anonymous_7)
FNDA:0,(anonymous_8)
FNDA:0,(anonymous_9)
FNDA:0,(anonymous_10)
DA:2,1
DA:3,1
DA:4,1
DA:7,1
DA:10,1
DA:11,0
DA:12,0
DA:14,0
DA:17,0
DA:22,1
DA:23,0
DA:24,0
DA:25,0
DA:28,0
DA:34,1
DA:35,0
DA:36,0
DA:37,0
DA:38,0
DA:41,0
DA:49,1
DA:50,0
DA:51,0
DA:52,0
DA:54,0
DA:55,0
DA:56,0
DA:57,0
DA:59,0
DA:62,0
DA:69,1
DA:70,0
DA:71,0
DA:72,0
DA:73,0
DA:75,0
DA:79,1
DA:80,0
DA:81,0
DA:82,0
DA:84,0
DA:87,0
DA:89,0
DA:90,0
DA:92,0
DA:95,0
DA:99,0
DA:101,0
DA:104,0
DA:109,1
LF:50
LH:11
BRDA:24,1,0,0
BRDA:24,1,1,0
BRDA:37,2,0,0
BRDA:37,2,1,0
BRDA:51,3,0,0
BRDA:51,3,1,0
BRDA:71,4,0,0
BRDA:71,4,1,0
BRDA:81,5,0,0
BRDA:81,5,1,0
BRDA:89,6,0,0
BRDA:89,6,1,0
BRF:12
BRH:0
end_of_record
TN:
SF:C:\Users\Admin\My projects\ProjectManager\api\models\user.js
FNF:0
FNH:0
DA:1,1
DA:2,1
DA:5,1
DA:17,1
LF:4
LH:4
BRF:0
BRH:0
end_of_record
TN:
SF:C:\Users\Admin\My projects\ProjectManager\api\routes\project.routes.js
FN:11,(anonymous_1)
FN:23,(anonymous_2)
FN:24,(anonymous_3)
FN:42,(anonymous_4)
FN:43,(anonymous_5)
FN:54,(anonymous_6)
FN:56,(anonymous_7)
FN:70,(anonymous_8)
FN:71,(anonymous_9)
FN:93,(anonymous_10)
FN:94,(anonymous_11)
FN:103,(anonymous_12)
FNF:12
FNH:0
FNDA:0,(anonymous_1)
FNDA:0,(anonymous_2)
FNDA:0,(anonymous_3)
FNDA:0,(anonymous_4)
FNDA:0,(anonymous_5)
FNDA:0,(anonymous_6)
FNDA:0,(anonymous_7)
FNDA:0,(anonymous_8)
FNDA:0,(anonymous_9)
FNDA:0,(anonymous_10)
FNDA:0,(anonymous_11)
FNDA:0,(anonymous_12)
DA:3,1
DA:4,1
DA:5,1
DA:8,1
DA:11,1
DA:12,0
DA:13,0
DA:15,0
DA:18,0
DA:23,1
DA:24,0
DA:25,0
DA:26,0
DA:28,0
DA:29,0
DA:31,0
DA:34,0
DA:42,1
DA:43,0
DA:44,0
DA:45,0
DA:48,0
DA:54,1
DA:55,0
DA:56,0
DA:57,0
DA:59,0
DA:62,0
DA:70,1
DA:71,0
DA:72,0
DA:73,0
DA:75,0
DA:76,0
DA:77,0
DA:78,0
DA:79,0
DA:80,0
DA:82,0
DA:85,0
DA:93,1
DA:94,0
DA:95,0
DA:96,0
DA:97,0
DA:99,0
DA:103,1
DA:104,0
DA:105,0
DA:106,0
DA:108,0
DA:111,0
DA:113,0
DA:114,0
DA:116,0
DA:119,0
DA:122,0
DA:123,0
DA:125,0
DA:128,0
DA:132,0
DA:134,0
DA:137,0
DA:142,1
LF:64
LH:12
BRDA:25,1,0,0
BRDA:25,1,1,0
BRDA:44,2,0,0
BRDA:44,2,1,0
BRDA:57,3,0,0
BRDA:57,3,1,0
BRDA:72,4,0,0
BRDA:72,4,1,0
BRDA:95,5,0,0
BRDA:95,5,1,0
BRDA:105,6,0,0
BRDA:105,6,1,0
BRDA:113,7,0,0
BRDA:113,7,1,0
BRDA:122,8,0,0
BRDA:122,8,1,0
BRF:16
BRH:0
end_of_record
TN:
SF:C:\Users\Admin\My projects\ProjectManager\api\models\project.js
FNF:0
FNH:0
DA:1,1
DA:2,1
DA:5,1
DA:19,1
LF:4
LH:4
BRF:0
BRH:0
end_of_record
TN:
SF:C:\Users\Admin\My projects\ProjectManager\api\spec\task.spec.js
FN:5,(anonymous_1)
FN:7,(anonymous_2)
FN:8,(anonymous_3)
FN:11,(anonymous_4)
FN:15,(anonymous_5)
FN:22,(anonymous_6)
FN:23,(anonymous_7)
FN:26,(anonymous_8)
FN:30,(anonymous_9)
FN:37,(anonymous_10)
FN:38,(anonymous_11)
FN:41,(anonymous_12)
FN:45,(anonymous_13)
FN:52,(anonymous_14)
FN:53,(anonymous_15)
FN:56,(anonymous_16)
FN:60,(anonymous_17)
FN:67,(anonymous_18)
FN:68,(anonymous_19)
FN:71,(anonymous_20)
FN:75,(anonymous_21)
FN:83,(anonymous_22)
FN:85,(anonymous_23)
FN:97,(anonymous_24)
FN:101,(anonymous_25)
FN:108,(anonymous_26)
FN:110,(anonymous_27)
FN:113,(anonymous_28)
FN:117,(anonymous_29)
FN:124,(anonymous_30)
FN:127,(anonymous_31)
FN:131,(anonymous_32)
FN:140,(anonymous_33)
FN:141,(anonymous_34)
FN:144,(anonymous_35)
FN:148,(anonymous_36)
FN:153,(anonymous_37)
FN:165,(anonymous_38)
FN:169,(anonymous_39)
FN:176,(anonymous_40)
FN:177,(anonymous_41)
FN:180,(anonymous_42)
FN:184,(anonymous_43)
FN:192,(anonymous_44)
FN:193,(anonymous_45)
FN:199,(anonymous_46)
FN:203,(anonymous_47)
FNF:47
FNH:35
FNDA:1,(anonymous_1)
FNDA:1,(anonymous_2)
FNDA:1,(anonymous_3)
FNDA:0,(anonymous_4)
FNDA:1,(anonymous_5)
FNDA:1,(anonymous_6)
FNDA:1,(anonymous_7)
FNDA:0,(anonymous_8)
FNDA:1,(anonymous_9)
FNDA:1,(anonymous_10)
FNDA:1,(anonymous_11)
FNDA:0,(anonymous_12)
FNDA:1,(anonymous_13)
FNDA:1,(anonymous_14)
FNDA:1,(anonymous_15)
FNDA:0,(anonymous_16)
FNDA:1,(anonymous_17)
FNDA:1,(anonymous_18)
FNDA:1,(anonymous_19)
FNDA:0,(anonymous_20)
FNDA:1,(anonymous_21)
FNDA:1,(anonymous_22)
FNDA:1,(anonymous_23)
FNDA:0,(anonymous_24)
FNDA:1,(anonymous_25)
FNDA:1,(anonymous_26)
FNDA:1,(anonymous_27)
FNDA:0,(anonymous_28)
FNDA:1,(anonymous_29)
FNDA:1,(anonymous_30)
FNDA:0,(anonymous_31)
FNDA:1,(anonymous_32)
FNDA:1,(anonymous_33)
FNDA:1,(anonymous_34)
FNDA:0,(anonymous_35)
FNDA:1,(anonymous_36)
FNDA:1,(anonymous_37)
FNDA:0,(anonymous_38)
FNDA:1,(anonymous_39)
FNDA:1,(anonymous_40)
FNDA:1,(anonymous_41)
FNDA:0,(anonymous_42)
FNDA:1,(anonymous_43)
FNDA:1,(anonymous_44)
FNDA:1,(anonymous_45)
FNDA:0,(anonymous_46)
FNDA:1,(anonymous_47)
DA:1,1
DA:3,1
DA:5,1
DA:7,1
DA:8,1
DA:9,1
DA:12,0
DA:13,0
DA:16,1
DA:17,1
DA:22,1
DA:23,1
DA:24,1
DA:27,0
DA:28,0
DA:31,1
DA:32,1
DA:37,1
DA:38,1
DA:39,1
DA:42,0
DA:43,0
DA:46,1
DA:47,1
DA:52,1
DA:53,1
DA:54,1
DA:57,0
DA:58,0
DA:61,1
DA:62,1
DA:67,1
DA:68,1
DA:69,1
DA:72,0
DA:73,0
DA:76,1
DA:77,1
DA:83,1
DA:85,1
DA:86,1
DA:98,0
DA:99,0
DA:102,1
DA:103,1
DA:108,1
DA:110,1
DA:111,1
DA:114,0
DA:115,0
DA:118,1
DA:119,1
DA:124,1
DA:125,1
DA:128,0
DA:129,0
DA:132,1
DA:133,1
DA:140,1
DA:141,1
DA:142,1
DA:145,0
DA:146,0
DA:149,1
DA:150,1
DA:153,1
DA:154,1
DA:166,0
DA:167,0
DA:170,1
DA:171,1
DA:176,1
DA:177,1
DA:178,1
DA:181,0
DA:182,0
DA:185,1
DA:186,1
DA:192,1
DA:193,1
DA:194,1
DA:200,0
DA:201,0
DA:204,1
DA:205,1
LF:85
LH:61
BRF:0
BRH:0
end_of_record
TN:
SF:C:\Users\Admin\My projects\ProjectManager\api\spec\user.spec.js
FN:5,(anonymous_1)
FN:7,(anonymous_2)
FN:8,(anonymous_3)
FN:11,(anonymous_4)
FN:15,(anonymous_5)
FN:22,(anonymous_6)
FN:23,(anonymous_7)
FN:26,(anonymous_8)
FN:30,(anonymous_9)
FN:36,(anonymous_10)
FN:39,(anonymous_11)
FN:43,(anonymous_12)
FN:50,(anonymous_13)
FN:51,(anonymous_14)
FN:54,(anonymous_15)
FN:58,(anonymous_16)
FN:65,(anonymous_17)
FN:67,(anonymous_18)
FN:75,(anonymous_19)
FN:79,(anonymous_20)
FN:87,(anonymous_21)
FN:89,(anonymous_22)
FN:97,(anonymous_23)
FN:101,(anonymous_24)
FN:110,(anonymous_25)
FN:111,(anonymous_26)
FN:114,(anonymous_27)
FN:118,(anonymous_28)
FN:125,(anonymous_29)
FN:127,(anonymous_30)
FN:130,(anonymous_31)
FN:134,(anonymous_32)
FN:140,(anonymous_33)
FN:143,(anonymous_34)
FN:147,(anonymous_35)
FN:154,(anonymous_36)
FN:155,(anonymous_37)
FN:158,(anonymous_38)
FN:162,(anonymous_39)
FN:169,(anonymous_40)
FN:170,(anonymous_41)
FN:173,(anonymous_42)
FN:177,(anonymous_43)
FN:184,(anonymous_44)
FN:185,(anonymous_45)
FN:188,(anonymous_46)
FN:192,(anonymous_47)
FNF:47
FNH:35
FNDA:1,(anonymous_1)
FNDA:1,(anonymous_2)
FNDA:1,(anonymous_3)
FNDA:0,(anonymous_4)
FNDA:1,(anonymous_5)
FNDA:1,(anonymous_6)
FNDA:1,(anonymous_7)
FNDA:0,(anonymous_8)
FNDA:1,(anonymous_9)
FNDA:1,(anonymous_10)
FNDA:0,(anonymous_11)
FNDA:1,(anonymous_12)
FNDA:1,(anonymous_13)
FNDA:1,(anonymous_14)
FNDA:0,(anonymous_15)
FNDA:1,(anonymous_16)
FNDA:1,(anonymous_17)
FNDA:1,(anonymous_18)
FNDA:0,(anonymous_19)
FNDA:1,(anonymous_20)
FNDA:1,(anonymous_21)
FNDA:1,(anonymous_22)
FNDA:0,(anonymous_23)
FNDA:1,(anonymous_24)
FNDA:1,(anonymous_25)
FNDA:1,(anonymous_26)
FNDA:0,(anonymous_27)
FNDA:1,(anonymous_28)
FNDA:1,(anonymous_29)
FNDA:1,(anonymous_30)
FNDA:0,(anonymous_31)
FNDA:1,(anonymous_32)
FNDA:1,(anonymous_33)
FNDA:0,(anonymous_34)
FNDA:1,(anonymous_35)
FNDA:1,(anonymous_36)
FNDA:1,(anonymous_37)
FNDA:0,(anonymous_38)
FNDA:1,(anonymous_39)
FNDA:1,(anonymous_40)
FNDA:1,(anonymous_41)
FNDA:0,(anonymous_42)
FNDA:1,(anonymous_43)
FNDA:1,(anonymous_44)
FNDA:1,(anonymous_45)
FNDA:0,(anonymous_46)
FNDA:1,(anonymous_47)
DA:1,1
DA:3,1
DA:5,1
DA:7,1
DA:8,1
DA:9,1
DA:12,0
DA:13,0
DA:16,1
DA:17,1
DA:22,1
DA:23,1
DA:24,1
DA:27,0
DA:28,0
DA:31,1
DA:32,1
DA:36,1
DA:37,1
DA:40,0
DA:41,0
DA:44,1
DA:45,1
DA:50,1
DA:51,1
DA:52,1
DA:55,0
DA:56,0
DA:59,1
DA:60,1
DA:65,1
DA:67,1
DA:68,1
DA:76,0
DA:77,0
DA:80,1
DA:81,1
DA:87,1
DA:89,1
DA:90,1
DA:98,0
DA:99,0
DA:102,1
DA:103,1
DA:110,1
DA:111,1
DA:112,1
DA:115,0
DA:116,0
DA:119,1
DA:120,1
DA:125,1
DA:127,1
DA:128,1
DA:131,0
DA:132,0
DA:135,1
DA:136,1
DA:140,1
DA:141,1
DA:144,0
DA:145,0
DA:148,1
DA:149,1
DA:154,1
DA:155,1
DA:156,1
DA:159,0
DA:160,0
DA:163,1
DA:164,1
DA:169,1
DA:170,1
DA:171,1
DA:174,0
DA:175,0
DA:178,1
DA:179,1
DA:184,1
DA:185,1
DA:186,1
DA:189,0
DA:190,0
DA:193,1
DA:194,1
LF:85
LH:61
BRF:0
BRH:0
end_of_record
